#
# There is insufficient memory for the Java Runtime Environment to continue.
# Native memory allocation (mmap) failed to map 364904448 bytes for G1 virtual space
# Possible reasons:
#   The system is out of physical RAM or swap space
#   The process is running with CompressedOops enabled, and the Java Heap may be blocking the growth of the native heap
# Possible solutions:
#   Reduce memory load on the system
#   Increase physical memory or swap space
#   Check if swap backing store is full
#   Decrease Java heap size (-Xmx/-Xms)
#   Decrease number of Java threads
#   Decrease Java thread stack sizes (-Xss)
#   Set larger code cache with -XX:ReservedCodeCacheSize=
#   JVM is running with Zero Based Compressed Oops mode in which the Java heap is
#     placed in the first 32GB address space. The Java Heap base address is the
#     maximum limit for the native heap growth. Please use -XX:HeapBaseMinAddress
#     to set the Java Heap base and to place the Java Heap above 32GB virtual address.
# This output file may be truncated or incomplete.
#
#  Out of Memory Error (os_windows.cpp:3532), pid=11876, tid=18108
#
# JRE version: OpenJDK Runtime Environment Temurin-17.0.2+8 (17.0.2+8) (build 17.0.2+8)
# Java VM: OpenJDK 64-Bit Server VM Temurin-17.0.2+8 (17.0.2+8, mixed mode, tiered, compressed oops, compressed class ptrs, g1 gc, windows-amd64)
# No core dump will be written. Minidumps are not enabled by default on client versions of Windows
#

---------------  S U M M A R Y ------------

Command Line: -Dfile.encoding=Cp1252 --module-path=C:\Users\ojtab\Desktop\CS_102\project2\bin -XX:+ShowCodeDetailsInExceptionMessages -Djdk.module.main=project2 project2/project2.NYCStreetTrees

Host: 12th Gen Intel(R) Core(TM) i7-12700KF, 20 cores, 31G,  Windows 11 , 64 bit Build 22000 (10.0.22000.708)
Time: Thu Oct 20 20:19:03 2022 Eastern Daylight Time elapsed time: 3.237534 seconds (0d 0h 0m 3s)

---------------  T H R E A D  ---------------

Current thread (0x000001c92206dbf0):  VMThread "VM Thread" [stack: 0x000000a9e8e00000,0x000000a9e8f00000] [id=18108]

Stack: [0x000000a9e8e00000,0x000000a9e8f00000]
Native frames: (J=compiled Java code, j=interpreted, Vv=VM code, C=native code)
V  [jvm.dll+0x67564a]
V  [jvm.dll+0x82fc04]
V  [jvm.dll+0x8313ae]
V  [jvm.dll+0x831a13]
V  [jvm.dll+0x245235]
V  [jvm.dll+0x672539]
V  [jvm.dll+0x666e82]
V  [jvm.dll+0x30401b]
V  [jvm.dll+0x30b566]
V  [jvm.dll+0x35b1fe]
V  [jvm.dll+0x35b42f]
V  [jvm.dll+0x2daf58]
V  [jvm.dll+0x2ddfe6]
V  [jvm.dll+0x2e8698]
V  [jvm.dll+0x31c830]
V  [jvm.dll+0x835ebb]
V  [jvm.dll+0x836bf4]
V  [jvm.dll+0x83710c]
V  [jvm.dll+0x8374e4]
V  [jvm.dll+0x8375b0]
V  [jvm.dll+0x7dff2a]
V  [jvm.dll+0x6744d5]
C  [ucrtbase.dll+0x26c0c]
C  [KERNEL32.DLL+0x154e0]
C  [ntdll.dll+0x485b]

VM_Operation (0x000000a9e8affa40): G1Concurrent, mode: safepoint, requested by thread 0x000001c9783ac8b0


---------------  P R O C E S S  ---------------

Threads class SMR info:
_java_thread_list=0x000001c92250a750, length=16, elements={
0x000001c97831f5d0, 0x000001c9220310e0, 0x000001c9220321b0, 0x000001c92209c5b0,
0x000001c92209d680, 0x000001c9220b73f0, 0x000001c9220ba1c0, 0x000001c9220c3ec0,
0x000001c9220c55f0, 0x000001c9220de3d0, 0x000001c92220ef00, 0x000001c922301880,
0x000001c922301d90, 0x000001c922373660, 0x000001c922610d90, 0x000001c9226da060
}

Java Threads: ( => current thread )
  0x000001c97831f5d0 JavaThread "main" [_thread_blocked, id=20616, stack(0x000000a9e8800000,0x000000a9e8900000)]
  0x000001c9220310e0 JavaThread "Reference Handler" daemon [_thread_blocked, id=8908, stack(0x000000a9e8f00000,0x000000a9e9000000)]
  0x000001c9220321b0 JavaThread "Finalizer" daemon [_thread_blocked, id=2204, stack(0x000000a9e9000000,0x000000a9e9100000)]
  0x000001c92209c5b0 JavaThread "Signal Dispatcher" daemon [_thread_blocked, id=18656, stack(0x000000a9e9100000,0x000000a9e9200000)]
  0x000001c92209d680 JavaThread "Attach Listener" daemon [_thread_blocked, id=22796, stack(0x000000a9e9200000,0x000000a9e9300000)]
  0x000001c9220b73f0 JavaThread "Service Thread" daemon [_thread_blocked, id=23868, stack(0x000000a9e9300000,0x000000a9e9400000)]
  0x000001c9220ba1c0 JavaThread "Monitor Deflation Thread" daemon [_thread_blocked, id=9612, stack(0x000000a9e9400000,0x000000a9e9500000)]
  0x000001c9220c3ec0 JavaThread "C2 CompilerThread0" daemon [_thread_blocked, id=28752, stack(0x000000a9e9500000,0x000000a9e9600000)]
  0x000001c9220c55f0 JavaThread "C1 CompilerThread0" daemon [_thread_blocked, id=2160, stack(0x000000a9e9600000,0x000000a9e9700000)]
  0x000001c9220de3d0 JavaThread "Sweeper thread" daemon [_thread_blocked, id=2980, stack(0x000000a9e9700000,0x000000a9e9800000)]
  0x000001c92220ef00 JavaThread "Common-Cleaner" daemon [_thread_blocked, id=15760, stack(0x000000a9e9800000,0x000000a9e9900000)]
  0x000001c922301880 JavaThread "C1 CompilerThread1" daemon [_thread_blocked, id=28376, stack(0x000000a9e9900000,0x000000a9e9a00000)]
  0x000001c922301d90 JavaThread "C1 CompilerThread2" daemon [_thread_blocked, id=31268, stack(0x000000a9e9a00000,0x000000a9e9b00000)]
  0x000001c922373660 JavaThread "Notification Thread" daemon [_thread_blocked, id=30808, stack(0x000000a9e9c00000,0x000000a9e9d00000)]
  0x000001c922610d90 JavaThread "C2 CompilerThread1" daemon [_thread_blocked, id=15696, stack(0x000000a9e9b00000,0x000000a9e9c00000)]
  0x000001c9226da060 JavaThread "C2 CompilerThread2" daemon [_thread_blocked, id=32000, stack(0x000000a9ea900000,0x000000a9eaa00000)]

Other Threads:
=>0x000001c92206dbf0 VMThread "VM Thread" [stack: 0x000000a9e8e00000,0x000000a9e8f00000] [id=18108]
  0x000001c922321470 WatcherThread [stack: 0x000000a9e9d00000,0x000000a9e9e00000] [id=22604]
  0x000001c97839ba70 GCTaskThread "GC Thread#0" [stack: 0x000000a9e8900000,0x000000a9e8a00000] [id=7164]
  0x000001c922389120 GCTaskThread "GC Thread#1" [stack: 0x000000a9e9e00000,0x000000a9e9f00000] [id=27016]
  0x000001c9223893d0 GCTaskThread "GC Thread#2" [stack: 0x000000a9e9f00000,0x000000a9ea000000] [id=31420]
  0x000001c922389680 GCTaskThread "GC Thread#3" [stack: 0x000000a9ea000000,0x000000a9ea100000] [id=19580]
  0x000001c9223fc200 GCTaskThread "GC Thread#4" [stack: 0x000000a9ea100000,0x000000a9ea200000] [id=1524]
  0x000001c9223fcac0 GCTaskThread "GC Thread#5" [stack: 0x000000a9ea200000,0x000000a9ea300000] [id=20568]
  0x000001c92253af90 GCTaskThread "GC Thread#6" [stack: 0x000000a9ea300000,0x000000a9ea400000] [id=33384]
  0x000001c92253b240 GCTaskThread "GC Thread#7" [stack: 0x000000a9ea400000,0x000000a9ea500000] [id=1844]
  0x000001c92253bd10 GCTaskThread "GC Thread#8" [stack: 0x000000a9ea500000,0x000000a9ea600000] [id=22468]
  0x000001c92253bfc0 GCTaskThread "GC Thread#9" [stack: 0x000000a9ea600000,0x000000a9ea700000] [id=27856]
  0x000001c92253eea0 GCTaskThread "GC Thread#10" [stack: 0x000000a9ea700000,0x000000a9ea800000] [id=17116]
  0x000001c922540570 GCTaskThread "GC Thread#11" [stack: 0x000000a9ea800000,0x000000a9ea900000] [id=26160]
  0x000001c9225c25d0 GCTaskThread "GC Thread#12" [stack: 0x000000a9eac00000,0x000000a9ead00000] [id=29668]
  0x000001c9225cca70 GCTaskThread "GC Thread#13" [stack: 0x000000a9ead00000,0x000000a9eae00000] [id=15136]
  0x000001c922541350 GCTaskThread "GC Thread#14" [stack: 0x000000a9eae00000,0x000000a9eaf00000] [id=32708]
  0x000001c9783ac8b0 ConcurrentGCThread "G1 Main Marker" [stack: 0x000000a9e8a00000,0x000000a9e8b00000] [id=25816]
  0x000001c9783adc30 ConcurrentGCThread "G1 Conc#0" [stack: 0x000000a9e8b00000,0x000000a9e8c00000] [id=1708]
  0x000001c9227b8da0 ConcurrentGCThread "G1 Conc#1" [stack: 0x000000a9eaa00000,0x000000a9eab00000] [id=33184]
  0x000001c9227b9050 ConcurrentGCThread "G1 Conc#2" [stack: 0x000000a9eab00000,0x000000a9eac00000] [id=9888]
  0x000001c9227b9860 ConcurrentGCThread "G1 Conc#3" [stack: 0x000000a9eaf00000,0x000000a9eb000000] [id=21844]
  0x000001c9216055b0 ConcurrentGCThread "G1 Refine#0" [stack: 0x000000a9e8c00000,0x000000a9e8d00000] [id=17012]
  0x000001c921605d70 ConcurrentGCThread "G1 Service" [stack: 0x000000a9e8d00000,0x000000a9e8e00000] [id=33400]

Threads with active compile tasks:

VM state: at safepoint (normal execution)

VM Mutex/Monitor currently owned by a thread:  ([mutex/lock_event])
[0x000001c97831a480] Threads_lock - owner thread: 0x000001c92206dbf0
[0x000001c97831b200] Heap_lock - owner thread: 0x000001c9783ac8b0

Heap address: 0x0000000602000000, size: 8160 MB, Compressed Oops mode: Zero based, Oop shift amount: 3

CDS archive(s) not mapped
Compressed class space mapped at: 0x0000000800000000-0x0000000840000000, reserved size: 1073741824
Narrow klass base: 0x0000000800000000, Narrow klass shift: 0, Narrow klass range: 0x40000000

GC Precious Log:
 CPUs: 20 total, 20 available
 Memory: 32627M
 Large Page Support: Disabled
 NUMA Support: Disabled
 Compressed Oops: Enabled (Zero based)
 Heap Region Size: 4M
 Heap Min Capacity: 8M
 Heap Initial Capacity: 512M
 Heap Max Capacity: 8160M
 Pre-touch: Disabled
 Parallel Workers: 15
 Concurrent Workers: 4
 Concurrent Refinement Workers: 15
 Periodic GC: Disabled

Heap:
 garbage-first heap   total 1761280K, used 1263014K [0x0000000602000000, 0x0000000800000000)
  region size 4096K, 31 young (126976K), 9 survivors (36864K)
 Metaspace       used 7492K, committed 7680K, reserved 1056768K
  class space    used 654K, committed 768K, reserved 1048576K

Heap Regions: E=young(eden), S=young(survivor), O=old, HS=humongous(starts), HC=humongous(continues), CS=collection set, F=free, OA=open archive, CA=closed archive, TAMS=top-at-mark-start (previous, next)
|   0|0x0000000602000000, 0x0000000602400000, 0x0000000602400000|100%|HS|  |TAMS 0x0000000602400000, 0x0000000602000000| Complete 
|   1|0x0000000602400000, 0x0000000602800000, 0x0000000602800000|100%|HC|  |TAMS 0x0000000602800000, 0x0000000602400000| Complete 
|   2|0x0000000602800000, 0x0000000602c00000, 0x0000000602c00000|100%|HC|  |TAMS 0x0000000602c00000, 0x0000000602800000| Complete 
|   3|0x0000000602c00000, 0x0000000603000000, 0x0000000603000000|100%|HC|  |TAMS 0x0000000603000000, 0x0000000602c00000| Complete 
|   4|0x0000000603000000, 0x0000000603400000, 0x0000000603400000|100%|HC|  |TAMS 0x0000000603400000, 0x0000000603000000| Complete 
|   5|0x0000000603400000, 0x0000000603800000, 0x0000000603800000|100%|HC|  |TAMS 0x0000000603800000, 0x0000000603400000| Complete 
|   6|0x0000000603800000, 0x0000000603c00000, 0x0000000603c00000|100%|HC|  |TAMS 0x0000000603c00000, 0x0000000603800000| Complete 
|   7|0x0000000603c00000, 0x0000000604000000, 0x0000000604000000|100%|HC|  |TAMS 0x0000000604000000, 0x0000000603c00000| Complete 
|   8|0x0000000604000000, 0x0000000604400000, 0x0000000604400000|100%|HC|  |TAMS 0x0000000604400000, 0x0000000604000000| Complete 
|   9|0x0000000604400000, 0x0000000604800000, 0x0000000604800000|100%|HC|  |TAMS 0x0000000604800000, 0x0000000604400000| Complete 
|  10|0x0000000604800000, 0x0000000604c00000, 0x0000000604c00000|100%|HC|  |TAMS 0x0000000604c00000, 0x0000000604800000| Complete 
|  11|0x0000000604c00000, 0x0000000605000000, 0x0000000605000000|100%|HC|  |TAMS 0x0000000605000000, 0x0000000604c00000| Complete 
|  12|0x0000000605000000, 0x0000000605400000, 0x0000000605400000|100%|HC|  |TAMS 0x0000000605400000, 0x0000000605000000| Complete 
|  13|0x0000000605400000, 0x0000000605800000, 0x0000000605800000|100%|HC|  |TAMS 0x0000000605800000, 0x0000000605400000| Complete 
|  14|0x0000000605800000, 0x0000000605c00000, 0x0000000605c00000|100%|HC|  |TAMS 0x0000000605c00000, 0x0000000605800000| Complete 
|  15|0x0000000605c00000, 0x0000000606000000, 0x0000000606000000|100%|HC|  |TAMS 0x0000000606000000, 0x0000000605c00000| Complete 
|  16|0x0000000606000000, 0x0000000606400000, 0x0000000606400000|100%|HC|  |TAMS 0x0000000606400000, 0x0000000606000000| Complete 
|  17|0x0000000606400000, 0x0000000606800000, 0x0000000606800000|100%|HC|  |TAMS 0x0000000606800000, 0x0000000606400000| Complete 
|  18|0x0000000606800000, 0x0000000606c00000, 0x0000000606c00000|100%|HC|  |TAMS 0x0000000606c00000, 0x0000000606800000| Complete 
|  19|0x0000000606c00000, 0x0000000607000000, 0x0000000607000000|100%|HC|  |TAMS 0x0000000607000000, 0x0000000606c00000| Complete 
|  20|0x0000000607000000, 0x0000000607400000, 0x0000000607400000|100%|HC|  |TAMS 0x0000000607400000, 0x0000000607000000| Complete 
|  21|0x0000000607400000, 0x0000000607800000, 0x0000000607800000|100%|HC|  |TAMS 0x0000000607800000, 0x0000000607400000| Complete 
|  22|0x0000000607800000, 0x0000000607c00000, 0x0000000607c00000|100%|HC|  |TAMS 0x0000000607c00000, 0x0000000607800000| Complete 
|  23|0x0000000607c00000, 0x0000000608000000, 0x0000000608000000|100%|HC|  |TAMS 0x0000000608000000, 0x0000000607c00000| Complete 
|  24|0x0000000608000000, 0x0000000608400000, 0x0000000608400000|100%|HC|  |TAMS 0x0000000608400000, 0x0000000608000000| Complete 
|  25|0x0000000608400000, 0x0000000608800000, 0x0000000608800000|100%|HC|  |TAMS 0x0000000608800000, 0x0000000608400000| Complete 
|  26|0x0000000608800000, 0x0000000608c00000, 0x0000000608c00000|100%|HC|  |TAMS 0x0000000608c00000, 0x0000000608800000| Complete 
|  27|0x0000000608c00000, 0x0000000609000000, 0x0000000609000000|100%|HC|  |TAMS 0x0000000609000000, 0x0000000608c00000| Complete 
|  28|0x0000000609000000, 0x0000000609400000, 0x0000000609400000|100%|HC|  |TAMS 0x0000000609400000, 0x0000000609000000| Complete 
|  29|0x0000000609400000, 0x0000000609800000, 0x0000000609800000|100%|HC|  |TAMS 0x0000000609800000, 0x0000000609400000| Complete 
|  30|0x0000000609800000, 0x0000000609c00000, 0x0000000609c00000|100%|HC|  |TAMS 0x0000000609c00000, 0x0000000609800000| Complete 
|  31|0x0000000609c00000, 0x000000060a000000, 0x000000060a000000|100%|HC|  |TAMS 0x000000060a000000, 0x0000000609c00000| Complete 
|  32|0x000000060a000000, 0x000000060a400000, 0x000000060a400000|100%|HC|  |TAMS 0x000000060a400000, 0x000000060a000000| Complete 
|  33|0x000000060a400000, 0x000000060a800000, 0x000000060a800000|100%|HC|  |TAMS 0x000000060a800000, 0x000000060a400000| Complete 
|  34|0x000000060a800000, 0x000000060ac00000, 0x000000060ac00000|100%|HC|  |TAMS 0x000000060ac00000, 0x000000060a800000| Complete 
|  35|0x000000060ac00000, 0x000000060b000000, 0x000000060b000000|100%|HC|  |TAMS 0x000000060b000000, 0x000000060ac00000| Complete 
|  36|0x000000060b000000, 0x000000060b400000, 0x000000060b400000|100%|HC|  |TAMS 0x000000060b400000, 0x000000060b000000| Complete 
|  37|0x000000060b400000, 0x000000060b800000, 0x000000060b800000|100%|HC|  |TAMS 0x000000060b800000, 0x000000060b400000| Complete 
|  38|0x000000060b800000, 0x000000060bc00000, 0x000000060bc00000|100%|HC|  |TAMS 0x000000060bc00000, 0x000000060b800000| Complete 
|  39|0x000000060bc00000, 0x000000060c000000, 0x000000060c000000|100%|HC|  |TAMS 0x000000060c000000, 0x000000060bc00000| Complete 
|  40|0x000000060c000000, 0x000000060c400000, 0x000000060c400000|100%|HC|  |TAMS 0x000000060c400000, 0x000000060c000000| Complete 
|  41|0x000000060c400000, 0x000000060c800000, 0x000000060c800000|100%|HC|  |TAMS 0x000000060c800000, 0x000000060c400000| Complete 
|  42|0x000000060c800000, 0x000000060cc00000, 0x000000060cc00000|100%|HC|  |TAMS 0x000000060cc00000, 0x000000060c800000| Complete 
|  43|0x000000060cc00000, 0x000000060d000000, 0x000000060d000000|100%|HC|  |TAMS 0x000000060d000000, 0x000000060cc00000| Complete 
|  44|0x000000060d000000, 0x000000060d400000, 0x000000060d400000|100%|HC|  |TAMS 0x000000060d400000, 0x000000060d000000| Complete 
|  45|0x000000060d400000, 0x000000060d800000, 0x000000060d800000|100%|HC|  |TAMS 0x000000060d800000, 0x000000060d400000| Complete 
|  46|0x000000060d800000, 0x000000060dc00000, 0x000000060dc00000|100%|HC|  |TAMS 0x000000060dc00000, 0x000000060d800000| Complete 
|  47|0x000000060dc00000, 0x000000060e000000, 0x000000060e000000|100%|HC|  |TAMS 0x000000060e000000, 0x000000060dc00000| Complete 
|  48|0x000000060e000000, 0x000000060e400000, 0x000000060e400000|100%|HC|  |TAMS 0x000000060e400000, 0x000000060e000000| Complete 
|  49|0x000000060e400000, 0x000000060e800000, 0x000000060e800000|100%|HC|  |TAMS 0x000000060e800000, 0x000000060e400000| Complete 
|  50|0x000000060e800000, 0x000000060ec00000, 0x000000060ec00000|100%|HC|  |TAMS 0x000000060ec00000, 0x000000060e800000| Complete 
|  51|0x000000060ec00000, 0x000000060f000000, 0x000000060f000000|100%|HC|  |TAMS 0x000000060f000000, 0x000000060ec00000| Complete 
|  52|0x000000060f000000, 0x000000060f400000, 0x000000060f400000|100%|HC|  |TAMS 0x000000060f400000, 0x000000060f000000| Complete 
|  53|0x000000060f400000, 0x000000060f800000, 0x000000060f800000|100%| O|  |TAMS 0x000000060f800000, 0x000000060f400000| Untracked 
|  54|0x000000060f800000, 0x000000060fc00000, 0x000000060fc00000|100%| O|  |TAMS 0x000000060fc00000, 0x000000060f800000| Untracked 
|  55|0x000000060fc00000, 0x0000000610000000, 0x0000000610000000|100%| O|  |TAMS 0x0000000610000000, 0x000000060fc00000| Untracked 
|  56|0x0000000610000000, 0x0000000610400000, 0x0000000610400000|100%| O|  |TAMS 0x0000000610400000, 0x0000000610000000| Untracked 
|  57|0x0000000610400000, 0x0000000610800000, 0x0000000610800000|100%| O|  |TAMS 0x0000000610800000, 0x0000000610400000| Untracked 
|  58|0x0000000610800000, 0x0000000610c00000, 0x0000000610c00000|100%| O|  |TAMS 0x0000000610c00000, 0x0000000610800000| Untracked 
|  59|0x0000000610c00000, 0x0000000611000000, 0x0000000611000000|100%| O|  |TAMS 0x0000000611000000, 0x0000000610c00000| Untracked 
|  60|0x0000000611000000, 0x0000000611400000, 0x0000000611400000|100%| O|  |TAMS 0x0000000611400000, 0x0000000611000000| Untracked 
|  61|0x0000000611400000, 0x0000000611800000, 0x0000000611800000|100%| O|  |TAMS 0x0000000611800000, 0x0000000611400000| Untracked 
|  62|0x0000000611800000, 0x0000000611c00000, 0x0000000611c00000|100%| O|  |TAMS 0x0000000611c00000, 0x0000000611800000| Untracked 
|  63|0x0000000611c00000, 0x0000000612000000, 0x0000000612000000|100%| O|  |TAMS 0x0000000612000000, 0x0000000611c00000| Untracked 
|  64|0x0000000612000000, 0x0000000612400000, 0x0000000612400000|100%| O|  |TAMS 0x0000000612400000, 0x0000000612000000| Untracked 
|  65|0x0000000612400000, 0x0000000612800000, 0x0000000612800000|100%| O|  |TAMS 0x0000000612800000, 0x0000000612400000| Untracked 
|  66|0x0000000612800000, 0x0000000612c00000, 0x0000000612c00000|100%| O|  |TAMS 0x0000000612c00000, 0x0000000612800000| Untracked 
|  67|0x0000000612c00000, 0x0000000613000000, 0x0000000613000000|100%| O|  |TAMS 0x0000000613000000, 0x0000000612c00000| Untracked 
|  68|0x0000000613000000, 0x0000000613400000, 0x0000000613400000|100%| O|  |TAMS 0x0000000613400000, 0x0000000613000000| Untracked 
|  69|0x0000000613400000, 0x0000000613800000, 0x0000000613800000|100%| O|  |TAMS 0x0000000613800000, 0x0000000613400000| Untracked 
|  70|0x0000000613800000, 0x0000000613c00000, 0x0000000613c00000|100%| O|  |TAMS 0x0000000613c00000, 0x0000000613800000| Untracked 
|  71|0x0000000613c00000, 0x0000000614000000, 0x0000000614000000|100%| O|  |TAMS 0x0000000614000000, 0x0000000613c00000| Untracked 
|  72|0x0000000614000000, 0x0000000614400000, 0x0000000614400000|100%| O|  |TAMS 0x0000000614400000, 0x0000000614000000| Untracked 
|  73|0x0000000614400000, 0x0000000614800000, 0x0000000614800000|100%| O|  |TAMS 0x0000000614800000, 0x0000000614400000| Untracked 
|  74|0x0000000614800000, 0x0000000614c00000, 0x0000000614c00000|100%| O|  |TAMS 0x0000000614c00000, 0x0000000614800000| Untracked 
|  75|0x0000000614c00000, 0x0000000615000000, 0x0000000615000000|100%| O|  |TAMS 0x0000000615000000, 0x0000000614c00000| Untracked 
|  76|0x0000000615000000, 0x0000000615400000, 0x0000000615400000|100%| O|  |TAMS 0x0000000615400000, 0x0000000615000000| Untracked 
|  77|0x0000000615400000, 0x0000000615800000, 0x0000000615800000|100%| O|  |TAMS 0x0000000615800000, 0x0000000615400000| Untracked 
|  78|0x0000000615800000, 0x0000000615c00000, 0x0000000615c00000|100%| O|  |TAMS 0x0000000615c00000, 0x0000000615800000| Untracked 
|  79|0x0000000615c00000, 0x0000000616000000, 0x0000000616000000|100%| O|  |TAMS 0x0000000616000000, 0x0000000615c00000| Untracked 
|  80|0x0000000616000000, 0x0000000616400000, 0x0000000616400000|100%| O|  |TAMS 0x0000000616400000, 0x0000000616000000| Untracked 
|  81|0x0000000616400000, 0x0000000616800000, 0x0000000616800000|100%| O|  |TAMS 0x0000000616800000, 0x0000000616400000| Untracked 
|  82|0x0000000616800000, 0x0000000616c00000, 0x0000000616c00000|100%| O|  |TAMS 0x0000000616c00000, 0x0000000616800000| Untracked 
|  83|0x0000000616c00000, 0x0000000617000000, 0x0000000617000000|100%| O|  |TAMS 0x0000000617000000, 0x0000000616c00000| Untracked 
|  84|0x0000000617000000, 0x0000000617400000, 0x0000000617400000|100%| O|  |TAMS 0x0000000617400000, 0x0000000617000000| Untracked 
|  85|0x0000000617400000, 0x0000000617800000, 0x0000000617800000|100%| O|  |TAMS 0x0000000617800000, 0x0000000617400000| Untracked 
|  86|0x0000000617800000, 0x0000000617c00000, 0x0000000617c00000|100%| O|  |TAMS 0x0000000617c00000, 0x0000000617800000| Untracked 
|  87|0x0000000617c00000, 0x0000000618000000, 0x0000000618000000|100%| O|  |TAMS 0x0000000618000000, 0x0000000617c00000| Updating 
|  88|0x0000000618000000, 0x0000000618400000, 0x0000000618400000|100%| O|  |TAMS 0x0000000618400000, 0x0000000618000000| Updating 
|  89|0x0000000618400000, 0x0000000618800000, 0x0000000618800000|100%| O|  |TAMS 0x0000000618800000, 0x0000000618400000| Untracked 
|  90|0x0000000618800000, 0x0000000618c00000, 0x0000000618c00000|100%| O|  |TAMS 0x0000000618c00000, 0x0000000618800000| Untracked 
|  91|0x0000000618c00000, 0x0000000619000000, 0x0000000619000000|100%| O|  |TAMS 0x0000000619000000, 0x0000000618c00000| Untracked 
|  92|0x0000000619000000, 0x0000000619400000, 0x0000000619400000|100%| O|  |TAMS 0x0000000619400000, 0x0000000619000000| Untracked 
|  93|0x0000000619400000, 0x0000000619800000, 0x0000000619800000|100%| O|  |TAMS 0x0000000619800000, 0x0000000619400000| Untracked 
|  94|0x0000000619800000, 0x0000000619c00000, 0x0000000619c00000|100%| O|  |TAMS 0x0000000619c00000, 0x0000000619800000| Untracked 
|  95|0x0000000619c00000, 0x000000061a000000, 0x000000061a000000|100%| O|  |TAMS 0x000000061a000000, 0x0000000619c00000| Untracked 
|  96|0x000000061a000000, 0x000000061a400000, 0x000000061a400000|100%| O|  |TAMS 0x000000061a400000, 0x000000061a000000| Updating 
|  97|0x000000061a400000, 0x000000061a800000, 0x000000061a800000|100%| O|  |TAMS 0x000000061a800000, 0x000000061a400000| Updating 
|  98|0x000000061a800000, 0x000000061ac00000, 0x000000061ac00000|100%| O|  |TAMS 0x000000061ac00000, 0x000000061a800000| Updating 
|  99|0x000000061ac00000, 0x000000061b000000, 0x000000061b000000|100%| O|  |TAMS 0x000000061b000000, 0x000000061ac00000| Untracked 
| 100|0x000000061b000000, 0x000000061b400000, 0x000000061b400000|100%| O|  |TAMS 0x000000061b400000, 0x000000061b000000| Untracked 
| 101|0x000000061b400000, 0x000000061b800000, 0x000000061b800000|100%| O|  |TAMS 0x000000061b800000, 0x000000061b400000| Untracked 
| 102|0x000000061b800000, 0x000000061bc00000, 0x000000061bc00000|100%| O|  |TAMS 0x000000061bc00000, 0x000000061b800000| Untracked 
| 103|0x000000061bc00000, 0x000000061c000000, 0x000000061c000000|100%| O|  |TAMS 0x000000061c000000, 0x000000061bc00000| Untracked 
| 104|0x000000061c000000, 0x000000061c400000, 0x000000061c400000|100%| O|  |TAMS 0x000000061c400000, 0x000000061c000000| Untracked 
| 105|0x000000061c400000, 0x000000061c800000, 0x000000061c800000|100%| O|  |TAMS 0x000000061c800000, 0x000000061c400000| Untracked 
| 106|0x000000061c800000, 0x000000061cc00000, 0x000000061cc00000|100%| O|  |TAMS 0x000000061cc00000, 0x000000061c800000| Untracked 
| 107|0x000000061cc00000, 0x000000061d000000, 0x000000061d000000|100%| O|  |TAMS 0x000000061d000000, 0x000000061cc00000| Untracked 
| 108|0x000000061d000000, 0x000000061d400000, 0x000000061d400000|100%| O|  |TAMS 0x000000061d400000, 0x000000061d000000| Untracked 
| 109|0x000000061d400000, 0x000000061d800000, 0x000000061d800000|100%| O|  |TAMS 0x000000061d800000, 0x000000061d400000| Updating 
| 110|0x000000061d800000, 0x000000061dc00000, 0x000000061dc00000|100%| O|  |TAMS 0x000000061dc00000, 0x000000061d800000| Untracked 
| 111|0x000000061dc00000, 0x000000061e000000, 0x000000061e000000|100%| O|  |TAMS 0x000000061e000000, 0x000000061dc00000| Untracked 
| 112|0x000000061e000000, 0x000000061e400000, 0x000000061e400000|100%| O|  |TAMS 0x000000061e400000, 0x000000061e000000| Untracked 
| 113|0x000000061e400000, 0x000000061e800000, 0x000000061e800000|100%| O|  |TAMS 0x000000061e800000, 0x000000061e400000| Untracked 
| 114|0x000000061e800000, 0x000000061ec00000, 0x000000061ec00000|100%| O|  |TAMS 0x000000061ec00000, 0x000000061e800000| Untracked 
| 115|0x000000061ec00000, 0x000000061f000000, 0x000000061f000000|100%| O|  |TAMS 0x000000061f000000, 0x000000061ec00000| Untracked 
| 116|0x000000061f000000, 0x000000061f400000, 0x000000061f400000|100%| O|  |TAMS 0x000000061f400000, 0x000000061f000000| Untracked 
| 117|0x000000061f400000, 0x000000061f800000, 0x000000061f800000|100%| O|  |TAMS 0x000000061f800000, 0x000000061f400000| Untracked 
| 118|0x000000061f800000, 0x000000061fc00000, 0x000000061fc00000|100%| O|  |TAMS 0x000000061fc00000, 0x000000061f800000| Untracked 
| 119|0x000000061fc00000, 0x0000000620000000, 0x0000000620000000|100%| O|  |TAMS 0x0000000620000000, 0x000000061fc00000| Untracked 
| 120|0x0000000620000000, 0x0000000620400000, 0x0000000620400000|100%| O|  |TAMS 0x0000000620400000, 0x0000000620000000| Untracked 
| 121|0x0000000620400000, 0x0000000620800000, 0x0000000620800000|100%| O|  |TAMS 0x0000000620800000, 0x0000000620400000| Untracked 
| 122|0x0000000620800000, 0x0000000620c00000, 0x0000000620c00000|100%| O|  |TAMS 0x0000000620c00000, 0x0000000620800000| Untracked 
| 123|0x0000000620c00000, 0x0000000621000000, 0x0000000621000000|100%| O|  |TAMS 0x0000000621000000, 0x0000000620c00000| Updating 
| 124|0x0000000621000000, 0x0000000621400000, 0x0000000621400000|100%| O|  |TAMS 0x0000000621400000, 0x0000000621000000| Updating 
| 125|0x0000000621400000, 0x0000000621800000, 0x0000000621800000|100%| O|  |TAMS 0x0000000621491600, 0x0000000621400000| Untracked 
| 126|0x0000000621800000, 0x0000000621c00000, 0x0000000621c00000|100%| O|  |TAMS 0x0000000621800000, 0x0000000621800000| Untracked 
| 127|0x0000000621c00000, 0x0000000622000000, 0x0000000622000000|100%| O|  |TAMS 0x0000000621c00000, 0x0000000621c00000| Untracked 
| 128|0x0000000622000000, 0x0000000622400000, 0x0000000622400000|100%| O|  |TAMS 0x0000000622000000, 0x0000000622000000| Untracked 
| 129|0x0000000622400000, 0x0000000622800000, 0x0000000622800000|100%| O|  |TAMS 0x0000000622400000, 0x0000000622400000| Untracked 
| 130|0x0000000622800000, 0x0000000622c00000, 0x0000000622c00000|100%| O|  |TAMS 0x0000000622800000, 0x0000000622800000| Untracked 
| 131|0x0000000622c00000, 0x0000000623000000, 0x0000000623000000|100%| O|  |TAMS 0x0000000622c00000, 0x0000000622c00000| Untracked 
| 132|0x0000000623000000, 0x0000000623400000, 0x0000000623400000|100%| O|  |TAMS 0x0000000623000000, 0x0000000623000000| Untracked 
| 133|0x0000000623400000, 0x0000000623800000, 0x0000000623800000|100%| O|  |TAMS 0x0000000623400000, 0x0000000623400000| Untracked 
| 134|0x0000000623800000, 0x0000000623c00000, 0x0000000623c00000|100%| O|  |TAMS 0x0000000623800000, 0x0000000623800000| Untracked 
| 135|0x0000000623c00000, 0x0000000624000000, 0x0000000624000000|100%| O|  |TAMS 0x0000000623c00000, 0x0000000623c00000| Untracked 
| 136|0x0000000624000000, 0x0000000624400000, 0x0000000624400000|100%| O|  |TAMS 0x0000000624000000, 0x0000000624000000| Untracked 
| 137|0x0000000624400000, 0x0000000624800000, 0x0000000624800000|100%| O|  |TAMS 0x0000000624400000, 0x0000000624400000| Untracked 
| 138|0x0000000624800000, 0x0000000624c00000, 0x0000000624c00000|100%| O|  |TAMS 0x0000000624800000, 0x0000000624800000| Untracked 
| 139|0x0000000624c00000, 0x0000000625000000, 0x0000000625000000|100%| O|  |TAMS 0x0000000624c00000, 0x0000000624c00000| Untracked 
| 140|0x0000000625000000, 0x0000000625400000, 0x0000000625400000|100%| O|  |TAMS 0x0000000625000000, 0x0000000625000000| Untracked 
| 141|0x0000000625400000, 0x0000000625800000, 0x0000000625800000|100%| O|  |TAMS 0x0000000625400000, 0x0000000625400000| Untracked 
| 142|0x0000000625800000, 0x0000000625c00000, 0x0000000625c00000|100%| O|  |TAMS 0x0000000625800000, 0x0000000625800000| Untracked 
| 143|0x0000000625c00000, 0x0000000626000000, 0x0000000626000000|100%| O|  |TAMS 0x0000000625c00000, 0x0000000625c00000| Untracked 
| 144|0x0000000626000000, 0x0000000626400000, 0x0000000626400000|100%| O|  |TAMS 0x0000000626000000, 0x0000000626000000| Untracked 
| 145|0x0000000626400000, 0x0000000626800000, 0x0000000626800000|100%| O|  |TAMS 0x0000000626400000, 0x0000000626400000| Untracked 
| 146|0x0000000626800000, 0x0000000626c00000, 0x0000000626c00000|100%| O|  |TAMS 0x0000000626800000, 0x0000000626800000| Untracked 
| 147|0x0000000626c00000, 0x0000000627000000, 0x0000000627000000|100%| O|  |TAMS 0x0000000626c00000, 0x0000000626c00000| Untracked 
| 148|0x0000000627000000, 0x0000000627400000, 0x0000000627400000|100%| O|  |TAMS 0x0000000627000000, 0x0000000627000000| Untracked 
| 149|0x0000000627400000, 0x0000000627569800, 0x0000000627800000| 35%| O|  |TAMS 0x0000000627400000, 0x0000000627400000| Updating 
| 150|0x0000000627800000, 0x0000000627800000, 0x0000000627c00000|  0%| F|  |TAMS 0x0000000627800000, 0x0000000627800000| Untracked 
| 151|0x0000000627c00000, 0x0000000627c00000, 0x0000000628000000|  0%| F|  |TAMS 0x0000000627c00000, 0x0000000627c00000| Untracked 
| 152|0x0000000628000000, 0x0000000628000000, 0x0000000628400000|  0%| F|  |TAMS 0x0000000628000000, 0x0000000628000000| Untracked 
| 153|0x0000000628400000, 0x0000000628400000, 0x0000000628800000|  0%| F|  |TAMS 0x0000000628400000, 0x0000000628400000| Untracked 
| 154|0x0000000628800000, 0x0000000628800000, 0x0000000628c00000|  0%| F|  |TAMS 0x0000000628800000, 0x0000000628800000| Untracked 
| 155|0x0000000628c00000, 0x0000000628c00000, 0x0000000629000000|  0%| F|  |TAMS 0x0000000628c00000, 0x0000000628c00000| Untracked 
| 156|0x0000000629000000, 0x0000000629000000, 0x0000000629400000|  0%| F|  |TAMS 0x0000000629000000, 0x0000000629000000| Untracked 
| 157|0x0000000629400000, 0x0000000629400000, 0x0000000629800000|  0%| F|  |TAMS 0x0000000629400000, 0x0000000629400000| Untracked 
| 158|0x0000000629800000, 0x0000000629800000, 0x0000000629c00000|  0%| F|  |TAMS 0x0000000629800000, 0x0000000629800000| Untracked 
| 159|0x0000000629c00000, 0x0000000629c00000, 0x000000062a000000|  0%| F|  |TAMS 0x0000000629c00000, 0x0000000629c00000| Untracked 
| 160|0x000000062a000000, 0x000000062a000000, 0x000000062a400000|  0%| F|  |TAMS 0x000000062a000000, 0x000000062a000000| Untracked 
| 161|0x000000062a400000, 0x000000062a400000, 0x000000062a800000|  0%| F|  |TAMS 0x000000062a400000, 0x000000062a400000| Untracked 
| 162|0x000000062a800000, 0x000000062a800000, 0x000000062ac00000|  0%| F|  |TAMS 0x000000062a800000, 0x000000062a800000| Untracked 
| 163|0x000000062ac00000, 0x000000062ac00000, 0x000000062b000000|  0%| F|  |TAMS 0x000000062ac00000, 0x000000062ac00000| Untracked 
| 164|0x000000062b000000, 0x000000062b000000, 0x000000062b400000|  0%| F|  |TAMS 0x000000062b000000, 0x000000062b000000| Untracked 
| 165|0x000000062b400000, 0x000000062b400000, 0x000000062b800000|  0%| F|  |TAMS 0x000000062b400000, 0x000000062b400000| Untracked 
| 166|0x000000062b800000, 0x000000062b800000, 0x000000062bc00000|  0%| F|  |TAMS 0x000000062b800000, 0x000000062b800000| Untracked 
| 167|0x000000062bc00000, 0x000000062bc00000, 0x000000062c000000|  0%| F|  |TAMS 0x000000062bc00000, 0x000000062bc00000| Untracked 
| 168|0x000000062c000000, 0x000000062c000000, 0x000000062c400000|  0%| F|  |TAMS 0x000000062c000000, 0x000000062c000000| Untracked 
| 169|0x000000062c400000, 0x000000062c400000, 0x000000062c800000|  0%| F|  |TAMS 0x000000062c400000, 0x000000062c400000| Untracked 
| 170|0x000000062c800000, 0x000000062c800000, 0x000000062cc00000|  0%| F|  |TAMS 0x000000062c800000, 0x000000062c800000| Untracked 
| 171|0x000000062cc00000, 0x000000062cc00000, 0x000000062d000000|  0%| F|  |TAMS 0x000000062cc00000, 0x000000062cc00000| Untracked 
| 172|0x000000062d000000, 0x000000062d000000, 0x000000062d400000|  0%| F|  |TAMS 0x000000062d000000, 0x000000062d000000| Untracked 
| 173|0x000000062d400000, 0x000000062d400000, 0x000000062d800000|  0%| F|  |TAMS 0x000000062d400000, 0x000000062d400000| Untracked 
| 174|0x000000062d800000, 0x000000062d800000, 0x000000062dc00000|  0%| F|  |TAMS 0x000000062d800000, 0x000000062d800000| Untracked 
| 175|0x000000062dc00000, 0x000000062dc00000, 0x000000062e000000|  0%| F|  |TAMS 0x000000062dc00000, 0x000000062dc00000| Untracked 
| 176|0x000000062e000000, 0x000000062e000000, 0x000000062e400000|  0%| F|  |TAMS 0x000000062e000000, 0x000000062e000000| Untracked 
| 177|0x000000062e400000, 0x000000062e400000, 0x000000062e800000|  0%| F|  |TAMS 0x000000062e400000, 0x000000062e400000| Untracked 
| 178|0x000000062e800000, 0x000000062e800000, 0x000000062ec00000|  0%| F|  |TAMS 0x000000062e800000, 0x000000062e800000| Untracked 
| 179|0x000000062ec00000, 0x000000062ec00000, 0x000000062f000000|  0%| F|  |TAMS 0x000000062ec00000, 0x000000062ec00000| Untracked 
| 180|0x000000062f000000, 0x000000062f000000, 0x000000062f400000|  0%| F|  |TAMS 0x000000062f000000, 0x000000062f000000| Untracked 
| 181|0x000000062f400000, 0x000000062f400000, 0x000000062f800000|  0%| F|  |TAMS 0x000000062f400000, 0x000000062f400000| Untracked 
| 182|0x000000062f800000, 0x000000062f800000, 0x000000062fc00000|  0%| F|  |TAMS 0x000000062f800000, 0x000000062f800000| Untracked 
| 183|0x000000062fc00000, 0x000000062fc00000, 0x0000000630000000|  0%| F|  |TAMS 0x000000062fc00000, 0x000000062fc00000| Untracked 
| 184|0x0000000630000000, 0x0000000630000000, 0x0000000630400000|  0%| F|  |TAMS 0x0000000630000000, 0x0000000630000000| Untracked 
| 185|0x0000000630400000, 0x0000000630400000, 0x0000000630800000|  0%| F|  |TAMS 0x0000000630400000, 0x0000000630400000| Untracked 
| 186|0x0000000630800000, 0x0000000630800000, 0x0000000630c00000|  0%| F|  |TAMS 0x0000000630800000, 0x0000000630800000| Untracked 
| 187|0x0000000630c00000, 0x0000000630c00000, 0x0000000631000000|  0%| F|  |TAMS 0x0000000630c00000, 0x0000000630c00000| Untracked 
| 188|0x0000000631000000, 0x0000000631000000, 0x0000000631400000|  0%| F|  |TAMS 0x0000000631000000, 0x0000000631000000| Untracked 
| 189|0x0000000631400000, 0x0000000631400000, 0x0000000631800000|  0%| F|  |TAMS 0x0000000631400000, 0x0000000631400000| Untracked 
| 190|0x0000000631800000, 0x0000000631800000, 0x0000000631c00000|  0%| F|  |TAMS 0x0000000631800000, 0x0000000631800000| Untracked 
| 191|0x0000000631c00000, 0x0000000631c00000, 0x0000000632000000|  0%| F|  |TAMS 0x0000000631c00000, 0x0000000631c00000| Untracked 
| 192|0x0000000632000000, 0x0000000632400000, 0x0000000632400000|100%|HS|  |TAMS 0x0000000632400000, 0x0000000632000000| Complete 
| 193|0x0000000632400000, 0x0000000632800000, 0x0000000632800000|100%|HC|  |TAMS 0x0000000632800000, 0x0000000632400000| Complete 
| 194|0x0000000632800000, 0x0000000632c00000, 0x0000000632c00000|100%|HC|  |TAMS 0x0000000632c00000, 0x0000000632800000| Complete 
| 195|0x0000000632c00000, 0x0000000633000000, 0x0000000633000000|100%|HC|  |TAMS 0x0000000633000000, 0x0000000632c00000| Complete 
| 196|0x0000000633000000, 0x0000000633400000, 0x0000000633400000|100%|HC|  |TAMS 0x0000000633400000, 0x0000000633000000| Complete 
| 197|0x0000000633400000, 0x0000000633800000, 0x0000000633800000|100%|HC|  |TAMS 0x0000000633800000, 0x0000000633400000| Complete 
| 198|0x0000000633800000, 0x0000000633c00000, 0x0000000633c00000|100%|HC|  |TAMS 0x0000000633c00000, 0x0000000633800000| Complete 
| 199|0x0000000633c00000, 0x0000000634000000, 0x0000000634000000|100%|HC|  |TAMS 0x0000000634000000, 0x0000000633c00000| Complete 
| 200|0x0000000634000000, 0x0000000634400000, 0x0000000634400000|100%|HC|  |TAMS 0x0000000634400000, 0x0000000634000000| Complete 
| 201|0x0000000634400000, 0x0000000634800000, 0x0000000634800000|100%|HC|  |TAMS 0x0000000634800000, 0x0000000634400000| Complete 
| 202|0x0000000634800000, 0x0000000634c00000, 0x0000000634c00000|100%|HC|  |TAMS 0x0000000634c00000, 0x0000000634800000| Complete 
| 203|0x0000000634c00000, 0x0000000635000000, 0x0000000635000000|100%|HC|  |TAMS 0x0000000635000000, 0x0000000634c00000| Complete 
| 204|0x0000000635000000, 0x0000000635400000, 0x0000000635400000|100%|HC|  |TAMS 0x0000000635400000, 0x0000000635000000| Complete 
| 205|0x0000000635400000, 0x0000000635800000, 0x0000000635800000|100%|HC|  |TAMS 0x0000000635800000, 0x0000000635400000| Complete 
| 206|0x0000000635800000, 0x0000000635c00000, 0x0000000635c00000|100%|HC|  |TAMS 0x0000000635c00000, 0x0000000635800000| Complete 
| 207|0x0000000635c00000, 0x0000000636000000, 0x0000000636000000|100%|HC|  |TAMS 0x0000000636000000, 0x0000000635c00000| Complete 
| 208|0x0000000636000000, 0x0000000636400000, 0x0000000636400000|100%|HC|  |TAMS 0x0000000636400000, 0x0000000636000000| Complete 
| 209|0x0000000636400000, 0x0000000636800000, 0x0000000636800000|100%|HC|  |TAMS 0x0000000636800000, 0x0000000636400000| Complete 
| 210|0x0000000636800000, 0x0000000636c00000, 0x0000000636c00000|100%|HC|  |TAMS 0x0000000636c00000, 0x0000000636800000| Complete 
| 211|0x0000000636c00000, 0x0000000637000000, 0x0000000637000000|100%|HC|  |TAMS 0x0000000637000000, 0x0000000636c00000| Complete 
| 212|0x0000000637000000, 0x0000000637400000, 0x0000000637400000|100%|HC|  |TAMS 0x0000000637400000, 0x0000000637000000| Complete 
| 213|0x0000000637400000, 0x0000000637800000, 0x0000000637800000|100%|HC|  |TAMS 0x0000000637800000, 0x0000000637400000| Complete 
| 214|0x0000000637800000, 0x0000000637c00000, 0x0000000637c00000|100%|HC|  |TAMS 0x0000000637c00000, 0x0000000637800000| Complete 
| 215|0x0000000637c00000, 0x0000000638000000, 0x0000000638000000|100%|HC|  |TAMS 0x0000000638000000, 0x0000000637c00000| Complete 
| 216|0x0000000638000000, 0x0000000638400000, 0x0000000638400000|100%|HC|  |TAMS 0x0000000638400000, 0x0000000638000000| Complete 
| 217|0x0000000638400000, 0x0000000638800000, 0x0000000638800000|100%|HC|  |TAMS 0x0000000638800000, 0x0000000638400000| Complete 
| 218|0x0000000638800000, 0x0000000638c00000, 0x0000000638c00000|100%|HC|  |TAMS 0x0000000638c00000, 0x0000000638800000| Complete 
| 219|0x0000000638c00000, 0x0000000639000000, 0x0000000639000000|100%|HC|  |TAMS 0x0000000639000000, 0x0000000638c00000| Complete 
| 220|0x0000000639000000, 0x0000000639400000, 0x0000000639400000|100%|HC|  |TAMS 0x0000000639400000, 0x0000000639000000| Complete 
| 221|0x0000000639400000, 0x0000000639800000, 0x0000000639800000|100%|HC|  |TAMS 0x0000000639800000, 0x0000000639400000| Complete 
| 222|0x0000000639800000, 0x0000000639c00000, 0x0000000639c00000|100%|HC|  |TAMS 0x0000000639c00000, 0x0000000639800000| Complete 
| 223|0x0000000639c00000, 0x000000063a000000, 0x000000063a000000|100%|HC|  |TAMS 0x000000063a000000, 0x0000000639c00000| Complete 
| 224|0x000000063a000000, 0x000000063a400000, 0x000000063a400000|100%|HC|  |TAMS 0x000000063a400000, 0x000000063a000000| Complete 
| 225|0x000000063a400000, 0x000000063a800000, 0x000000063a800000|100%|HC|  |TAMS 0x000000063a800000, 0x000000063a400000| Complete 
| 226|0x000000063a800000, 0x000000063ac00000, 0x000000063ac00000|100%|HC|  |TAMS 0x000000063ac00000, 0x000000063a800000| Complete 
| 227|0x000000063ac00000, 0x000000063b000000, 0x000000063b000000|100%|HC|  |TAMS 0x000000063b000000, 0x000000063ac00000| Complete 
| 228|0x000000063b000000, 0x000000063b400000, 0x000000063b400000|100%|HC|  |TAMS 0x000000063b400000, 0x000000063b000000| Complete 
| 229|0x000000063b400000, 0x000000063b800000, 0x000000063b800000|100%|HC|  |TAMS 0x000000063b800000, 0x000000063b400000| Complete 
| 230|0x000000063b800000, 0x000000063bc00000, 0x000000063bc00000|100%|HC|  |TAMS 0x000000063bc00000, 0x000000063b800000| Complete 
| 231|0x000000063bc00000, 0x000000063c000000, 0x000000063c000000|100%|HC|  |TAMS 0x000000063c000000, 0x000000063bc00000| Complete 
| 232|0x000000063c000000, 0x000000063c400000, 0x000000063c400000|100%|HC|  |TAMS 0x000000063c400000, 0x000000063c000000| Complete 
| 233|0x000000063c400000, 0x000000063c800000, 0x000000063c800000|100%|HC|  |TAMS 0x000000063c800000, 0x000000063c400000| Complete 
| 234|0x000000063c800000, 0x000000063cc00000, 0x000000063cc00000|100%|HC|  |TAMS 0x000000063cc00000, 0x000000063c800000| Complete 
| 235|0x000000063cc00000, 0x000000063d000000, 0x000000063d000000|100%|HC|  |TAMS 0x000000063d000000, 0x000000063cc00000| Complete 
| 236|0x000000063d000000, 0x000000063d400000, 0x000000063d400000|100%|HC|  |TAMS 0x000000063d400000, 0x000000063d000000| Complete 
| 237|0x000000063d400000, 0x000000063d800000, 0x000000063d800000|100%|HC|  |TAMS 0x000000063d800000, 0x000000063d400000| Complete 
| 238|0x000000063d800000, 0x000000063dc00000, 0x000000063dc00000|100%|HC|  |TAMS 0x000000063dc00000, 0x000000063d800000| Complete 
| 239|0x000000063dc00000, 0x000000063e000000, 0x000000063e000000|100%|HC|  |TAMS 0x000000063e000000, 0x000000063dc00000| Complete 
| 240|0x000000063e000000, 0x000000063e400000, 0x000000063e400000|100%|HC|  |TAMS 0x000000063e400000, 0x000000063e000000| Complete 
| 241|0x000000063e400000, 0x000000063e800000, 0x000000063e800000|100%|HC|  |TAMS 0x000000063e800000, 0x000000063e400000| Complete 
| 242|0x000000063e800000, 0x000000063ec00000, 0x000000063ec00000|100%|HC|  |TAMS 0x000000063ec00000, 0x000000063e800000| Complete 
| 243|0x000000063ec00000, 0x000000063f000000, 0x000000063f000000|100%|HC|  |TAMS 0x000000063f000000, 0x000000063ec00000| Complete 
| 244|0x000000063f000000, 0x000000063f400000, 0x000000063f400000|100%|HC|  |TAMS 0x000000063f400000, 0x000000063f000000| Complete 
| 245|0x000000063f400000, 0x000000063f800000, 0x000000063f800000|100%|HC|  |TAMS 0x000000063f800000, 0x000000063f400000| Complete 
| 246|0x000000063f800000, 0x000000063fc00000, 0x000000063fc00000|100%|HC|  |TAMS 0x000000063fc00000, 0x000000063f800000| Complete 
| 247|0x000000063fc00000, 0x0000000640000000, 0x0000000640000000|100%|HC|  |TAMS 0x0000000640000000, 0x000000063fc00000| Complete 
| 248|0x0000000640000000, 0x0000000640400000, 0x0000000640400000|100%|HC|  |TAMS 0x0000000640400000, 0x0000000640000000| Complete 
| 249|0x0000000640400000, 0x0000000640800000, 0x0000000640800000|100%|HC|  |TAMS 0x0000000640800000, 0x0000000640400000| Complete 
| 250|0x0000000640800000, 0x0000000640c00000, 0x0000000640c00000|100%|HC|  |TAMS 0x0000000640c00000, 0x0000000640800000| Complete 
| 251|0x0000000640c00000, 0x0000000641000000, 0x0000000641000000|100%|HC|  |TAMS 0x0000000641000000, 0x0000000640c00000| Complete 
| 252|0x0000000641000000, 0x0000000641400000, 0x0000000641400000|100%|HC|  |TAMS 0x0000000641400000, 0x0000000641000000| Complete 
| 253|0x0000000641400000, 0x0000000641800000, 0x0000000641800000|100%|HC|  |TAMS 0x0000000641800000, 0x0000000641400000| Complete 
| 254|0x0000000641800000, 0x0000000641c00000, 0x0000000641c00000|100%|HC|  |TAMS 0x0000000641c00000, 0x0000000641800000| Complete 
| 255|0x0000000641c00000, 0x0000000642000000, 0x0000000642000000|100%|HC|  |TAMS 0x0000000642000000, 0x0000000641c00000| Complete 
| 256|0x0000000642000000, 0x0000000642400000, 0x0000000642400000|100%|HC|  |TAMS 0x0000000642400000, 0x0000000642000000| Complete 
| 257|0x0000000642400000, 0x0000000642800000, 0x0000000642800000|100%|HC|  |TAMS 0x0000000642800000, 0x0000000642400000| Complete 
| 258|0x0000000642800000, 0x0000000642c00000, 0x0000000642c00000|100%|HC|  |TAMS 0x0000000642c00000, 0x0000000642800000| Complete 
| 259|0x0000000642c00000, 0x0000000643000000, 0x0000000643000000|100%|HC|  |TAMS 0x0000000643000000, 0x0000000642c00000| Complete 
| 260|0x0000000643000000, 0x0000000643400000, 0x0000000643400000|100%|HC|  |TAMS 0x0000000643400000, 0x0000000643000000| Complete 
| 261|0x0000000643400000, 0x0000000643800000, 0x0000000643800000|100%|HC|  |TAMS 0x0000000643800000, 0x0000000643400000| Complete 
| 262|0x0000000643800000, 0x0000000643c00000, 0x0000000643c00000|100%|HC|  |TAMS 0x0000000643c00000, 0x0000000643800000| Complete 
| 263|0x0000000643c00000, 0x0000000644000000, 0x0000000644000000|100%|HC|  |TAMS 0x0000000644000000, 0x0000000643c00000| Complete 
| 264|0x0000000644000000, 0x0000000644400000, 0x0000000644400000|100%|HC|  |TAMS 0x0000000644400000, 0x0000000644000000| Complete 
| 265|0x0000000644400000, 0x0000000644800000, 0x0000000644800000|100%|HC|  |TAMS 0x0000000644800000, 0x0000000644400000| Complete 
| 266|0x0000000644800000, 0x0000000644c00000, 0x0000000644c00000|100%|HC|  |TAMS 0x0000000644c00000, 0x0000000644800000| Complete 
| 267|0x0000000644c00000, 0x0000000645000000, 0x0000000645000000|100%|HC|  |TAMS 0x0000000645000000, 0x0000000644c00000| Complete 
| 268|0x0000000645000000, 0x0000000645400000, 0x0000000645400000|100%|HC|  |TAMS 0x0000000645400000, 0x0000000645000000| Complete 
| 269|0x0000000645400000, 0x0000000645800000, 0x0000000645800000|100%|HC|  |TAMS 0x0000000645800000, 0x0000000645400000| Complete 
| 270|0x0000000645800000, 0x0000000645c00000, 0x0000000645c00000|100%|HC|  |TAMS 0x0000000645c00000, 0x0000000645800000| Complete 
| 271|0x0000000645c00000, 0x0000000646000000, 0x0000000646000000|100%|HC|  |TAMS 0x0000000646000000, 0x0000000645c00000| Complete 
| 272|0x0000000646000000, 0x0000000646400000, 0x0000000646400000|100%|HC|  |TAMS 0x0000000646400000, 0x0000000646000000| Complete 
| 273|0x0000000646400000, 0x0000000646800000, 0x0000000646800000|100%|HC|  |TAMS 0x0000000646800000, 0x0000000646400000| Complete 
| 274|0x0000000646800000, 0x0000000646c00000, 0x0000000646c00000|100%|HC|  |TAMS 0x0000000646c00000, 0x0000000646800000| Complete 
| 275|0x0000000646c00000, 0x0000000647000000, 0x0000000647000000|100%|HC|  |TAMS 0x0000000647000000, 0x0000000646c00000| Complete 
| 276|0x0000000647000000, 0x0000000647400000, 0x0000000647400000|100%|HC|  |TAMS 0x0000000647400000, 0x0000000647000000| Complete 
| 277|0x0000000647400000, 0x0000000647800000, 0x0000000647800000|100%|HC|  |TAMS 0x0000000647800000, 0x0000000647400000| Complete 
| 278|0x0000000647800000, 0x0000000647c00000, 0x0000000647c00000|100%|HC|  |TAMS 0x0000000647c00000, 0x0000000647800000| Complete 
| 279|0x0000000647c00000, 0x0000000648000000, 0x0000000648000000|100%|HC|  |TAMS 0x0000000648000000, 0x0000000647c00000| Complete 
| 280|0x0000000648000000, 0x0000000648400000, 0x0000000648400000|100%|HC|  |TAMS 0x0000000648400000, 0x0000000648000000| Complete 
| 281|0x0000000648400000, 0x0000000648800000, 0x0000000648800000|100%|HC|  |TAMS 0x0000000648800000, 0x0000000648400000| Complete 
| 282|0x0000000648800000, 0x0000000648c00000, 0x0000000648c00000|100%|HC|  |TAMS 0x0000000648c00000, 0x0000000648800000| Complete 
| 283|0x0000000648c00000, 0x0000000649000000, 0x0000000649000000|100%|HC|  |TAMS 0x0000000649000000, 0x0000000648c00000| Complete 
| 284|0x0000000649000000, 0x0000000649400000, 0x0000000649400000|100%|HC|  |TAMS 0x0000000649400000, 0x0000000649000000| Complete 
| 285|0x0000000649400000, 0x0000000649800000, 0x0000000649800000|100%|HC|  |TAMS 0x0000000649800000, 0x0000000649400000| Complete 
| 286|0x0000000649800000, 0x0000000649c00000, 0x0000000649c00000|100%|HC|  |TAMS 0x0000000649c00000, 0x0000000649800000| Complete 
| 287|0x0000000649c00000, 0x000000064a000000, 0x000000064a000000|100%|HC|  |TAMS 0x000000064a000000, 0x0000000649c00000| Complete 
| 288|0x000000064a000000, 0x000000064a400000, 0x000000064a400000|100%|HC|  |TAMS 0x000000064a400000, 0x000000064a000000| Complete 
| 289|0x000000064a400000, 0x000000064a800000, 0x000000064a800000|100%|HC|  |TAMS 0x000000064a800000, 0x000000064a400000| Complete 
| 290|0x000000064a800000, 0x000000064ac00000, 0x000000064ac00000|100%|HC|  |TAMS 0x000000064ac00000, 0x000000064a800000| Complete 
| 291|0x000000064ac00000, 0x000000064b000000, 0x000000064b000000|100%|HC|  |TAMS 0x000000064b000000, 0x000000064ac00000| Complete 
| 292|0x000000064b000000, 0x000000064b400000, 0x000000064b400000|100%|HC|  |TAMS 0x000000064b400000, 0x000000064b000000| Complete 
| 293|0x000000064b400000, 0x000000064b800000, 0x000000064b800000|100%|HC|  |TAMS 0x000000064b800000, 0x000000064b400000| Complete 
| 294|0x000000064b800000, 0x000000064bc00000, 0x000000064bc00000|100%|HC|  |TAMS 0x000000064bc00000, 0x000000064b800000| Complete 
| 295|0x000000064bc00000, 0x000000064c000000, 0x000000064c000000|100%|HC|  |TAMS 0x000000064c000000, 0x000000064bc00000| Complete 
| 296|0x000000064c000000, 0x000000064c400000, 0x000000064c400000|100%|HC|  |TAMS 0x000000064c400000, 0x000000064c000000| Complete 
| 297|0x000000064c400000, 0x000000064c800000, 0x000000064c800000|100%|HC|  |TAMS 0x000000064c800000, 0x000000064c400000| Complete 
| 298|0x000000064c800000, 0x000000064cc00000, 0x000000064cc00000|100%|HC|  |TAMS 0x000000064cc00000, 0x000000064c800000| Complete 
| 299|0x000000064cc00000, 0x000000064d000000, 0x000000064d000000|100%|HC|  |TAMS 0x000000064d000000, 0x000000064cc00000| Complete 
| 300|0x000000064d000000, 0x000000064d400000, 0x000000064d400000|100%|HC|  |TAMS 0x000000064d400000, 0x000000064d000000| Complete 
| 301|0x000000064d400000, 0x000000064d800000, 0x000000064d800000|100%|HC|  |TAMS 0x000000064d800000, 0x000000064d400000| Complete 
| 302|0x000000064d800000, 0x000000064dc00000, 0x000000064dc00000|100%|HC|  |TAMS 0x000000064dc00000, 0x000000064d800000| Complete 
| 303|0x000000064dc00000, 0x000000064e000000, 0x000000064e000000|100%|HC|  |TAMS 0x000000064e000000, 0x000000064dc00000| Complete 
| 304|0x000000064e000000, 0x000000064e400000, 0x000000064e400000|100%|HC|  |TAMS 0x000000064e400000, 0x000000064e000000| Complete 
| 305|0x000000064e400000, 0x000000064e800000, 0x000000064e800000|100%|HC|  |TAMS 0x000000064e800000, 0x000000064e400000| Complete 
| 306|0x000000064e800000, 0x000000064ec00000, 0x000000064ec00000|100%|HC|  |TAMS 0x000000064ec00000, 0x000000064e800000| Complete 
| 307|0x000000064ec00000, 0x000000064f000000, 0x000000064f000000|100%|HC|  |TAMS 0x000000064f000000, 0x000000064ec00000| Complete 
| 308|0x000000064f000000, 0x000000064f400000, 0x000000064f400000|100%|HC|  |TAMS 0x000000064f400000, 0x000000064f000000| Complete 
| 309|0x000000064f400000, 0x000000064f800000, 0x000000064f800000|100%|HC|  |TAMS 0x000000064f800000, 0x000000064f400000| Complete 
| 310|0x000000064f800000, 0x000000064fc00000, 0x000000064fc00000|100%|HC|  |TAMS 0x000000064fc00000, 0x000000064f800000| Complete 
| 311|0x000000064fc00000, 0x0000000650000000, 0x0000000650000000|100%|HC|  |TAMS 0x0000000650000000, 0x000000064fc00000| Complete 
| 312|0x0000000650000000, 0x0000000650400000, 0x0000000650400000|100%|HC|  |TAMS 0x0000000650400000, 0x0000000650000000| Complete 
| 313|0x0000000650400000, 0x0000000650800000, 0x0000000650800000|100%|HC|  |TAMS 0x0000000650800000, 0x0000000650400000| Complete 
| 314|0x0000000650800000, 0x0000000650c00000, 0x0000000650c00000|100%|HC|  |TAMS 0x0000000650c00000, 0x0000000650800000| Complete 
| 315|0x0000000650c00000, 0x0000000651000000, 0x0000000651000000|100%|HC|  |TAMS 0x0000000651000000, 0x0000000650c00000| Complete 
| 316|0x0000000651000000, 0x0000000651400000, 0x0000000651400000|100%|HC|  |TAMS 0x0000000651400000, 0x0000000651000000| Complete 
| 317|0x0000000651400000, 0x0000000651800000, 0x0000000651800000|100%|HC|  |TAMS 0x0000000651800000, 0x0000000651400000| Complete 
| 318|0x0000000651800000, 0x0000000651c00000, 0x0000000651c00000|100%|HC|  |TAMS 0x0000000651c00000, 0x0000000651800000| Complete 
| 319|0x0000000651c00000, 0x0000000652000000, 0x0000000652000000|100%|HC|  |TAMS 0x0000000652000000, 0x0000000651c00000| Complete 
| 320|0x0000000652000000, 0x0000000652400000, 0x0000000652400000|100%|HC|  |TAMS 0x0000000652400000, 0x0000000652000000| Complete 
| 321|0x0000000652400000, 0x0000000652400000, 0x0000000652800000|  0%| F|  |TAMS 0x0000000652400000, 0x0000000652400000| Untracked 
| 322|0x0000000652800000, 0x0000000652800000, 0x0000000652c00000|  0%| F|  |TAMS 0x0000000652800000, 0x0000000652800000| Untracked 
| 323|0x0000000652c00000, 0x0000000652c00000, 0x0000000653000000|  0%| F|  |TAMS 0x0000000652c00000, 0x0000000652c00000| Untracked 
| 324|0x0000000653000000, 0x0000000653000000, 0x0000000653400000|  0%| F|  |TAMS 0x0000000653000000, 0x0000000653000000| Untracked 
| 325|0x0000000653400000, 0x0000000653400000, 0x0000000653800000|  0%| F|  |TAMS 0x0000000653400000, 0x0000000653400000| Untracked 
| 326|0x0000000653800000, 0x0000000653800000, 0x0000000653c00000|  0%| F|  |TAMS 0x0000000653800000, 0x0000000653800000| Untracked 
| 327|0x0000000653c00000, 0x0000000653c00000, 0x0000000654000000|  0%| F|  |TAMS 0x0000000653c00000, 0x0000000653c00000| Untracked 
| 328|0x0000000654000000, 0x0000000654000000, 0x0000000654400000|  0%| F|  |TAMS 0x0000000654000000, 0x0000000654000000| Untracked 
| 329|0x0000000654400000, 0x0000000654400000, 0x0000000654800000|  0%| F|  |TAMS 0x0000000654400000, 0x0000000654400000| Untracked 
| 330|0x0000000654800000, 0x0000000654800000, 0x0000000654c00000|  0%| F|  |TAMS 0x0000000654800000, 0x0000000654800000| Untracked 
| 331|0x0000000654c00000, 0x0000000654c00000, 0x0000000655000000|  0%| F|  |TAMS 0x0000000654c00000, 0x0000000654c00000| Untracked 
| 332|0x0000000655000000, 0x0000000655000000, 0x0000000655400000|  0%| F|  |TAMS 0x0000000655000000, 0x0000000655000000| Untracked 
| 333|0x0000000655400000, 0x0000000655400000, 0x0000000655800000|  0%| F|  |TAMS 0x0000000655400000, 0x0000000655400000| Untracked 
| 334|0x0000000655800000, 0x0000000655800000, 0x0000000655c00000|  0%| F|  |TAMS 0x0000000655800000, 0x0000000655800000| Untracked 
| 335|0x0000000655c00000, 0x0000000655c00000, 0x0000000656000000|  0%| F|  |TAMS 0x0000000655c00000, 0x0000000655c00000| Untracked 
| 336|0x0000000656000000, 0x0000000656000000, 0x0000000656400000|  0%| F|  |TAMS 0x0000000656000000, 0x0000000656000000| Untracked 
| 337|0x0000000656400000, 0x0000000656400000, 0x0000000656800000|  0%| F|  |TAMS 0x0000000656400000, 0x0000000656400000| Untracked 
| 338|0x0000000656800000, 0x0000000656800000, 0x0000000656c00000|  0%| F|  |TAMS 0x0000000656800000, 0x0000000656800000| Untracked 
| 339|0x0000000656c00000, 0x0000000656c00000, 0x0000000657000000|  0%| F|  |TAMS 0x0000000656c00000, 0x0000000656c00000| Untracked 
| 340|0x0000000657000000, 0x0000000657000000, 0x0000000657400000|  0%| F|  |TAMS 0x0000000657000000, 0x0000000657000000| Untracked 
| 341|0x0000000657400000, 0x0000000657400000, 0x0000000657800000|  0%| F|  |TAMS 0x0000000657400000, 0x0000000657400000| Untracked 
| 342|0x0000000657800000, 0x0000000657800000, 0x0000000657c00000|  0%| F|  |TAMS 0x0000000657800000, 0x0000000657800000| Untracked 
| 343|0x0000000657c00000, 0x0000000657c00000, 0x0000000658000000|  0%| F|  |TAMS 0x0000000657c00000, 0x0000000657c00000| Untracked 
| 344|0x0000000658000000, 0x0000000658000000, 0x0000000658400000|  0%| F|  |TAMS 0x0000000658000000, 0x0000000658000000| Untracked 
| 345|0x0000000658400000, 0x0000000658400000, 0x0000000658800000|  0%| F|  |TAMS 0x0000000658400000, 0x0000000658400000| Untracked 
| 346|0x0000000658800000, 0x0000000658800000, 0x0000000658c00000|  0%| F|  |TAMS 0x0000000658800000, 0x0000000658800000| Untracked 
| 347|0x0000000658c00000, 0x0000000658c00000, 0x0000000659000000|  0%| F|  |TAMS 0x0000000658c00000, 0x0000000658c00000| Untracked 
| 348|0x0000000659000000, 0x0000000659000000, 0x0000000659400000|  0%| F|  |TAMS 0x0000000659000000, 0x0000000659000000| Untracked 
| 349|0x0000000659400000, 0x0000000659400000, 0x0000000659800000|  0%| F|  |TAMS 0x0000000659400000, 0x0000000659400000| Untracked 
| 350|0x0000000659800000, 0x0000000659800000, 0x0000000659c00000|  0%| F|  |TAMS 0x0000000659800000, 0x0000000659800000| Untracked 
| 351|0x0000000659c00000, 0x0000000659c00000, 0x000000065a000000|  0%| F|  |TAMS 0x0000000659c00000, 0x0000000659c00000| Untracked 
| 352|0x000000065a000000, 0x000000065a000000, 0x000000065a400000|  0%| F|  |TAMS 0x000000065a000000, 0x000000065a000000| Untracked 
| 353|0x000000065a400000, 0x000000065a800000, 0x000000065a800000|100%| S|CS|TAMS 0x000000065a400000, 0x000000065a400000| Complete 
| 354|0x000000065a800000, 0x000000065ac00000, 0x000000065ac00000|100%| S|CS|TAMS 0x000000065a800000, 0x000000065a800000| Complete 
| 355|0x000000065ac00000, 0x000000065b000000, 0x000000065b000000|100%| S|CS|TAMS 0x000000065ac00000, 0x000000065ac00000| Complete 
| 356|0x000000065b000000, 0x000000065b400000, 0x000000065b400000|100%| S|CS|TAMS 0x000000065b000000, 0x000000065b000000| Complete 
| 357|0x000000065b400000, 0x000000065b800000, 0x000000065b800000|100%| S|CS|TAMS 0x000000065b400000, 0x000000065b400000| Complete 
| 358|0x000000065b800000, 0x000000065bc00000, 0x000000065bc00000|100%| S|CS|TAMS 0x000000065b800000, 0x000000065b800000| Complete 
| 359|0x000000065bc00000, 0x000000065c000000, 0x000000065c000000|100%| S|CS|TAMS 0x000000065bc00000, 0x000000065bc00000| Complete 
| 360|0x000000065c000000, 0x000000065c400000, 0x000000065c400000|100%| S|CS|TAMS 0x000000065c000000, 0x000000065c000000| Complete 
| 361|0x000000065c400000, 0x000000065c800000, 0x000000065c800000|100%| S|CS|TAMS 0x000000065c400000, 0x000000065c400000| Complete 
| 362|0x000000065c800000, 0x000000065c800000, 0x000000065cc00000|  0%| F|  |TAMS 0x000000065c800000, 0x000000065c800000| Untracked 
| 363|0x000000065cc00000, 0x000000065cc00000, 0x000000065d000000|  0%| F|  |TAMS 0x000000065cc00000, 0x000000065cc00000| Untracked 
| 364|0x000000065d000000, 0x000000065d000000, 0x000000065d400000|  0%| F|  |TAMS 0x000000065d000000, 0x000000065d000000| Untracked 
| 365|0x000000065d400000, 0x000000065d400000, 0x000000065d800000|  0%| F|  |TAMS 0x000000065d400000, 0x000000065d400000| Untracked 
| 366|0x000000065d800000, 0x000000065d800000, 0x000000065dc00000|  0%| F|  |TAMS 0x000000065d800000, 0x000000065d800000| Untracked 
| 367|0x000000065dc00000, 0x000000065dc00000, 0x000000065e000000|  0%| F|  |TAMS 0x000000065dc00000, 0x000000065dc00000| Untracked 
| 368|0x000000065e000000, 0x000000065e000000, 0x000000065e400000|  0%| F|  |TAMS 0x000000065e000000, 0x000000065e000000| Untracked 
| 369|0x000000065e400000, 0x000000065e400000, 0x000000065e800000|  0%| F|  |TAMS 0x000000065e400000, 0x000000065e400000| Untracked 
| 370|0x000000065e800000, 0x000000065e800000, 0x000000065ec00000|  0%| F|  |TAMS 0x000000065e800000, 0x000000065e800000| Untracked 
| 371|0x000000065ec00000, 0x000000065ec00000, 0x000000065f000000|  0%| F|  |TAMS 0x000000065ec00000, 0x000000065ec00000| Untracked 
| 372|0x000000065f000000, 0x000000065f000000, 0x000000065f400000|  0%| F|  |TAMS 0x000000065f000000, 0x000000065f000000| Untracked 
| 373|0x000000065f400000, 0x000000065f400000, 0x000000065f800000|  0%| F|  |TAMS 0x000000065f400000, 0x000000065f400000| Untracked 
| 374|0x000000065f800000, 0x000000065f800000, 0x000000065fc00000|  0%| F|  |TAMS 0x000000065f800000, 0x000000065f800000| Untracked 
| 375|0x000000065fc00000, 0x000000065fc00000, 0x0000000660000000|  0%| F|  |TAMS 0x000000065fc00000, 0x000000065fc00000| Untracked 
| 376|0x0000000660000000, 0x0000000660000000, 0x0000000660400000|  0%| F|  |TAMS 0x0000000660000000, 0x0000000660000000| Untracked 
| 377|0x0000000660400000, 0x0000000660400000, 0x0000000660800000|  0%| F|  |TAMS 0x0000000660400000, 0x0000000660400000| Untracked 
| 378|0x0000000660800000, 0x0000000660800000, 0x0000000660c00000|  0%| F|  |TAMS 0x0000000660800000, 0x0000000660800000| Untracked 
| 379|0x0000000660c00000, 0x0000000660c00000, 0x0000000661000000|  0%| F|  |TAMS 0x0000000660c00000, 0x0000000660c00000| Untracked 
| 380|0x0000000661000000, 0x0000000661000000, 0x0000000661400000|  0%| F|  |TAMS 0x0000000661000000, 0x0000000661000000| Untracked 
| 381|0x0000000661400000, 0x0000000661400000, 0x0000000661800000|  0%| F|  |TAMS 0x0000000661400000, 0x0000000661400000| Untracked 
| 382|0x0000000661800000, 0x0000000661800000, 0x0000000661c00000|  0%| F|  |TAMS 0x0000000661800000, 0x0000000661800000| Untracked 
| 383|0x0000000661c00000, 0x0000000661c00000, 0x0000000662000000|  0%| F|  |TAMS 0x0000000661c00000, 0x0000000661c00000| Untracked 
| 384|0x0000000662000000, 0x0000000662000000, 0x0000000662400000|  0%| F|  |TAMS 0x0000000662000000, 0x0000000662000000| Untracked 
| 385|0x0000000662400000, 0x0000000662400000, 0x0000000662800000|  0%| F|  |TAMS 0x0000000662400000, 0x0000000662400000| Untracked 
| 386|0x0000000662800000, 0x0000000662800000, 0x0000000662c00000|  0%| F|  |TAMS 0x0000000662800000, 0x0000000662800000| Untracked 
| 387|0x0000000662c00000, 0x0000000662c00000, 0x0000000663000000|  0%| F|  |TAMS 0x0000000662c00000, 0x0000000662c00000| Untracked 
| 388|0x0000000663000000, 0x0000000663000000, 0x0000000663400000|  0%| F|  |TAMS 0x0000000663000000, 0x0000000663000000| Untracked 
| 389|0x0000000663400000, 0x0000000663400000, 0x0000000663800000|  0%| F|  |TAMS 0x0000000663400000, 0x0000000663400000| Untracked 
| 390|0x0000000663800000, 0x0000000663800000, 0x0000000663c00000|  0%| F|  |TAMS 0x0000000663800000, 0x0000000663800000| Untracked 
| 391|0x0000000663c00000, 0x0000000663c00000, 0x0000000664000000|  0%| F|  |TAMS 0x0000000663c00000, 0x0000000663c00000| Untracked 
| 392|0x0000000664000000, 0x0000000664000000, 0x0000000664400000|  0%| F|  |TAMS 0x0000000664000000, 0x0000000664000000| Untracked 
| 393|0x0000000664400000, 0x0000000664400000, 0x0000000664800000|  0%| F|  |TAMS 0x0000000664400000, 0x0000000664400000| Untracked 
| 394|0x0000000664800000, 0x0000000664800000, 0x0000000664c00000|  0%| F|  |TAMS 0x0000000664800000, 0x0000000664800000| Untracked 
| 395|0x0000000664c00000, 0x0000000664c00000, 0x0000000665000000|  0%| F|  |TAMS 0x0000000664c00000, 0x0000000664c00000| Untracked 
| 396|0x0000000665000000, 0x0000000665000000, 0x0000000665400000|  0%| F|  |TAMS 0x0000000665000000, 0x0000000665000000| Untracked 
| 397|0x0000000665400000, 0x0000000665400000, 0x0000000665800000|  0%| F|  |TAMS 0x0000000665400000, 0x0000000665400000| Untracked 
| 398|0x0000000665800000, 0x0000000665800000, 0x0000000665c00000|  0%| F|  |TAMS 0x0000000665800000, 0x0000000665800000| Untracked 
| 399|0x0000000665c00000, 0x0000000665c00000, 0x0000000666000000|  0%| F|  |TAMS 0x0000000665c00000, 0x0000000665c00000| Untracked 
| 400|0x0000000666000000, 0x0000000666000000, 0x0000000666400000|  0%| F|  |TAMS 0x0000000666000000, 0x0000000666000000| Untracked 
| 401|0x0000000666400000, 0x0000000666400000, 0x0000000666800000|  0%| F|  |TAMS 0x0000000666400000, 0x0000000666400000| Untracked 
| 402|0x0000000666800000, 0x0000000666800000, 0x0000000666c00000|  0%| F|  |TAMS 0x0000000666800000, 0x0000000666800000| Untracked 
| 403|0x0000000666c00000, 0x0000000666c00000, 0x0000000667000000|  0%| F|  |TAMS 0x0000000666c00000, 0x0000000666c00000| Untracked 
| 404|0x0000000667000000, 0x0000000667000000, 0x0000000667400000|  0%| F|  |TAMS 0x0000000667000000, 0x0000000667000000| Untracked 
| 405|0x0000000667400000, 0x0000000667400000, 0x0000000667800000|  0%| F|  |TAMS 0x0000000667400000, 0x0000000667400000| Untracked 
| 406|0x0000000667800000, 0x0000000667800000, 0x0000000667c00000|  0%| F|  |TAMS 0x0000000667800000, 0x0000000667800000| Untracked 
| 407|0x0000000667c00000, 0x0000000667c00000, 0x0000000668000000|  0%| F|  |TAMS 0x0000000667c00000, 0x0000000667c00000| Untracked 
| 408|0x0000000668000000, 0x0000000668200800, 0x0000000668400000| 50%| E|  |TAMS 0x0000000668000000, 0x0000000668000000| Complete 
| 409|0x0000000668400000, 0x0000000668800000, 0x0000000668800000|100%| E|CS|TAMS 0x0000000668400000, 0x0000000668400000| Complete 
| 410|0x0000000668800000, 0x0000000668c00000, 0x0000000668c00000|100%| E|CS|TAMS 0x0000000668800000, 0x0000000668800000| Complete 
| 411|0x0000000668c00000, 0x0000000669000000, 0x0000000669000000|100%| E|CS|TAMS 0x0000000668c00000, 0x0000000668c00000| Complete 
| 412|0x0000000669000000, 0x0000000669400000, 0x0000000669400000|100%| E|CS|TAMS 0x0000000669000000, 0x0000000669000000| Complete 
| 413|0x0000000669400000, 0x0000000669800000, 0x0000000669800000|100%| E|CS|TAMS 0x0000000669400000, 0x0000000669400000| Complete 
| 414|0x0000000669800000, 0x0000000669c00000, 0x0000000669c00000|100%| E|CS|TAMS 0x0000000669800000, 0x0000000669800000| Complete 
| 415|0x0000000669c00000, 0x000000066a000000, 0x000000066a000000|100%| E|CS|TAMS 0x0000000669c00000, 0x0000000669c00000| Complete 
| 416|0x000000066a000000, 0x000000066a400000, 0x000000066a400000|100%| E|CS|TAMS 0x000000066a000000, 0x000000066a000000| Complete 
| 417|0x000000066a400000, 0x000000066a800000, 0x000000066a800000|100%| E|CS|TAMS 0x000000066a400000, 0x000000066a400000| Complete 
| 418|0x000000066a800000, 0x000000066ac00000, 0x000000066ac00000|100%| E|CS|TAMS 0x000000066a800000, 0x000000066a800000| Complete 
| 419|0x000000066ac00000, 0x000000066b000000, 0x000000066b000000|100%| E|CS|TAMS 0x000000066ac00000, 0x000000066ac00000| Complete 
| 420|0x000000066b000000, 0x000000066b400000, 0x000000066b400000|100%| E|CS|TAMS 0x000000066b000000, 0x000000066b000000| Complete 
| 421|0x000000066b400000, 0x000000066b800000, 0x000000066b800000|100%| E|CS|TAMS 0x000000066b400000, 0x000000066b400000| Complete 
| 422|0x000000066b800000, 0x000000066bc00000, 0x000000066bc00000|100%| E|CS|TAMS 0x000000066b800000, 0x000000066b800000| Complete 
| 423|0x000000066bc00000, 0x000000066c000000, 0x000000066c000000|100%| E|CS|TAMS 0x000000066bc00000, 0x000000066bc00000| Complete 
| 424|0x000000066c000000, 0x000000066c400000, 0x000000066c400000|100%| E|CS|TAMS 0x000000066c000000, 0x000000066c000000| Complete 
| 425|0x000000066c400000, 0x000000066c800000, 0x000000066c800000|100%| E|CS|TAMS 0x000000066c400000, 0x000000066c400000| Complete 
| 426|0x000000066c800000, 0x000000066cc00000, 0x000000066cc00000|100%| E|CS|TAMS 0x000000066c800000, 0x000000066c800000| Complete 
| 427|0x000000066cc00000, 0x000000066d000000, 0x000000066d000000|100%| E|CS|TAMS 0x000000066cc00000, 0x000000066cc00000| Complete 
| 428|0x000000066d000000, 0x000000066d400000, 0x000000066d400000|100%| E|CS|TAMS 0x000000066d000000, 0x000000066d000000| Complete 
| 429|0x000000066d400000, 0x000000066d800000, 0x000000066d800000|100%| E|CS|TAMS 0x000000066d400000, 0x000000066d400000| Complete 

Card table byte_map: [0x000001c97d480000,0x000001c97e470000] _byte_map_base: 0x000001c97a470000

Marking Bits (Prev, Next): (CMBitMap*) 0x000001c97839c0c0, (CMBitMap*) 0x000001c97839c080
 Prev Bits: [0x000001c916f80000, 0x000001c91ef00000)
 Next Bits: [0x000001c90f000000, 0x000001c916f80000)

Polling page: 0x000001c9762b0000

Metaspace:

Usage:
  Non-class:      6.68 MB used.
      Class:    654.85 KB used.
       Both:      7.32 MB used.

Virtual space:
  Non-class space:        8.00 MB reserved,       6.75 MB ( 84%) committed,  1 nodes.
      Class space:        1.00 GB reserved,     768.00 KB ( <1%) committed,  1 nodes.
             Both:        1.01 GB reserved,       7.50 MB ( <1%) committed. 

Chunk freelists:
   Non-Class:  1012.00 KB
       Class:  3.25 MB
        Both:  4.23 MB

MaxMetaspaceSize: unlimited
CompressedClassSpaceSize: 1.00 GB
Initial GC threshold: 21.00 MB
Current GC threshold: 21.00 MB
CDS: off
MetaspaceReclaimPolicy: balanced
 - commit_granule_bytes: 65536.
 - commit_granule_words: 8192.
 - virtual_space_node_default_size: 1048576.
 - enlarge_chunks_in_place: 1.
 - new_chunks_are_fully_committed: 0.
 - uncommit_free_chunks: 1.
 - use_allocation_guard: 0.
 - handle_deallocations: 1.


Internal statistics:

num_allocs_failed_limit: 0.
num_arena_births: 12.
num_arena_deaths: 0.
num_vsnodes_births: 2.
num_vsnodes_deaths: 0.
num_space_committed: 120.
num_space_uncommitted: 0.
num_chunks_returned_to_freelist: 0.
num_chunks_taken_from_freelist: 31.
num_chunk_merges: 0.
num_chunk_splits: 12.
num_chunks_enlarged: 5.
num_purges: 0.
num_inconsistent_stats: 0.

CodeHeap 'non-profiled nmethods': size=119168Kb used=217Kb max_used=217Kb free=118950Kb
 bounds [0x000001c907ba0000, 0x000001c907e10000, 0x000001c90f000000]
CodeHeap 'profiled nmethods': size=119104Kb used=564Kb max_used=564Kb free=118539Kb
 bounds [0x000001c900750000, 0x000001c9009c0000, 0x000001c907ba0000]
CodeHeap 'non-nmethods': size=7488Kb used=2240Kb max_used=2832Kb free=5247Kb
 bounds [0x000001c900000000, 0x000001c9002d0000, 0x000001c900750000]
 total_blobs=826 nmethods=432 adapters=305
 compilation: enabled
              stopped_count=0, restarted_count=0
 full_count=0

Compilation events (20 events):
Event: 1.938 Thread 0x000001c9220c3ec0  424  s    4       java.lang.StringBuffer::toString (59 bytes)
Event: 1.938 Thread 0x000001c922301880  428       3       project2.CSV::parseFile (240 bytes)
Event: 1.939 Thread 0x000001c922610d90 nmethod 420 0x000001c907bcad10 code [0x000001c907bcaea0, 0x000001c907bcb2f8]
Event: 1.939 Thread 0x000001c922610d90  422       4       java.lang.AbstractStringBuilder::<init> (39 bytes)
Event: 1.939 Thread 0x000001c9220c55f0  429       3       java.lang.StringLatin1::trim (76 bytes)
Event: 1.939 Thread 0x000001c922301880 nmethod 428 0x000001c9007d9090 code [0x000001c9007d9500, 0x000001c9007dbbd8]
Event: 1.939 Thread 0x000001c9220c55f0 nmethod 429 0x000001c9007dcb90 code [0x000001c9007dcd60, 0x000001c9007dd148]
Event: 1.940 Thread 0x000001c922610d90 nmethod 422 0x000001c907bcb490 code [0x000001c907bcb620, 0x000001c907bcb878]
Event: 1.940 Thread 0x000001c922610d90  430 %     4       project2.CSV::parseFile @ 40 (240 bytes)
Event: 1.941 Thread 0x000001c9220c3ec0 nmethod 424 0x000001c907bcb910 code [0x000001c907bcbaa0, 0x000001c907bcc318]
Event: 1.941 Thread 0x000001c9220c3ec0  425       4       java.lang.StringBuffer::<init> (7 bytes)
Event: 1.942 Thread 0x000001c9226da060 nmethod 423 0x000001c907bcc590 code [0x000001c907bcc720, 0x000001c907bccef8]
Event: 1.942 Thread 0x000001c9220c3ec0 nmethod 425 0x000001c907bcd190 code [0x000001c907bcd320, 0x000001c907bcd4d8]
Event: 1.947 Thread 0x000001c9220c3ec0  431       4       java.util.ArrayList::grow (60 bytes)
Event: 1.949 Thread 0x000001c9226da060  432       4       java.util.Arrays::copyOf (40 bytes)
Event: 1.950 Thread 0x000001c9220c3ec0 nmethod 431 0x000001c907bcd590 code [0x000001c907bcd720, 0x000001c907bcdd78]
Event: 1.951 Thread 0x000001c9226da060 nmethod 432 0x000001c907bcdf90 code [0x000001c907bce120, 0x000001c907bce598]
Event: 1.993 Thread 0x000001c9226da060  433       4       java.lang.StringLatin1::trim (76 bytes)
Event: 1.994 Thread 0x000001c9226da060 nmethod 433 0x000001c907bce810 code [0x000001c907bce980, 0x000001c907bcea58]
Event: 2.006 Thread 0x000001c922610d90 nmethod 430% 0x000001c907bceb90 code [0x000001c907bceee0, 0x000001c907bd4928]

GC Heap History (20 events):
Event: 0.349 GC heap before
{Heap before GC invocations=0 (full 0):
 garbage-first heap   total 524288K, used 151552K [0x0000000602000000, 0x0000000800000000)
  region size 4096K, 2 young (8192K), 0 survivors (0K)
 Metaspace       used 7473K, committed 7680K, reserved 1056768K
  class space    used 653K, committed 768K, reserved 1048576K
}
Event: 0.351 GC heap after
{Heap after GC invocations=1 (full 0):
 garbage-first heap   total 524288K, used 70827K [0x0000000602000000, 0x0000000800000000)
  region size 4096K, 1 young (4096K), 1 survivors (4096K)
 Metaspace       used 7473K, committed 7680K, reserved 1056768K
  class space    used 653K, committed 768K, reserved 1048576K
}
Event: 0.532 GC heap before
{Heap before GC invocations=1 (full 0):
 garbage-first heap   total 524288K, used 205995K [0x0000000602000000, 0x0000000800000000)
  region size 4096K, 2 young (8192K), 1 survivors (4096K)
 Metaspace       used 7473K, committed 7680K, reserved 1056768K
  class space    used 653K, committed 768K, reserved 1048576K
}
Event: 0.533 GC heap after
{Heap after GC invocations=2 (full 0):
 garbage-first heap   total 524288K, used 136238K [0x0000000602000000, 0x0000000800000000)
  region size 4096K, 1 young (4096K), 1 survivors (4096K)
 Metaspace       used 7473K, committed 7680K, reserved 1056768K
  class space    used 653K, committed 768K, reserved 1048576K
}
Event: 0.855 GC heap before
{Heap before GC invocations=2 (full 0):
 garbage-first heap   total 786432K, used 402478K [0x0000000602000000, 0x0000000800000000)
  region size 4096K, 2 young (8192K), 1 survivors (4096K)
 Metaspace       used 7476K, committed 7680K, reserved 1056768K
  class space    used 654K, committed 768K, reserved 1048576K
}
Event: 0.856 GC heap after
{Heap after GC invocations=3 (full 0):
 garbage-first heap   total 786432K, used 267350K [0x0000000602000000, 0x0000000800000000)
  region size 4096K, 1 young (4096K), 1 survivors (4096K)
 Metaspace       used 7476K, committed 7680K, reserved 1056768K
  class space    used 654K, committed 768K, reserved 1048576K
}
Event: 1.790 GC heap before
{Heap before GC invocations=3 (full 0):
 garbage-first heap   total 1314816K, used 795734K [0x0000000602000000, 0x0000000800000000)
  region size 4096K, 2 young (8192K), 1 survivors (4096K)
 Metaspace       used 7482K, committed 7680K, reserved 1056768K
  class space    used 654K, committed 768K, reserved 1048576K
}
Event: 1.791 GC heap after
{Heap after GC invocations=4 (full 0):
 garbage-first heap   total 1314816K, used 529483K [0x0000000602000000, 0x0000000800000000)
  region size 4096K, 1 young (4096K), 1 survivors (4096K)
 Metaspace       used 7482K, committed 7680K, reserved 1056768K
  class space    used 654K, committed 768K, reserved 1048576K
}
Event: 2.278 GC heap before
{Heap before GC invocations=4 (full 0):
 garbage-first heap   total 1314816K, used 1049675K [0x0000000602000000, 0x0000000800000000)
  region size 4096K, 75 young (307200K), 1 survivors (4096K)
 Metaspace       used 7492K, committed 7680K, reserved 1056768K
  class space    used 654K, committed 768K, reserved 1048576K
}
Event: 2.313 GC heap after
{Heap after GC invocations=5 (full 0):
 garbage-first heap   total 1314816K, used 875554K [0x0000000602000000, 0x0000000800000000)
  region size 4096K, 10 young (40960K), 10 survivors (40960K)
 Metaspace       used 7492K, committed 7680K, reserved 1056768K
  class space    used 654K, committed 768K, reserved 1048576K
}
Event: 2.379 GC heap before
{Heap before GC invocations=5 (full 0):
 garbage-first heap   total 1314816K, used 941090K [0x0000000602000000, 0x0000000800000000)
  region size 4096K, 26 young (106496K), 10 survivors (40960K)
 Metaspace       used 7492K, committed 7680K, reserved 1056768K
  class space    used 654K, committed 768K, reserved 1048576K
}
Event: 2.395 GC heap after
{Heap after GC invocations=6 (full 0):
 garbage-first heap   total 1314816K, used 908703K [0x0000000602000000, 0x0000000800000000)
  region size 4096K, 4 young (16384K), 4 survivors (16384K)
 Metaspace       used 7492K, committed 7680K, reserved 1056768K
  class space    used 654K, committed 768K, reserved 1048576K
}
Event: 2.474 GC heap before
{Heap before GC invocations=7 (full 0):
 garbage-first heap   total 1572864K, used 974239K [0x0000000602000000, 0x0000000800000000)
  region size 4096K, 20 young (81920K), 4 survivors (16384K)
 Metaspace       used 7492K, committed 7680K, reserved 1056768K
  class space    used 654K, committed 768K, reserved 1048576K
}
Event: 2.484 GC heap after
{Heap after GC invocations=8 (full 0):
 garbage-first heap   total 1572864K, used 942819K [0x0000000602000000, 0x0000000800000000)
  region size 4096K, 3 young (12288K), 3 survivors (12288K)
 Metaspace       used 7492K, committed 7680K, reserved 1056768K
  class space    used 654K, committed 768K, reserved 1048576K
}
Event: 2.628 GC heap before
{Heap before GC invocations=8 (full 0):
 garbage-first heap   total 1572864K, used 1061603K [0x0000000602000000, 0x0000000800000000)
  region size 4096K, 32 young (131072K), 3 survivors (12288K)
 Metaspace       used 7492K, committed 7680K, reserved 1056768K
  class space    used 654K, committed 768K, reserved 1048576K
}
Event: 2.644 GC heap after
{Heap after GC invocations=9 (full 0):
 garbage-first heap   total 1572864K, used 995328K [0x0000000602000000, 0x0000000800000000)
  region size 4096K, 4 young (16384K), 4 survivors (16384K)
 Metaspace       used 7492K, committed 7680K, reserved 1056768K
  class space    used 654K, committed 768K, reserved 1048576K
}
Event: 2.831 GC heap before
{Heap before GC invocations=10 (full 0):
 garbage-first heap   total 1761280K, used 1150976K [0x0000000602000000, 0x0000000800000000)
  region size 4096K, 42 young (172032K), 4 survivors (16384K)
 Metaspace       used 7492K, committed 7680K, reserved 1056768K
  class space    used 654K, committed 768K, reserved 1048576K
}
Event: 2.849 GC heap after
{Heap after GC invocations=11 (full 0):
 garbage-first heap   total 1761280K, used 1065541K [0x0000000602000000, 0x0000000800000000)
  region size 4096K, 6 young (24576K), 6 survivors (24576K)
 Metaspace       used 7492K, committed 7680K, reserved 1056768K
  class space    used 654K, committed 768K, reserved 1048576K
}
Event: 3.114 GC heap before
{Heap before GC invocations=11 (full 0):
 garbage-first heap   total 1761280K, used 1319493K [0x0000000602000000, 0x0000000800000000)
  region size 4096K, 68 young (278528K), 6 survivors (24576K)
 Metaspace       used 7492K, committed 7680K, reserved 1056768K
  class space    used 654K, committed 768K, reserved 1048576K
}
Event: 3.141 GC heap after
{Heap after GC invocations=12 (full 0):
 garbage-first heap   total 1761280K, used 1176998K [0x0000000602000000, 0x0000000800000000)
  region size 4096K, 9 young (36864K), 9 survivors (36864K)
 Metaspace       used 7492K, committed 7680K, reserved 1056768K
  class space    used 654K, committed 768K, reserved 1048576K
}

Deoptimization events (20 events):
Event: 1.172 Thread 0x000001c97831f5d0 DEOPT PACKING pc=0x000001c907bc2698 sp=0x000000a9e88fed10
Event: 1.172 Thread 0x000001c97831f5d0 DEOPT UNPACKING pc=0x000001c9000523a3 sp=0x000000a9e88fecc0 mode 2
Event: 1.172 Thread 0x000001c97831f5d0 Uncommon trap: trap_request=0xffffff45 fr.pc=0x000001c907bc31d8 relative=0x0000000000000498
Event: 1.172 Thread 0x000001c97831f5d0 Uncommon trap: reason=unstable_if action=reinterpret pc=0x000001c907bc31d8 method=java.nio.charset.CharsetDecoder.decode(Ljava/nio/ByteBuffer;Ljava/nio/CharBuffer;Z)Ljava/nio/charset/CoderResult; @ 1 c2
Event: 1.172 Thread 0x000001c97831f5d0 DEOPT PACKING pc=0x000001c907bc31d8 sp=0x000000a9e88fecf0
Event: 1.172 Thread 0x000001c97831f5d0 DEOPT UNPACKING pc=0x000001c9000523a3 sp=0x000000a9e88fecc8 mode 2
Event: 1.741 Thread 0x000001c97831f5d0 DEOPT PACKING pc=0x000001c9007cd7f5 sp=0x000000a9e88fedc0
Event: 1.741 Thread 0x000001c97831f5d0 DEOPT UNPACKING pc=0x000001c900052b43 sp=0x000000a9e88fe2c0 mode 0
Event: 1.790 Thread 0x000001c97831f5d0 Uncommon trap: trap_request=0xffffff45 fr.pc=0x000001c907bc6f48 relative=0x00000000000005a8
Event: 1.790 Thread 0x000001c97831f5d0 Uncommon trap: reason=unstable_if action=reinterpret pc=0x000001c907bc6f48 method=java.util.regex.Pattern$CharPropertyGreedy.match(Ljava/util/regex/Matcher;ILjava/lang/CharSequence;)Z @ 15 c2
Event: 1.790 Thread 0x000001c97831f5d0 DEOPT PACKING pc=0x000001c907bc6f48 sp=0x000000a9e88fedf0
Event: 1.790 Thread 0x000001c97831f5d0 DEOPT UNPACKING pc=0x000001c9000523a3 sp=0x000000a9e88fedc0 mode 2
Event: 1.825 Thread 0x000001c97831f5d0 DEOPT PACKING pc=0x000001c9007cf02a sp=0x000000a9e88febb0
Event: 1.826 Thread 0x000001c97831f5d0 DEOPT UNPACKING pc=0x000001c900052b43 sp=0x000000a9e88fe088 mode 0
Event: 1.931 Thread 0x000001c97831f5d0 Uncommon trap: trap_request=0xffffff45 fr.pc=0x000001c907bc7a80 relative=0x0000000000000360
Event: 1.931 Thread 0x000001c97831f5d0 Uncommon trap: reason=unstable_if action=reinterpret pc=0x000001c907bc7a80 method=java.lang.StringUTF16.compress([CI[BII)I @ 7 c2
Event: 1.931 Thread 0x000001c97831f5d0 DEOPT PACKING pc=0x000001c907bc7a80 sp=0x000000a9e88febc0
Event: 1.931 Thread 0x000001c97831f5d0 DEOPT UNPACKING pc=0x000001c9000523a3 sp=0x000000a9e88feb88 mode 2
Event: 2.006 Thread 0x000001c97831f5d0 DEOPT PACKING pc=0x000001c9007d7492 sp=0x000000a9e88feeb0
Event: 2.006 Thread 0x000001c97831f5d0 DEOPT UNPACKING pc=0x000001c900052b43 sp=0x000000a9e88fe468 mode 0

Classes unloaded (0 events):
No events

Classes redefined (0 events):
No events

Internal exceptions (1 events):
Event: 0.095 Thread 0x000001c97831f5d0 Exception <a 'java/lang/NoSuchMethodError'{0x0000000621d29220}: 'void java.lang.invoke.DirectMethodHandle$Holder.invokeVirtual(java.lang.Object, java.lang.Object)'> (0x0000000621d29220) 
thrown [e:\jenkins\tmp\workspace\build\src\src\hotspot\share\interpreter\linkResolver.cpp, line 766]

VM Operations (20 events):
Event: 2.313 Executing VM operation: G1CollectForAllocation done
Event: 2.379 Executing VM operation: G1CollectForAllocation
Event: 2.395 Executing VM operation: G1CollectForAllocation done
Event: 2.430 Executing VM operation: G1Concurrent
Event: 2.431 Executing VM operation: G1Concurrent done
Event: 2.431 Executing VM operation: G1Concurrent
Event: 2.431 Executing VM operation: G1Concurrent done
Event: 2.474 Executing VM operation: G1CollectForAllocation
Event: 2.485 Executing VM operation: G1CollectForAllocation done
Event: 2.628 Executing VM operation: G1CollectForAllocation
Event: 2.644 Executing VM operation: G1CollectForAllocation done
Event: 2.707 Executing VM operation: G1Concurrent
Event: 2.708 Executing VM operation: G1Concurrent done
Event: 2.743 Executing VM operation: G1Concurrent
Event: 2.744 Executing VM operation: G1Concurrent done
Event: 2.831 Executing VM operation: G1CollectForAllocation
Event: 2.849 Executing VM operation: G1CollectForAllocation done
Event: 3.114 Executing VM operation: G1CollectForAllocation
Event: 3.141 Executing VM operation: G1CollectForAllocation done
Event: 3.232 Executing VM operation: G1Concurrent

Events (20 events):
Event: 0.145 loading class java/nio/charset/CoderResult done
Event: 0.145 loading class java/nio/channels/spi/AbstractInterruptibleChannel$1
Event: 0.145 loading class sun/nio/ch/Interruptible
Event: 0.145 loading class sun/nio/ch/Interruptible done
Event: 0.145 loading class java/nio/channels/spi/AbstractInterruptibleChannel$1 done
Event: 0.460 Thread 0x000001c922905550 Thread added: 0x000001c922905550
Event: 0.460 Thread 0x000001c922905e80 Thread added: 0x000001c922905e80
Event: 0.460 Thread 0x000001c922540c30 Thread added: 0x000001c922540c30
Event: 0.460 Thread 0x000001c922541140 Thread added: 0x000001c922541140
Event: 0.657 loading class jdk/internal/misc/ScopedMemoryAccess$Scope
Event: 0.657 loading class jdk/internal/misc/ScopedMemoryAccess$Scope done
Event: 0.658 Thread 0x000001c922541140 Thread exited: 0x000001c922541140
Event: 0.658 loading class jdk/internal/misc/ScopedMemoryAccess$Scope$Handle
Event: 0.659 loading class jdk/internal/misc/ScopedMemoryAccess$Scope$Handle done
Event: 1.729 Thread 0x000001c9222922b0 Thread exited: 0x000001c9222922b0
Event: 1.729 Thread 0x000001c922540c30 Thread exited: 0x000001c922540c30
Event: 1.729 Thread 0x000001c922905e80 Thread exited: 0x000001c922905e80
Event: 1.931 Thread 0x000001c922905550 Thread exited: 0x000001c922905550
Event: 1.933 Thread 0x000001c922610d90 Thread added: 0x000001c922610d90
Event: 1.936 Thread 0x000001c9226da060 Thread added: 0x000001c9226da060


Dynamic libraries:
0x00007ff674300000 - 0x00007ff67430e000 	C:\Users\ojtab\.p2\pool\plugins\org.eclipse.justj.openjdk.hotspot.jre.full.win32.x86_64_17.0.2.v20220201-1208\jre\bin\javaw.exe
0x00007ffb92260000 - 0x00007ffb92469000 	C:\WINDOWS\SYSTEM32\ntdll.dll
0x00007ffb91900000 - 0x00007ffb919bd000 	C:\WINDOWS\System32\KERNEL32.DLL
0x00007ffb8fbd0000 - 0x00007ffb8ff4b000 	C:\WINDOWS\System32\KERNELBASE.dll
0x00007ffb8ff50000 - 0x00007ffb90061000 	C:\WINDOWS\System32\ucrtbase.dll
0x00007ffb8cc30000 - 0x00007ffb8cc49000 	C:\Users\ojtab\.p2\pool\plugins\org.eclipse.justj.openjdk.hotspot.jre.full.win32.x86_64_17.0.2.v20220201-1208\jre\bin\VCRUNTIME140.dll
0x00007ffb8cc60000 - 0x00007ffb8cc78000 	C:\Users\ojtab\.p2\pool\plugins\org.eclipse.justj.openjdk.hotspot.jre.full.win32.x86_64_17.0.2.v20220201-1208\jre\bin\jli.dll
0x00007ffb91e10000 - 0x00007ffb91fbd000 	C:\WINDOWS\System32\USER32.dll
0x00007ffb8f920000 - 0x00007ffb8f946000 	C:\WINDOWS\System32\win32u.dll
0x00007ffb91620000 - 0x00007ffb91649000 	C:\WINDOWS\System32\GDI32.dll
0x00007ffb7e1e0000 - 0x00007ffb7e485000 	C:\WINDOWS\WinSxS\amd64_microsoft.windows.common-controls_6595b64144ccf1df_6.0.22000.120_none_9d947278b86cc467\COMCTL32.dll
0x00007ffb8fab0000 - 0x00007ffb8fbc8000 	C:\WINDOWS\System32\gdi32full.dll
0x00007ffb8fa10000 - 0x00007ffb8faad000 	C:\WINDOWS\System32\msvcp_win.dll
0x00007ffb90ce0000 - 0x00007ffb90d83000 	C:\WINDOWS\System32\msvcrt.dll
0x00007ffb90ca0000 - 0x00007ffb90cd1000 	C:\WINDOWS\System32\IMM32.DLL
0x00007ffb8cbf0000 - 0x00007ffb8cbfc000 	C:\Users\ojtab\.p2\pool\plugins\org.eclipse.justj.openjdk.hotspot.jre.full.win32.x86_64_17.0.2.v20220201-1208\jre\bin\vcruntime140_1.dll
0x00007ffb7c380000 - 0x00007ffb7c411000 	C:\Users\ojtab\.p2\pool\plugins\org.eclipse.justj.openjdk.hotspot.jre.full.win32.x86_64_17.0.2.v20220201-1208\jre\bin\msvcp140.dll
0x00007ffaee8a0000 - 0x00007ffaef4e7000 	C:\Users\ojtab\.p2\pool\plugins\org.eclipse.justj.openjdk.hotspot.jre.full.win32.x86_64_17.0.2.v20220201-1208\jre\bin\server\jvm.dll
0x00007ffb91720000 - 0x00007ffb917ce000 	C:\WINDOWS\System32\ADVAPI32.dll
0x00007ffb90100000 - 0x00007ffb9019e000 	C:\WINDOWS\System32\sechost.dll
0x00007ffb901a0000 - 0x00007ffb902c0000 	C:\WINDOWS\System32\RPCRT4.dll
0x00007ffb920b0000 - 0x00007ffb920b8000 	C:\WINDOWS\System32\PSAPI.DLL
0x00007ffb61c40000 - 0x00007ffb61c49000 	C:\WINDOWS\SYSTEM32\WSOCK32.dll
0x00007ffb87700000 - 0x00007ffb8770a000 	C:\WINDOWS\SYSTEM32\VERSION.dll
0x00007ffb889c0000 - 0x00007ffb889f3000 	C:\WINDOWS\SYSTEM32\WINMM.dll
0x00007ffb920c0000 - 0x00007ffb9212f000 	C:\WINDOWS\System32\WS2_32.dll
0x00007ffb8e8a0000 - 0x00007ffb8e8b8000 	C:\WINDOWS\SYSTEM32\kernel.appcore.dll
0x00007ffb89ea0000 - 0x00007ffb89eaa000 	C:\Users\ojtab\.p2\pool\plugins\org.eclipse.justj.openjdk.hotspot.jre.full.win32.x86_64_17.0.2.v20220201-1208\jre\bin\jimage.dll
0x00007ffb82ee0000 - 0x00007ffb83101000 	C:\WINDOWS\SYSTEM32\DBGHELP.DLL
0x00007ffb78ef0000 - 0x00007ffb78f21000 	C:\WINDOWS\SYSTEM32\dbgcore.DLL
0x00007ffb8f730000 - 0x00007ffb8f7af000 	C:\WINDOWS\System32\bcryptPrimitives.dll
0x00007ffb83c40000 - 0x00007ffb83c65000 	C:\Users\ojtab\.p2\pool\plugins\org.eclipse.justj.openjdk.hotspot.jre.full.win32.x86_64_17.0.2.v20220201-1208\jre\bin\java.dll
0x00007ffb84950000 - 0x00007ffb84968000 	C:\Users\ojtab\.p2\pool\plugins\org.eclipse.justj.openjdk.hotspot.jre.full.win32.x86_64_17.0.2.v20220201-1208\jre\bin\zip.dll
0x00007ffb90320000 - 0x00007ffb90ad8000 	C:\WINDOWS\System32\SHELL32.dll
0x00007ffb8d830000 - 0x00007ffb8e095000 	C:\WINDOWS\SYSTEM32\windows.storage.dll
0x00007ffb912a0000 - 0x00007ffb91617000 	C:\WINDOWS\System32\combase.dll
0x00007ffb8d6c0000 - 0x00007ffb8d826000 	C:\WINDOWS\SYSTEM32\wintypes.dll
0x00007ffb92130000 - 0x00007ffb9221a000 	C:\WINDOWS\System32\SHCORE.dll
0x00007ffb91c50000 - 0x00007ffb91cad000 	C:\WINDOWS\System32\shlwapi.dll
0x00007ffb8f660000 - 0x00007ffb8f681000 	C:\WINDOWS\SYSTEM32\profapi.dll
0x00007ffb84050000 - 0x00007ffb84069000 	C:\Users\ojtab\.p2\pool\plugins\org.eclipse.justj.openjdk.hotspot.jre.full.win32.x86_64_17.0.2.v20220201-1208\jre\bin\net.dll
0x00007ffb88630000 - 0x00007ffb8873c000 	C:\WINDOWS\SYSTEM32\WINHTTP.dll
0x00007ffb8ed40000 - 0x00007ffb8eda7000 	C:\WINDOWS\system32\mswsock.dll
0x00007ffb83be0000 - 0x00007ffb83bf5000 	C:\Users\ojtab\.p2\pool\plugins\org.eclipse.justj.openjdk.hotspot.jre.full.win32.x86_64_17.0.2.v20220201-1208\jre\bin\nio.dll

dbghelp: loaded successfully - version: 4.0.5 - missing functions: none
symbol engine: initialized successfully - sym options: 0x614 - pdb path: .;C:\Users\ojtab\.p2\pool\plugins\org.eclipse.justj.openjdk.hotspot.jre.full.win32.x86_64_17.0.2.v20220201-1208\jre\bin;C:\WINDOWS\SYSTEM32;C:\WINDOWS\WinSxS\amd64_microsoft.windows.common-controls_6595b64144ccf1df_6.0.22000.120_none_9d947278b86cc467;C:\Users\ojtab\.p2\pool\plugins\org.eclipse.justj.openjdk.hotspot.jre.full.win32.x86_64_17.0.2.v20220201-1208\jre\bin\server

VM Arguments:
jvm_args: -Dfile.encoding=Cp1252 --module-path=C:\Users\ojtab\Desktop\CS_102\project2\bin -XX:+ShowCodeDetailsInExceptionMessages -Djdk.module.main=project2 
java_command: project2/project2.NYCStreetTrees
java_class_path (initial): <not set>
Launcher Type: SUN_STANDARD

[Global flags]
     intx CICompilerCount                          = 12                                        {product} {ergonomic}
     uint ConcGCThreads                            = 4                                         {product} {ergonomic}
     uint G1ConcRefinementThreads                  = 15                                        {product} {ergonomic}
   size_t G1HeapRegionSize                         = 4194304                                   {product} {ergonomic}
    uintx GCDrainStackTargetSize                   = 64                                        {product} {ergonomic}
   size_t InitialHeapSize                          = 536870912                                 {product} {ergonomic}
   size_t MarkStackSize                            = 4194304                                   {product} {ergonomic}
   size_t MaxHeapSize                              = 8556380160                                {product} {ergonomic}
   size_t MaxNewSize                               = 5133828096                                {product} {ergonomic}
   size_t MinHeapDeltaBytes                        = 4194304                                   {product} {ergonomic}
   size_t MinHeapSize                              = 8388608                                   {product} {ergonomic}
    uintx NonNMethodCodeHeapSize                   = 7602480                                {pd product} {ergonomic}
    uintx NonProfiledCodeHeapSize                  = 122027880                              {pd product} {ergonomic}
    uintx ProfiledCodeHeapSize                     = 122027880                              {pd product} {ergonomic}
    uintx ReservedCodeCacheSize                    = 251658240                              {pd product} {ergonomic}
     bool SegmentedCodeCache                       = true                                      {product} {ergonomic}
     bool ShowCodeDetailsInExceptionMessages       = true                                   {manageable} {command line}
   size_t SoftMaxHeapSize                          = 8556380160                             {manageable} {ergonomic}
     bool UseCompressedClassPointers               = true                           {product lp64_product} {ergonomic}
     bool UseCompressedOops                        = true                           {product lp64_product} {ergonomic}
     bool UseG1GC                                  = true                                      {product} {ergonomic}
     bool UseLargePagesIndividualAllocation        = false                                  {pd product} {ergonomic}

Logging:
Log output configuration:
 #0: stdout all=warning uptime,level,tags
 #1: stderr all=off uptime,level,tags

Environment Variables:
JAVA_HOME=C:\Program Files\OpenJDK\openjdk-11.0.15_10
PATH=C:/Users/ojtab/.p2/pool/plugins/org.eclipse.justj.openjdk.hotspot.jre.full.win32.x86_64_17.0.2.v20220201-1208/jre/bin/server;C:/Users/ojtab/.p2/pool/plugins/org.eclipse.justj.openjdk.hotspot.jre.full.win32.x86_64_17.0.2.v20220201-1208/jre/bin;C:\Python310\Scripts\;C:\Python310\;C:\Program Files (x86)\Common Files\Oracle\Java\javapath;C:\Windows\system32;C:\Windows;C:\Windows\System32\Wbem;C:\Windows\System32\WindowsPowerShell\v1.0\;C:\Windows\System32\OpenSSH\;C:\WINDOWS\system32;C:\WINDOWS;C:\WINDOWS\System32\Wbem;C:\WINDOWS\System32\WindowsPowerShell\v1.0\;C:\WINDOWS\System32\OpenSSH\;C:\Program Files (x86)\NVIDIA Corporation\PhysX\Common;C:\Program Files\NVIDIA Corporation\NVIDIA NvDLISR;C:\Program Files\nodejs\;C:\ProgramData\chocolatey\bin;C:\Program Files\OpenJDK\openjdk-11.0.15_10\bin;C:\Users\ojtab\AppData\Local\Microsoft\WindowsApps;C:\Users\ojtab\AppData\Local\Programs\Microsoft VS Code\bin;C:\Users\ojtab\AppData\Roaming\npm;C:\Users\ojtab\AppData\Local\GitHubDesktop\bin;C:\WINDOWS\System32;
USERNAME=ojtab
OS=Windows_NT
PROCESSOR_IDENTIFIER=Intel64 Family 6 Model 151 Stepping 2, GenuineIntel



---------------  S Y S T E M  ---------------

OS:
 Windows 11 , 64 bit Build 22000 (10.0.22000.708)
OS uptime: 6 days 5:51 hours

CPU: total 20 (initial active 20) (10 cores per cpu, 2 threads per core) family 6 model 151 stepping 2 microcode 0x13, cx8, cmov, fxsr, ht, mmx, 3dnowpref, sse, sse2, sse3, ssse3, sse4.1, sse4.2, popcnt, lzcnt, tsc, tscinvbit, avx, avx2, aes, erms, clmul, bmi1, bmi2, adx, sha, fma, vzeroupper, clflush, clflushopt, clwb

Memory: 4k page, system-wide physical 32627M (3305M free)
TotalPageFile size 74701M (AvailPageFile size 164M)
current process WorkingSet (physical memory assigned to process): 1701M, peak: 1701M
current process commit charge ("private bytes"): 1887M, peak: 2235M

vm_info: OpenJDK 64-Bit Server VM (17.0.2+8) for windows-amd64 JRE (17.0.2+8), built on Jan 20 2022 04:52:34 by "" with MS VC++ 16.7 (VS2019)

END.
