#
# There is insufficient memory for the Java Runtime Environment to continue.
# Native memory allocation (mmap) failed to map 4194304 bytes for G1 virtual space
# Possible reasons:
#   The system is out of physical RAM or swap space
#   The process is running with CompressedOops enabled, and the Java Heap may be blocking the growth of the native heap
# Possible solutions:
#   Reduce memory load on the system
#   Increase physical memory or swap space
#   Check if swap backing store is full
#   Decrease Java heap size (-Xmx/-Xms)
#   Decrease number of Java threads
#   Decrease Java thread stack sizes (-Xss)
#   Set larger code cache with -XX:ReservedCodeCacheSize=
#   JVM is running with Zero Based Compressed Oops mode in which the Java heap is
#     placed in the first 32GB address space. The Java Heap base address is the
#     maximum limit for the native heap growth. Please use -XX:HeapBaseMinAddress
#     to set the Java Heap base and to place the Java Heap above 32GB virtual address.
# This output file may be truncated or incomplete.
#
#  Out of Memory Error (os_windows.cpp:3532), pid=27228, tid=15784
#
# JRE version: OpenJDK Runtime Environment Temurin-17.0.2+8 (17.0.2+8) (build 17.0.2+8)
# Java VM: OpenJDK 64-Bit Server VM Temurin-17.0.2+8 (17.0.2+8, mixed mode, tiered, compressed oops, compressed class ptrs, g1 gc, windows-amd64)
# No core dump will be written. Minidumps are not enabled by default on client versions of Windows
#

---------------  S U M M A R Y ------------

Command Line: -Dfile.encoding=Cp1252 --module-path=C:\Users\ojtab\Desktop\CS_102\project2\bin -XX:+ShowCodeDetailsInExceptionMessages -Djdk.module.main=project2 project2/project2.NYCStreetTrees

Host: 12th Gen Intel(R) Core(TM) i7-12700KF, 20 cores, 31G,  Windows 11 , 64 bit Build 22000 (10.0.22000.708)
Time: Thu Oct 20 20:41:06 2022 Eastern Daylight Time elapsed time: 0.920839 seconds (0d 0h 0m 0s)

---------------  T H R E A D  ---------------

Current thread (0x000001b1f085f200):  JavaThread "main" [_thread_in_vm, id=15784, stack(0x0000007cde300000,0x0000007cde400000)]

Stack: [0x0000007cde300000,0x0000007cde400000]
Native frames: (J=compiled Java code, j=interpreted, Vv=VM code, C=native code)
V  [jvm.dll+0x67564a]
V  [jvm.dll+0x82fc04]
V  [jvm.dll+0x8313ae]
V  [jvm.dll+0x831a13]
V  [jvm.dll+0x245235]
V  [jvm.dll+0x672539]
V  [jvm.dll+0x666e82]
V  [jvm.dll+0x30401b]
V  [jvm.dll+0x30b566]
V  [jvm.dll+0x35aeeb]
V  [jvm.dll+0x35b514]
V  [jvm.dll+0x35b0c6]
V  [jvm.dll+0x2db4a4]
V  [jvm.dll+0x2d74e6]
V  [jvm.dll+0x608a43]
V  [jvm.dll+0x20fef5]
V  [jvm.dll+0x7f9c86]
V  [jvm.dll+0x38107a]
C  0x000001b18001b92d

Java frames: (J=compiled Java code, j=interpreted, Vv=VM code)
j  java.nio.HeapCharBuffer.<init>(IILjdk/internal/access/foreign/MemorySegmentProxy;)V+6 java.base@17.0.2
j  java.nio.CharBuffer.allocate(I)Ljava/nio/CharBuffer;+16 java.base@17.0.2
j  java.util.Scanner.makeSpace()Z+81 java.base@17.0.2
j  java.util.Scanner.readInput()V+18 java.base@17.0.2
j  java.util.Scanner.next()Ljava/lang/String;+48 java.base@17.0.2
j  project2.CSV.<init>(Ljava/util/Scanner;)V+26 project2
j  project2.NYCStreetTrees.fileToTreeList(Ljava/lang/String;)Lproject2/TreeList;+34 project2
j  project2.NYCStreetTrees.main([Ljava/lang/String;)V+4 project2
v  ~StubRoutines::call_stub

---------------  P R O C E S S  ---------------

Threads class SMR info:
_java_thread_list=0x000001b19b2e1950, length=19, elements={
0x000001b1f085f200, 0x000001b19a82c8d0, 0x000001b19a82ec30, 0x000001b19a8d4420,
0x000001b19a8872c0, 0x000001b19a888320, 0x000001b19a888be0, 0x000001b19a88b450,
0x000001b19a8f5760, 0x000001b19a8b75e0, 0x000001b199bf5e30, 0x000001b19ab40010,
0x000001b19ab79810, 0x000001b19accfbc0, 0x000001b19acd0180, 0x000001b19ac9d260,
0x000001b19ac9d770, 0x000001b19b42e730, 0x000001b19ace0f50
}

Java Threads: ( => current thread )
=>0x000001b1f085f200 JavaThread "main" [_thread_in_vm, id=15784, stack(0x0000007cde300000,0x0000007cde400000)]
  0x000001b19a82c8d0 JavaThread "Reference Handler" daemon [_thread_blocked, id=9316, stack(0x0000007cdea00000,0x0000007cdeb00000)]
  0x000001b19a82ec30 JavaThread "Finalizer" daemon [_thread_blocked, id=16184, stack(0x0000007cdeb00000,0x0000007cdec00000)]
  0x000001b19a8d4420 JavaThread "Signal Dispatcher" daemon [_thread_blocked, id=16952, stack(0x0000007cdec00000,0x0000007cded00000)]
  0x000001b19a8872c0 JavaThread "Attach Listener" daemon [_thread_blocked, id=25588, stack(0x0000007cded00000,0x0000007cdee00000)]
  0x000001b19a888320 JavaThread "Service Thread" daemon [_thread_blocked, id=10148, stack(0x0000007cdee00000,0x0000007cdef00000)]
  0x000001b19a888be0 JavaThread "Monitor Deflation Thread" daemon [_thread_blocked, id=10396, stack(0x0000007cdef00000,0x0000007cdf000000)]
  0x000001b19a88b450 JavaThread "C2 CompilerThread0" daemon [_thread_blocked, id=20980, stack(0x0000007cdf000000,0x0000007cdf100000)]
  0x000001b19a8f5760 JavaThread "C1 CompilerThread0" daemon [_thread_blocked, id=25584, stack(0x0000007cdf100000,0x0000007cdf200000)]
  0x000001b19a8b75e0 JavaThread "Sweeper thread" daemon [_thread_blocked, id=27120, stack(0x0000007cdf200000,0x0000007cdf300000)]
  0x000001b199bf5e30 JavaThread "Common-Cleaner" daemon [_thread_blocked, id=31120, stack(0x0000007cdf300000,0x0000007cdf400000)]
  0x000001b19ab40010 JavaThread "C1 CompilerThread1" daemon [_thread_blocked, id=1648, stack(0x0000007cdf400000,0x0000007cdf500000)]
  0x000001b19ab79810 JavaThread "Notification Thread" daemon [_thread_blocked, id=17940, stack(0x0000007cdf500000,0x0000007cdf600000)]
  0x000001b19accfbc0 JavaThread "C1 CompilerThread2" daemon [_thread_blocked, id=16756, stack(0x0000007cdf700000,0x0000007cdf800000)]
  0x000001b19acd0180 JavaThread "C1 CompilerThread3" daemon [_thread_blocked, id=16708, stack(0x0000007cdf800000,0x0000007cdf900000)]
  0x000001b19ac9d260 JavaThread "C2 CompilerThread1" daemon [_thread_blocked, id=29492, stack(0x0000007ce0400000,0x0000007ce0500000)]
  0x000001b19ac9d770 JavaThread "C2 CompilerThread2" daemon [_thread_blocked, id=11284, stack(0x0000007ce0500000,0x0000007ce0600000)]
  0x000001b19b42e730 JavaThread "C2 CompilerThread3" daemon [_thread_blocked, id=24620, stack(0x0000007ce0600000,0x0000007ce0700000)]
  0x000001b19ace0f50 JavaThread "C2 CompilerThread4" daemon [_thread_blocked, id=13148, stack(0x0000007ce0700000,0x0000007ce0800000)]

Other Threads:
  0x000001b19a8675a0 VMThread "VM Thread" [stack: 0x0000007cde900000,0x0000007cdea00000] [id=29816]
  0x000001b19ab79ce0 WatcherThread [stack: 0x0000007cdf600000,0x0000007cdf700000] [id=7004]
  0x000001b1f08d5220 GCTaskThread "GC Thread#0" [stack: 0x0000007cde400000,0x0000007cde500000] [id=31608]
  0x000001b19ac81430 GCTaskThread "GC Thread#1" [stack: 0x0000007cdf900000,0x0000007cdfa00000] [id=13896]
  0x000001b19ac816e0 GCTaskThread "GC Thread#2" [stack: 0x0000007cdfa00000,0x0000007cdfb00000] [id=25084]
  0x000001b19ac85db0 GCTaskThread "GC Thread#3" [stack: 0x0000007cdfb00000,0x0000007cdfc00000] [id=30780]
  0x000001b19ac86060 GCTaskThread "GC Thread#4" [stack: 0x0000007cdfc00000,0x0000007cdfd00000] [id=28524]
  0x000001b19ac92330 GCTaskThread "GC Thread#5" [stack: 0x0000007cdfd00000,0x0000007cdfe00000] [id=1656]
  0x000001b19ac925e0 GCTaskThread "GC Thread#6" [stack: 0x0000007cdfe00000,0x0000007cdff00000] [id=11892]
  0x000001b19ac948a0 GCTaskThread "GC Thread#7" [stack: 0x0000007cdff00000,0x0000007ce0000000] [id=22332]
  0x000001b19ac94b50 GCTaskThread "GC Thread#8" [stack: 0x0000007ce0000000,0x0000007ce0100000] [id=19412]
  0x000001b19ac95610 GCTaskThread "GC Thread#9" [stack: 0x0000007ce0100000,0x0000007ce0200000] [id=15444]
  0x000001b19ac958c0 GCTaskThread "GC Thread#10" [stack: 0x0000007ce0200000,0x0000007ce0300000] [id=10388]
  0x000001b19ac9cba0 GCTaskThread "GC Thread#11" [stack: 0x0000007ce0300000,0x0000007ce0400000] [id=25816]
  0x000001b19ac9f6d0 GCTaskThread "GC Thread#12" [stack: 0x0000007ce0800000,0x0000007ce0900000] [id=13612]
  0x000001b19b00d1c0 GCTaskThread "GC Thread#13" [stack: 0x0000007ce0900000,0x0000007ce0a00000] [id=19952]
  0x000001b19b3fe7d0 GCTaskThread "GC Thread#14" [stack: 0x0000007ce0a00000,0x0000007ce0b00000] [id=18764]
  0x000001b1f08e69d0 ConcurrentGCThread "G1 Main Marker" [stack: 0x0000007cde500000,0x0000007cde600000] [id=18644]
  0x000001b1f08e73e0 ConcurrentGCThread "G1 Conc#0" [stack: 0x0000007cde600000,0x0000007cde700000] [id=28112]
  0x000001b1f093ec90 ConcurrentGCThread "G1 Refine#0" [stack: 0x0000007cde700000,0x0000007cde800000] [id=22412]
  0x000001b199abfb30 ConcurrentGCThread "G1 Service" [stack: 0x0000007cde800000,0x0000007cde900000] [id=10228]

Threads with active compile tasks:

VM state: not at safepoint (normal execution)

VM Mutex/Monitor currently owned by a thread:  ([mutex/lock_event])
[0x000001b1f085ad20] Heap_lock - owner thread: 0x000001b1f085f200

Heap address: 0x0000000602000000, size: 8160 MB, Compressed Oops mode: Zero based, Oop shift amount: 3

CDS archive(s) not mapped
Compressed class space mapped at: 0x0000000800000000-0x0000000840000000, reserved size: 1073741824
Narrow klass base: 0x0000000800000000, Narrow klass shift: 0, Narrow klass range: 0x40000000

GC Precious Log:
 CPUs: 20 total, 20 available
 Memory: 32627M
 Large Page Support: Disabled
 NUMA Support: Disabled
 Compressed Oops: Enabled (Zero based)
 Heap Region Size: 4M
 Heap Min Capacity: 8M
 Heap Initial Capacity: 512M
 Heap Max Capacity: 8160M
 Pre-touch: Disabled
 Parallel Workers: 15
 Concurrent Workers: 4
 Concurrent Refinement Workers: 15
 Periodic GC: Disabled

Heap:
 garbage-first heap   total 1212416K, used 267353K [0x0000000602000000, 0x0000000800000000)
  region size 4096K, 1 young (4096K), 1 survivors (4096K)
 Metaspace       used 7478K, committed 7680K, reserved 1056768K
  class space    used 654K, committed 768K, reserved 1048576K

Heap Regions: E=young(eden), S=young(survivor), O=old, HS=humongous(starts), HC=humongous(continues), CS=collection set, F=free, OA=open archive, CA=closed archive, TAMS=top-at-mark-start (previous, next)
|   0|0x0000000602000000, 0x0000000602000000, 0x0000000602400000|  0%| F|  |TAMS 0x0000000602000000, 0x0000000602000000| Untracked 
|   1|0x0000000602400000, 0x0000000602400000, 0x0000000602800000|  0%| F|  |TAMS 0x0000000602400000, 0x0000000602400000| Untracked 
|   2|0x0000000602800000, 0x0000000602800000, 0x0000000602c00000|  0%| F|  |TAMS 0x0000000602800000, 0x0000000602800000| Untracked 
|   3|0x0000000602c00000, 0x0000000602c00000, 0x0000000603000000|  0%| F|  |TAMS 0x0000000602c00000, 0x0000000602c00000| Untracked 
|   4|0x0000000603000000, 0x0000000603000000, 0x0000000603400000|  0%| F|  |TAMS 0x0000000603000000, 0x0000000603000000| Untracked 
|   5|0x0000000603400000, 0x0000000603400000, 0x0000000603800000|  0%| F|  |TAMS 0x0000000603400000, 0x0000000603400000| Untracked 
|   6|0x0000000603800000, 0x0000000603800000, 0x0000000603c00000|  0%| F|  |TAMS 0x0000000603800000, 0x0000000603800000| Untracked 
|   7|0x0000000603c00000, 0x0000000603c00000, 0x0000000604000000|  0%| F|  |TAMS 0x0000000603c00000, 0x0000000603c00000| Untracked 
|   8|0x0000000604000000, 0x0000000604000000, 0x0000000604400000|  0%| F|  |TAMS 0x0000000604000000, 0x0000000604000000| Untracked 
|   9|0x0000000604400000, 0x0000000604400000, 0x0000000604800000|  0%| F|  |TAMS 0x0000000604400000, 0x0000000604400000| Untracked 
|  10|0x0000000604800000, 0x0000000604800000, 0x0000000604c00000|  0%| F|  |TAMS 0x0000000604800000, 0x0000000604800000| Untracked 
|  11|0x0000000604c00000, 0x0000000604c00000, 0x0000000605000000|  0%| F|  |TAMS 0x0000000604c00000, 0x0000000604c00000| Untracked 
|  12|0x0000000605000000, 0x0000000605000000, 0x0000000605400000|  0%| F|  |TAMS 0x0000000605000000, 0x0000000605000000| Untracked 
|  13|0x0000000605400000, 0x0000000605400000, 0x0000000605800000|  0%| F|  |TAMS 0x0000000605400000, 0x0000000605400000| Untracked 
|  14|0x0000000605800000, 0x0000000605800000, 0x0000000605c00000|  0%| F|  |TAMS 0x0000000605800000, 0x0000000605800000| Untracked 
|  15|0x0000000605c00000, 0x0000000605c00000, 0x0000000606000000|  0%| F|  |TAMS 0x0000000605c00000, 0x0000000605c00000| Untracked 
|  16|0x0000000606000000, 0x0000000606000000, 0x0000000606400000|  0%| F|  |TAMS 0x0000000606000000, 0x0000000606000000| Untracked 
|  17|0x0000000606400000, 0x0000000606400000, 0x0000000606800000|  0%| F|  |TAMS 0x0000000606400000, 0x0000000606400000| Untracked 
|  18|0x0000000606800000, 0x0000000606800000, 0x0000000606c00000|  0%| F|  |TAMS 0x0000000606800000, 0x0000000606800000| Untracked 
|  19|0x0000000606c00000, 0x0000000606c00000, 0x0000000607000000|  0%| F|  |TAMS 0x0000000606c00000, 0x0000000606c00000| Untracked 
|  20|0x0000000607000000, 0x0000000607000000, 0x0000000607400000|  0%| F|  |TAMS 0x0000000607000000, 0x0000000607000000| Untracked 
|  21|0x0000000607400000, 0x0000000607400000, 0x0000000607800000|  0%| F|  |TAMS 0x0000000607400000, 0x0000000607400000| Untracked 
|  22|0x0000000607800000, 0x0000000607800000, 0x0000000607c00000|  0%| F|  |TAMS 0x0000000607800000, 0x0000000607800000| Untracked 
|  23|0x0000000607c00000, 0x0000000607c00000, 0x0000000608000000|  0%| F|  |TAMS 0x0000000607c00000, 0x0000000607c00000| Untracked 
|  24|0x0000000608000000, 0x0000000608000000, 0x0000000608400000|  0%| F|  |TAMS 0x0000000608000000, 0x0000000608000000| Untracked 
|  25|0x0000000608400000, 0x0000000608400000, 0x0000000608800000|  0%| F|  |TAMS 0x0000000608400000, 0x0000000608400000| Untracked 
|  26|0x0000000608800000, 0x0000000608800000, 0x0000000608c00000|  0%| F|  |TAMS 0x0000000608800000, 0x0000000608800000| Untracked 
|  27|0x0000000608c00000, 0x0000000608c00000, 0x0000000609000000|  0%| F|  |TAMS 0x0000000608c00000, 0x0000000608c00000| Untracked 
|  28|0x0000000609000000, 0x0000000609000000, 0x0000000609400000|  0%| F|  |TAMS 0x0000000609000000, 0x0000000609000000| Untracked 
|  29|0x0000000609400000, 0x0000000609400000, 0x0000000609800000|  0%| F|  |TAMS 0x0000000609400000, 0x0000000609400000| Untracked 
|  30|0x0000000609800000, 0x0000000609800000, 0x0000000609c00000|  0%| F|  |TAMS 0x0000000609800000, 0x0000000609800000| Untracked 
|  31|0x0000000609c00000, 0x0000000609c00000, 0x000000060a000000|  0%| F|  |TAMS 0x0000000609c00000, 0x0000000609c00000| Untracked 
|  32|0x000000060a000000, 0x000000060a000000, 0x000000060a400000|  0%| F|  |TAMS 0x000000060a000000, 0x000000060a000000| Untracked 
|  33|0x000000060a400000, 0x000000060a400000, 0x000000060a800000|  0%| F|  |TAMS 0x000000060a400000, 0x000000060a400000| Untracked 
|  34|0x000000060a800000, 0x000000060a800000, 0x000000060ac00000|  0%| F|  |TAMS 0x000000060a800000, 0x000000060a800000| Untracked 
|  35|0x000000060ac00000, 0x000000060ac00000, 0x000000060b000000|  0%| F|  |TAMS 0x000000060ac00000, 0x000000060ac00000| Untracked 
|  36|0x000000060b000000, 0x000000060b000000, 0x000000060b400000|  0%| F|  |TAMS 0x000000060b000000, 0x000000060b000000| Untracked 
|  37|0x000000060b400000, 0x000000060b400000, 0x000000060b800000|  0%| F|  |TAMS 0x000000060b400000, 0x000000060b400000| Untracked 
|  38|0x000000060b800000, 0x000000060b800000, 0x000000060bc00000|  0%| F|  |TAMS 0x000000060b800000, 0x000000060b800000| Untracked 
|  39|0x000000060bc00000, 0x000000060bc00000, 0x000000060c000000|  0%| F|  |TAMS 0x000000060bc00000, 0x000000060bc00000| Untracked 
|  40|0x000000060c000000, 0x000000060c000000, 0x000000060c400000|  0%| F|  |TAMS 0x000000060c000000, 0x000000060c000000| Untracked 
|  41|0x000000060c400000, 0x000000060c400000, 0x000000060c800000|  0%| F|  |TAMS 0x000000060c400000, 0x000000060c400000| Untracked 
|  42|0x000000060c800000, 0x000000060c800000, 0x000000060cc00000|  0%| F|  |TAMS 0x000000060c800000, 0x000000060c800000| Untracked 
|  43|0x000000060cc00000, 0x000000060cc00000, 0x000000060d000000|  0%| F|  |TAMS 0x000000060cc00000, 0x000000060cc00000| Untracked 
|  44|0x000000060d000000, 0x000000060d000000, 0x000000060d400000|  0%| F|  |TAMS 0x000000060d000000, 0x000000060d000000| Untracked 
|  45|0x000000060d400000, 0x000000060d400000, 0x000000060d800000|  0%| F|  |TAMS 0x000000060d400000, 0x000000060d400000| Untracked 
|  46|0x000000060d800000, 0x000000060d800000, 0x000000060dc00000|  0%| F|  |TAMS 0x000000060d800000, 0x000000060d800000| Untracked 
|  47|0x000000060dc00000, 0x000000060dc00000, 0x000000060e000000|  0%| F|  |TAMS 0x000000060dc00000, 0x000000060dc00000| Untracked 
|  48|0x000000060e000000, 0x000000060e000000, 0x000000060e400000|  0%| F|  |TAMS 0x000000060e000000, 0x000000060e000000| Untracked 
|  49|0x000000060e400000, 0x000000060e400000, 0x000000060e800000|  0%| F|  |TAMS 0x000000060e400000, 0x000000060e400000| Untracked 
|  50|0x000000060e800000, 0x000000060e800000, 0x000000060ec00000|  0%| F|  |TAMS 0x000000060e800000, 0x000000060e800000| Untracked 
|  51|0x000000060ec00000, 0x000000060ec00000, 0x000000060f000000|  0%| F|  |TAMS 0x000000060ec00000, 0x000000060ec00000| Untracked 
|  52|0x000000060f000000, 0x000000060f000000, 0x000000060f400000|  0%| F|  |TAMS 0x000000060f000000, 0x000000060f000000| Untracked 
|  53|0x000000060f400000, 0x000000060f400000, 0x000000060f800000|  0%| F|  |TAMS 0x000000060f400000, 0x000000060f400000| Untracked 
|  54|0x000000060f800000, 0x000000060f800000, 0x000000060fc00000|  0%| F|  |TAMS 0x000000060f800000, 0x000000060f800000| Untracked 
|  55|0x000000060fc00000, 0x000000060fc00000, 0x0000000610000000|  0%| F|  |TAMS 0x000000060fc00000, 0x000000060fc00000| Untracked 
|  56|0x0000000610000000, 0x0000000610000000, 0x0000000610400000|  0%| F|  |TAMS 0x0000000610000000, 0x0000000610000000| Untracked 
|  57|0x0000000610400000, 0x0000000610400000, 0x0000000610800000|  0%| F|  |TAMS 0x0000000610400000, 0x0000000610400000| Untracked 
|  58|0x0000000610800000, 0x0000000610800000, 0x0000000610c00000|  0%| F|  |TAMS 0x0000000610800000, 0x0000000610800000| Untracked 
|  59|0x0000000610c00000, 0x0000000610c00000, 0x0000000611000000|  0%| F|  |TAMS 0x0000000610c00000, 0x0000000610c00000| Untracked 
|  60|0x0000000611000000, 0x0000000611000000, 0x0000000611400000|  0%| F|  |TAMS 0x0000000611000000, 0x0000000611000000| Untracked 
|  61|0x0000000611400000, 0x0000000611400000, 0x0000000611800000|  0%| F|  |TAMS 0x0000000611400000, 0x0000000611400000| Untracked 
|  62|0x0000000611800000, 0x0000000611800000, 0x0000000611c00000|  0%| F|  |TAMS 0x0000000611800000, 0x0000000611800000| Untracked 
|  63|0x0000000611c00000, 0x0000000611c00000, 0x0000000612000000|  0%| F|  |TAMS 0x0000000611c00000, 0x0000000611c00000| Untracked 
|  64|0x0000000612000000, 0x0000000612000000, 0x0000000612400000|  0%| F|  |TAMS 0x0000000612000000, 0x0000000612000000| Untracked 
|  65|0x0000000612400000, 0x0000000612400000, 0x0000000612800000|  0%| F|  |TAMS 0x0000000612400000, 0x0000000612400000| Untracked 
|  66|0x0000000612800000, 0x0000000612800000, 0x0000000612c00000|  0%| F|  |TAMS 0x0000000612800000, 0x0000000612800000| Untracked 
|  67|0x0000000612c00000, 0x0000000612c00000, 0x0000000613000000|  0%| F|  |TAMS 0x0000000612c00000, 0x0000000612c00000| Untracked 
|  68|0x0000000613000000, 0x0000000613000000, 0x0000000613400000|  0%| F|  |TAMS 0x0000000613000000, 0x0000000613000000| Untracked 
|  69|0x0000000613400000, 0x0000000613400000, 0x0000000613800000|  0%| F|  |TAMS 0x0000000613400000, 0x0000000613400000| Untracked 
|  70|0x0000000613800000, 0x0000000613800000, 0x0000000613c00000|  0%| F|  |TAMS 0x0000000613800000, 0x0000000613800000| Untracked 
|  71|0x0000000613c00000, 0x0000000613c00000, 0x0000000614000000|  0%| F|  |TAMS 0x0000000613c00000, 0x0000000613c00000| Untracked 
|  72|0x0000000614000000, 0x0000000614000000, 0x0000000614400000|  0%| F|  |TAMS 0x0000000614000000, 0x0000000614000000| Untracked 
|  73|0x0000000614400000, 0x0000000614400000, 0x0000000614800000|  0%| F|  |TAMS 0x0000000614400000, 0x0000000614400000| Untracked 
|  74|0x0000000614800000, 0x0000000614800000, 0x0000000614c00000|  0%| F|  |TAMS 0x0000000614800000, 0x0000000614800000| Untracked 
|  75|0x0000000614c00000, 0x0000000614c00000, 0x0000000615000000|  0%| F|  |TAMS 0x0000000614c00000, 0x0000000614c00000| Untracked 
|  76|0x0000000615000000, 0x0000000615000000, 0x0000000615400000|  0%| F|  |TAMS 0x0000000615000000, 0x0000000615000000| Untracked 
|  77|0x0000000615400000, 0x0000000615400000, 0x0000000615800000|  0%| F|  |TAMS 0x0000000615400000, 0x0000000615400000| Untracked 
|  78|0x0000000615800000, 0x0000000615800000, 0x0000000615c00000|  0%| F|  |TAMS 0x0000000615800000, 0x0000000615800000| Untracked 
|  79|0x0000000615c00000, 0x0000000615c00000, 0x0000000616000000|  0%| F|  |TAMS 0x0000000615c00000, 0x0000000615c00000| Untracked 
|  80|0x0000000616000000, 0x0000000616000000, 0x0000000616400000|  0%| F|  |TAMS 0x0000000616000000, 0x0000000616000000| Untracked 
|  81|0x0000000616400000, 0x0000000616400000, 0x0000000616800000|  0%| F|  |TAMS 0x0000000616400000, 0x0000000616400000| Untracked 
|  82|0x0000000616800000, 0x0000000616800000, 0x0000000616c00000|  0%| F|  |TAMS 0x0000000616800000, 0x0000000616800000| Untracked 
|  83|0x0000000616c00000, 0x0000000616c00000, 0x0000000617000000|  0%| F|  |TAMS 0x0000000616c00000, 0x0000000616c00000| Untracked 
|  84|0x0000000617000000, 0x0000000617000000, 0x0000000617400000|  0%| F|  |TAMS 0x0000000617000000, 0x0000000617000000| Untracked 
|  85|0x0000000617400000, 0x0000000617400000, 0x0000000617800000|  0%| F|  |TAMS 0x0000000617400000, 0x0000000617400000| Untracked 
|  86|0x0000000617800000, 0x0000000617800000, 0x0000000617c00000|  0%| F|  |TAMS 0x0000000617800000, 0x0000000617800000| Untracked 
|  87|0x0000000617c00000, 0x0000000617c00000, 0x0000000618000000|  0%| F|  |TAMS 0x0000000617c00000, 0x0000000617c00000| Untracked 
|  88|0x0000000618000000, 0x0000000618000000, 0x0000000618400000|  0%| F|  |TAMS 0x0000000618000000, 0x0000000618000000| Untracked 
|  89|0x0000000618400000, 0x0000000618400000, 0x0000000618800000|  0%| F|  |TAMS 0x0000000618400000, 0x0000000618400000| Untracked 
|  90|0x0000000618800000, 0x0000000618800000, 0x0000000618c00000|  0%| F|  |TAMS 0x0000000618800000, 0x0000000618800000| Untracked 
|  91|0x0000000618c00000, 0x0000000618c00000, 0x0000000619000000|  0%| F|  |TAMS 0x0000000618c00000, 0x0000000618c00000| Untracked 
|  92|0x0000000619000000, 0x0000000619000000, 0x0000000619400000|  0%| F|  |TAMS 0x0000000619000000, 0x0000000619000000| Untracked 
|  93|0x0000000619400000, 0x0000000619400000, 0x0000000619800000|  0%| F|  |TAMS 0x0000000619400000, 0x0000000619400000| Untracked 
|  94|0x0000000619800000, 0x0000000619800000, 0x0000000619c00000|  0%| F|  |TAMS 0x0000000619800000, 0x0000000619800000| Untracked 
|  95|0x0000000619c00000, 0x0000000619c00000, 0x000000061a000000|  0%| F|  |TAMS 0x0000000619c00000, 0x0000000619c00000| Untracked 
|  96|0x000000061a000000, 0x000000061a000000, 0x000000061a400000|  0%| F|  |TAMS 0x000000061a000000, 0x000000061a000000| Untracked 
|  97|0x000000061a400000, 0x000000061a400000, 0x000000061a800000|  0%| F|  |TAMS 0x000000061a400000, 0x000000061a400000| Untracked 
|  98|0x000000061a800000, 0x000000061a800000, 0x000000061ac00000|  0%| F|  |TAMS 0x000000061a800000, 0x000000061a800000| Untracked 
|  99|0x000000061ac00000, 0x000000061ac00000, 0x000000061b000000|  0%| F|  |TAMS 0x000000061ac00000, 0x000000061ac00000| Untracked 
| 100|0x000000061b000000, 0x000000061b000000, 0x000000061b400000|  0%| F|  |TAMS 0x000000061b000000, 0x000000061b000000| Untracked 
| 101|0x000000061b400000, 0x000000061b400000, 0x000000061b800000|  0%| F|  |TAMS 0x000000061b400000, 0x000000061b400000| Untracked 
| 102|0x000000061b800000, 0x000000061b800000, 0x000000061bc00000|  0%| F|  |TAMS 0x000000061b800000, 0x000000061b800000| Untracked 
| 103|0x000000061bc00000, 0x000000061bc00000, 0x000000061c000000|  0%| F|  |TAMS 0x000000061bc00000, 0x000000061bc00000| Untracked 
| 104|0x000000061c000000, 0x000000061c000000, 0x000000061c400000|  0%| F|  |TAMS 0x000000061c000000, 0x000000061c000000| Untracked 
| 105|0x000000061c400000, 0x000000061c400000, 0x000000061c800000|  0%| F|  |TAMS 0x000000061c400000, 0x000000061c400000| Untracked 
| 106|0x000000061c800000, 0x000000061c800000, 0x000000061cc00000|  0%| F|  |TAMS 0x000000061c800000, 0x000000061c800000| Untracked 
| 107|0x000000061cc00000, 0x000000061cc00000, 0x000000061d000000|  0%| F|  |TAMS 0x000000061cc00000, 0x000000061cc00000| Untracked 
| 108|0x000000061d000000, 0x000000061d000000, 0x000000061d400000|  0%| F|  |TAMS 0x000000061d000000, 0x000000061d000000| Untracked 
| 109|0x000000061d400000, 0x000000061d400000, 0x000000061d800000|  0%| F|  |TAMS 0x000000061d400000, 0x000000061d400000| Untracked 
| 110|0x000000061d800000, 0x000000061d800000, 0x000000061dc00000|  0%| F|  |TAMS 0x000000061d800000, 0x000000061d800000| Untracked 
| 111|0x000000061dc00000, 0x000000061dc00000, 0x000000061e000000|  0%| F|  |TAMS 0x000000061dc00000, 0x000000061dc00000| Untracked 
| 112|0x000000061e000000, 0x000000061e000000, 0x000000061e400000|  0%| F|  |TAMS 0x000000061e000000, 0x000000061e000000| Untracked 
| 113|0x000000061e400000, 0x000000061e400000, 0x000000061e800000|  0%| F|  |TAMS 0x000000061e400000, 0x000000061e400000| Untracked 
| 114|0x000000061e800000, 0x000000061e800000, 0x000000061ec00000|  0%| F|  |TAMS 0x000000061e800000, 0x000000061e800000| Untracked 
| 115|0x000000061ec00000, 0x000000061ec00000, 0x000000061f000000|  0%| F|  |TAMS 0x000000061ec00000, 0x000000061ec00000| Untracked 
| 116|0x000000061f000000, 0x000000061f000000, 0x000000061f400000|  0%| F|  |TAMS 0x000000061f000000, 0x000000061f000000| Untracked 
| 117|0x000000061f400000, 0x000000061f400000, 0x000000061f800000|  0%| F|  |TAMS 0x000000061f400000, 0x000000061f400000| Untracked 
| 118|0x000000061f800000, 0x000000061f800000, 0x000000061fc00000|  0%| F|  |TAMS 0x000000061f800000, 0x000000061f800000| Untracked 
| 119|0x000000061fc00000, 0x000000061fc00000, 0x0000000620000000|  0%| F|  |TAMS 0x000000061fc00000, 0x000000061fc00000| Untracked 
| 120|0x0000000620000000, 0x0000000620000000, 0x0000000620400000|  0%| F|  |TAMS 0x0000000620000000, 0x0000000620000000| Untracked 
| 121|0x0000000620400000, 0x0000000620400000, 0x0000000620800000|  0%| F|  |TAMS 0x0000000620400000, 0x0000000620400000| Untracked 
| 122|0x0000000620800000, 0x0000000620800000, 0x0000000620c00000|  0%| F|  |TAMS 0x0000000620800000, 0x0000000620800000| Untracked 
| 123|0x0000000620c00000, 0x0000000620c00000, 0x0000000621000000|  0%| F|  |TAMS 0x0000000620c00000, 0x0000000620c00000| Untracked 
| 124|0x0000000621000000, 0x0000000621116760, 0x0000000621400000| 27%| S|CS|TAMS 0x0000000621000000, 0x0000000621000000| Complete 
| 125|0x0000000621400000, 0x0000000621400000, 0x0000000621800000|  0%| F|  |TAMS 0x0000000621400000, 0x0000000621400000| Untracked 
| 126|0x0000000621800000, 0x0000000621800000, 0x0000000621c00000|  0%| F|  |TAMS 0x0000000621800000, 0x0000000621800000| Untracked 
| 127|0x0000000621c00000, 0x0000000622000000, 0x0000000622000000|100%|HS|  |TAMS 0x0000000621c00000, 0x0000000622000000| Complete 
| 128|0x0000000622000000, 0x0000000622400000, 0x0000000622400000|100%|HC|  |TAMS 0x0000000622000000, 0x0000000622400000| Complete 
| 129|0x0000000622400000, 0x0000000622800000, 0x0000000622800000|100%|HC|  |TAMS 0x0000000622400000, 0x0000000622800000| Complete 
| 130|0x0000000622800000, 0x0000000622c00000, 0x0000000622c00000|100%|HC|  |TAMS 0x0000000622800000, 0x0000000622c00000| Complete 
| 131|0x0000000622c00000, 0x0000000623000000, 0x0000000623000000|100%|HC|  |TAMS 0x0000000622c00000, 0x0000000623000000| Complete 
| 132|0x0000000623000000, 0x0000000623400000, 0x0000000623400000|100%|HC|  |TAMS 0x0000000623000000, 0x0000000623400000| Complete 
| 133|0x0000000623400000, 0x0000000623800000, 0x0000000623800000|100%|HC|  |TAMS 0x0000000623400000, 0x0000000623800000| Complete 
| 134|0x0000000623800000, 0x0000000623c00000, 0x0000000623c00000|100%|HC|  |TAMS 0x0000000623800000, 0x0000000623c00000| Complete 
| 135|0x0000000623c00000, 0x0000000624000000, 0x0000000624000000|100%|HC|  |TAMS 0x0000000623c00000, 0x0000000624000000| Complete 
| 136|0x0000000624000000, 0x0000000624400000, 0x0000000624400000|100%|HC|  |TAMS 0x0000000624000000, 0x0000000624400000| Complete 
| 137|0x0000000624400000, 0x0000000624800000, 0x0000000624800000|100%|HC|  |TAMS 0x0000000624400000, 0x0000000624800000| Complete 
| 138|0x0000000624800000, 0x0000000624c00000, 0x0000000624c00000|100%|HC|  |TAMS 0x0000000624800000, 0x0000000624c00000| Complete 
| 139|0x0000000624c00000, 0x0000000625000000, 0x0000000625000000|100%|HC|  |TAMS 0x0000000624c00000, 0x0000000625000000| Complete 
| 140|0x0000000625000000, 0x0000000625400000, 0x0000000625400000|100%|HC|  |TAMS 0x0000000625000000, 0x0000000625400000| Complete 
| 141|0x0000000625400000, 0x0000000625800000, 0x0000000625800000|100%|HC|  |TAMS 0x0000000625400000, 0x0000000625800000| Complete 
| 142|0x0000000625800000, 0x0000000625c00000, 0x0000000625c00000|100%|HC|  |TAMS 0x0000000625800000, 0x0000000625c00000| Complete 
| 143|0x0000000625c00000, 0x0000000626000000, 0x0000000626000000|100%|HC|  |TAMS 0x0000000625c00000, 0x0000000626000000| Complete 
| 144|0x0000000626000000, 0x0000000626400000, 0x0000000626400000|100%|HC|  |TAMS 0x0000000626000000, 0x0000000626400000| Complete 
| 145|0x0000000626400000, 0x0000000626800000, 0x0000000626800000|100%|HC|  |TAMS 0x0000000626400000, 0x0000000626800000| Complete 
| 146|0x0000000626800000, 0x0000000626c00000, 0x0000000626c00000|100%|HC|  |TAMS 0x0000000626800000, 0x0000000626c00000| Complete 
| 147|0x0000000626c00000, 0x0000000627000000, 0x0000000627000000|100%|HC|  |TAMS 0x0000000626c00000, 0x0000000627000000| Complete 
| 148|0x0000000627000000, 0x0000000627400000, 0x0000000627400000|100%|HC|  |TAMS 0x0000000627000000, 0x0000000627400000| Complete 
| 149|0x0000000627400000, 0x0000000627800000, 0x0000000627800000|100%|HC|  |TAMS 0x0000000627400000, 0x0000000627800000| Complete 
| 150|0x0000000627800000, 0x0000000627c00000, 0x0000000627c00000|100%|HC|  |TAMS 0x0000000627800000, 0x0000000627c00000| Complete 
| 151|0x0000000627c00000, 0x0000000628000000, 0x0000000628000000|100%|HC|  |TAMS 0x0000000627c00000, 0x0000000628000000| Complete 
| 152|0x0000000628000000, 0x0000000628400000, 0x0000000628400000|100%|HC|  |TAMS 0x0000000628000000, 0x0000000628400000| Complete 
| 153|0x0000000628400000, 0x0000000628800000, 0x0000000628800000|100%|HC|  |TAMS 0x0000000628400000, 0x0000000628800000| Complete 
| 154|0x0000000628800000, 0x0000000628c00000, 0x0000000628c00000|100%|HC|  |TAMS 0x0000000628800000, 0x0000000628c00000| Complete 
| 155|0x0000000628c00000, 0x0000000629000000, 0x0000000629000000|100%|HC|  |TAMS 0x0000000628c00000, 0x0000000629000000| Complete 
| 156|0x0000000629000000, 0x0000000629400000, 0x0000000629400000|100%|HC|  |TAMS 0x0000000629000000, 0x0000000629400000| Complete 
| 157|0x0000000629400000, 0x0000000629800000, 0x0000000629800000|100%|HC|  |TAMS 0x0000000629400000, 0x0000000629800000| Complete 
| 158|0x0000000629800000, 0x0000000629c00000, 0x0000000629c00000|100%|HC|  |TAMS 0x0000000629800000, 0x0000000629c00000| Complete 
| 159|0x0000000629c00000, 0x000000062a000000, 0x000000062a000000|100%|HC|  |TAMS 0x0000000629c00000, 0x000000062a000000| Complete 
| 160|0x000000062a000000, 0x000000062a400000, 0x000000062a400000|100%|HC|  |TAMS 0x000000062a000000, 0x000000062a400000| Complete 
| 161|0x000000062a400000, 0x000000062a800000, 0x000000062a800000|100%|HC|  |TAMS 0x000000062a400000, 0x000000062a800000| Complete 
| 162|0x000000062a800000, 0x000000062ac00000, 0x000000062ac00000|100%|HC|  |TAMS 0x000000062a800000, 0x000000062ac00000| Complete 
| 163|0x000000062ac00000, 0x000000062b000000, 0x000000062b000000|100%|HC|  |TAMS 0x000000062ac00000, 0x000000062b000000| Complete 
| 164|0x000000062b000000, 0x000000062b400000, 0x000000062b400000|100%|HC|  |TAMS 0x000000062b000000, 0x000000062b400000| Complete 
| 165|0x000000062b400000, 0x000000062b800000, 0x000000062b800000|100%|HC|  |TAMS 0x000000062b400000, 0x000000062b800000| Complete 
| 166|0x000000062b800000, 0x000000062bc00000, 0x000000062bc00000|100%|HC|  |TAMS 0x000000062b800000, 0x000000062bc00000| Complete 
| 167|0x000000062bc00000, 0x000000062c000000, 0x000000062c000000|100%|HC|  |TAMS 0x000000062bc00000, 0x000000062c000000| Complete 
| 168|0x000000062c000000, 0x000000062c400000, 0x000000062c400000|100%|HC|  |TAMS 0x000000062c000000, 0x000000062c400000| Complete 
| 169|0x000000062c400000, 0x000000062c800000, 0x000000062c800000|100%|HC|  |TAMS 0x000000062c400000, 0x000000062c800000| Complete 
| 170|0x000000062c800000, 0x000000062cc00000, 0x000000062cc00000|100%|HC|  |TAMS 0x000000062c800000, 0x000000062cc00000| Complete 
| 171|0x000000062cc00000, 0x000000062d000000, 0x000000062d000000|100%|HC|  |TAMS 0x000000062cc00000, 0x000000062d000000| Complete 
| 172|0x000000062d000000, 0x000000062d400000, 0x000000062d400000|100%|HC|  |TAMS 0x000000062d000000, 0x000000062d400000| Complete 
| 173|0x000000062d400000, 0x000000062d800000, 0x000000062d800000|100%|HC|  |TAMS 0x000000062d400000, 0x000000062d800000| Complete 
| 174|0x000000062d800000, 0x000000062dc00000, 0x000000062dc00000|100%|HC|  |TAMS 0x000000062d800000, 0x000000062dc00000| Complete 
| 175|0x000000062dc00000, 0x000000062e000000, 0x000000062e000000|100%|HC|  |TAMS 0x000000062dc00000, 0x000000062e000000| Complete 
| 176|0x000000062e000000, 0x000000062e400000, 0x000000062e400000|100%|HC|  |TAMS 0x000000062e000000, 0x000000062e400000| Complete 
| 177|0x000000062e400000, 0x000000062e800000, 0x000000062e800000|100%|HC|  |TAMS 0x000000062e400000, 0x000000062e800000| Complete 
| 178|0x000000062e800000, 0x000000062ec00000, 0x000000062ec00000|100%|HC|  |TAMS 0x000000062e800000, 0x000000062ec00000| Complete 
| 179|0x000000062ec00000, 0x000000062f000000, 0x000000062f000000|100%|HC|  |TAMS 0x000000062ec00000, 0x000000062f000000| Complete 
| 180|0x000000062f000000, 0x000000062f400000, 0x000000062f400000|100%|HC|  |TAMS 0x000000062f000000, 0x000000062f400000| Complete 
| 181|0x000000062f400000, 0x000000062f800000, 0x000000062f800000|100%|HC|  |TAMS 0x000000062f400000, 0x000000062f800000| Complete 
| 182|0x000000062f800000, 0x000000062fc00000, 0x000000062fc00000|100%|HC|  |TAMS 0x000000062f800000, 0x000000062fc00000| Complete 
| 183|0x000000062fc00000, 0x0000000630000000, 0x0000000630000000|100%|HC|  |TAMS 0x000000062fc00000, 0x0000000630000000| Complete 
| 184|0x0000000630000000, 0x0000000630400000, 0x0000000630400000|100%|HC|  |TAMS 0x0000000630000000, 0x0000000630400000| Complete 
| 185|0x0000000630400000, 0x0000000630800000, 0x0000000630800000|100%|HC|  |TAMS 0x0000000630400000, 0x0000000630800000| Complete 
| 186|0x0000000630800000, 0x0000000630c00000, 0x0000000630c00000|100%|HC|  |TAMS 0x0000000630800000, 0x0000000630c00000| Complete 
| 187|0x0000000630c00000, 0x0000000631000000, 0x0000000631000000|100%|HC|  |TAMS 0x0000000630c00000, 0x0000000631000000| Complete 
| 188|0x0000000631000000, 0x0000000631400000, 0x0000000631400000|100%|HC|  |TAMS 0x0000000631000000, 0x0000000631400000| Complete 
| 189|0x0000000631400000, 0x0000000631800000, 0x0000000631800000|100%|HC|  |TAMS 0x0000000631400000, 0x0000000631800000| Complete 
| 190|0x0000000631800000, 0x0000000631c00000, 0x0000000631c00000|100%|HC|  |TAMS 0x0000000631800000, 0x0000000631c00000| Complete 
| 191|0x0000000631c00000, 0x0000000632000000, 0x0000000632000000|100%|HC|  |TAMS 0x0000000631c00000, 0x0000000632000000| Complete 
| 192|0x0000000632000000, 0x0000000632000000, 0x0000000632400000|  0%| F|  |TAMS 0x0000000632000000, 0x0000000632000000| Untracked 
| 193|0x0000000632400000, 0x0000000632400000, 0x0000000632800000|  0%| F|  |TAMS 0x0000000632400000, 0x0000000632400000| Untracked 
| 194|0x0000000632800000, 0x0000000632800000, 0x0000000632c00000|  0%| F|  |TAMS 0x0000000632800000, 0x0000000632800000| Untracked 
| 195|0x0000000632c00000, 0x0000000632c00000, 0x0000000633000000|  0%| F|  |TAMS 0x0000000632c00000, 0x0000000632c00000| Untracked 
| 196|0x0000000633000000, 0x0000000633000000, 0x0000000633400000|  0%| F|  |TAMS 0x0000000633000000, 0x0000000633000000| Untracked 
| 197|0x0000000633400000, 0x0000000633400000, 0x0000000633800000|  0%| F|  |TAMS 0x0000000633400000, 0x0000000633400000| Untracked 
| 198|0x0000000633800000, 0x0000000633800000, 0x0000000633c00000|  0%| F|  |TAMS 0x0000000633800000, 0x0000000633800000| Untracked 
| 199|0x0000000633c00000, 0x0000000633c00000, 0x0000000634000000|  0%| F|  |TAMS 0x0000000633c00000, 0x0000000633c00000| Untracked 
| 200|0x0000000634000000, 0x0000000634000000, 0x0000000634400000|  0%| F|  |TAMS 0x0000000634000000, 0x0000000634000000| Untracked 
| 201|0x0000000634400000, 0x0000000634400000, 0x0000000634800000|  0%| F|  |TAMS 0x0000000634400000, 0x0000000634400000| Untracked 
| 202|0x0000000634800000, 0x0000000634800000, 0x0000000634c00000|  0%| F|  |TAMS 0x0000000634800000, 0x0000000634800000| Untracked 
| 203|0x0000000634c00000, 0x0000000634c00000, 0x0000000635000000|  0%| F|  |TAMS 0x0000000634c00000, 0x0000000634c00000| Untracked 
| 204|0x0000000635000000, 0x0000000635000000, 0x0000000635400000|  0%| F|  |TAMS 0x0000000635000000, 0x0000000635000000| Untracked 
| 205|0x0000000635400000, 0x0000000635400000, 0x0000000635800000|  0%| F|  |TAMS 0x0000000635400000, 0x0000000635400000| Untracked 
| 206|0x0000000635800000, 0x0000000635800000, 0x0000000635c00000|  0%| F|  |TAMS 0x0000000635800000, 0x0000000635800000| Untracked 
| 207|0x0000000635c00000, 0x0000000635c00000, 0x0000000636000000|  0%| F|  |TAMS 0x0000000635c00000, 0x0000000635c00000| Untracked 
| 208|0x0000000636000000, 0x0000000636000000, 0x0000000636400000|  0%| F|  |TAMS 0x0000000636000000, 0x0000000636000000| Untracked 
| 209|0x0000000636400000, 0x0000000636400000, 0x0000000636800000|  0%| F|  |TAMS 0x0000000636400000, 0x0000000636400000| Untracked 
| 210|0x0000000636800000, 0x0000000636800000, 0x0000000636c00000|  0%| F|  |TAMS 0x0000000636800000, 0x0000000636800000| Untracked 
| 211|0x0000000636c00000, 0x0000000636c00000, 0x0000000637000000|  0%| F|  |TAMS 0x0000000636c00000, 0x0000000636c00000| Untracked 
| 212|0x0000000637000000, 0x0000000637000000, 0x0000000637400000|  0%| F|  |TAMS 0x0000000637000000, 0x0000000637000000| Untracked 
| 213|0x0000000637400000, 0x0000000637400000, 0x0000000637800000|  0%| F|  |TAMS 0x0000000637400000, 0x0000000637400000| Untracked 
| 214|0x0000000637800000, 0x0000000637800000, 0x0000000637c00000|  0%| F|  |TAMS 0x0000000637800000, 0x0000000637800000| Untracked 
| 215|0x0000000637c00000, 0x0000000637c00000, 0x0000000638000000|  0%| F|  |TAMS 0x0000000637c00000, 0x0000000637c00000| Untracked 
| 216|0x0000000638000000, 0x0000000638000000, 0x0000000638400000|  0%| F|  |TAMS 0x0000000638000000, 0x0000000638000000| Untracked 
| 217|0x0000000638400000, 0x0000000638400000, 0x0000000638800000|  0%| F|  |TAMS 0x0000000638400000, 0x0000000638400000| Untracked 
| 218|0x0000000638800000, 0x0000000638800000, 0x0000000638c00000|  0%| F|  |TAMS 0x0000000638800000, 0x0000000638800000| Untracked 
| 219|0x0000000638c00000, 0x0000000638c00000, 0x0000000639000000|  0%| F|  |TAMS 0x0000000638c00000, 0x0000000638c00000| Untracked 
| 220|0x0000000639000000, 0x0000000639000000, 0x0000000639400000|  0%| F|  |TAMS 0x0000000639000000, 0x0000000639000000| Untracked 
| 221|0x0000000639400000, 0x0000000639400000, 0x0000000639800000|  0%| F|  |TAMS 0x0000000639400000, 0x0000000639400000| Untracked 
| 222|0x0000000639800000, 0x0000000639800000, 0x0000000639c00000|  0%| F|  |TAMS 0x0000000639800000, 0x0000000639800000| Untracked 
| 223|0x0000000639c00000, 0x0000000639c00000, 0x000000063a000000|  0%| F|  |TAMS 0x0000000639c00000, 0x0000000639c00000| Untracked 
| 224|0x000000063a000000, 0x000000063a000000, 0x000000063a400000|  0%| F|  |TAMS 0x000000063a000000, 0x000000063a000000| Untracked 
| 225|0x000000063a400000, 0x000000063a400000, 0x000000063a800000|  0%| F|  |TAMS 0x000000063a400000, 0x000000063a400000| Untracked 
| 226|0x000000063a800000, 0x000000063a800000, 0x000000063ac00000|  0%| F|  |TAMS 0x000000063a800000, 0x000000063a800000| Untracked 
| 227|0x000000063ac00000, 0x000000063ac00000, 0x000000063b000000|  0%| F|  |TAMS 0x000000063ac00000, 0x000000063ac00000| Untracked 
| 228|0x000000063b000000, 0x000000063b000000, 0x000000063b400000|  0%| F|  |TAMS 0x000000063b000000, 0x000000063b000000| Untracked 
| 229|0x000000063b400000, 0x000000063b400000, 0x000000063b800000|  0%| F|  |TAMS 0x000000063b400000, 0x000000063b400000| Untracked 
| 230|0x000000063b800000, 0x000000063b800000, 0x000000063bc00000|  0%| F|  |TAMS 0x000000063b800000, 0x000000063b800000| Untracked 
| 231|0x000000063bc00000, 0x000000063bc00000, 0x000000063c000000|  0%| F|  |TAMS 0x000000063bc00000, 0x000000063bc00000| Untracked 
| 232|0x000000063c000000, 0x000000063c000000, 0x000000063c400000|  0%| F|  |TAMS 0x000000063c000000, 0x000000063c000000| Untracked 
| 233|0x000000063c400000, 0x000000063c400000, 0x000000063c800000|  0%| F|  |TAMS 0x000000063c400000, 0x000000063c400000| Untracked 
| 234|0x000000063c800000, 0x000000063c800000, 0x000000063cc00000|  0%| F|  |TAMS 0x000000063c800000, 0x000000063c800000| Untracked 
| 235|0x000000063cc00000, 0x000000063cc00000, 0x000000063d000000|  0%| F|  |TAMS 0x000000063cc00000, 0x000000063cc00000| Untracked 
| 236|0x000000063d000000, 0x000000063d000000, 0x000000063d400000|  0%| F|  |TAMS 0x000000063d000000, 0x000000063d000000| Untracked 
| 237|0x000000063d400000, 0x000000063d400000, 0x000000063d800000|  0%| F|  |TAMS 0x000000063d400000, 0x000000063d400000| Untracked 
| 238|0x000000063d800000, 0x000000063d800000, 0x000000063dc00000|  0%| F|  |TAMS 0x000000063d800000, 0x000000063d800000| Untracked 
| 239|0x000000063dc00000, 0x000000063dc00000, 0x000000063e000000|  0%| F|  |TAMS 0x000000063dc00000, 0x000000063dc00000| Untracked 
| 240|0x000000063e000000, 0x000000063e000000, 0x000000063e400000|  0%| F|  |TAMS 0x000000063e000000, 0x000000063e000000| Untracked 
| 241|0x000000063e400000, 0x000000063e400000, 0x000000063e800000|  0%| F|  |TAMS 0x000000063e400000, 0x000000063e400000| Untracked 
| 242|0x000000063e800000, 0x000000063e800000, 0x000000063ec00000|  0%| F|  |TAMS 0x000000063e800000, 0x000000063e800000| Untracked 
| 243|0x000000063ec00000, 0x000000063ec00000, 0x000000063f000000|  0%| F|  |TAMS 0x000000063ec00000, 0x000000063ec00000| Untracked 
| 244|0x000000063f000000, 0x000000063f000000, 0x000000063f400000|  0%| F|  |TAMS 0x000000063f000000, 0x000000063f000000| Untracked 
| 245|0x000000063f400000, 0x000000063f400000, 0x000000063f800000|  0%| F|  |TAMS 0x000000063f400000, 0x000000063f400000| Untracked 
| 246|0x000000063f800000, 0x000000063f800000, 0x000000063fc00000|  0%| F|  |TAMS 0x000000063f800000, 0x000000063f800000| Untracked 
| 247|0x000000063fc00000, 0x000000063fc00000, 0x0000000640000000|  0%| F|  |TAMS 0x000000063fc00000, 0x000000063fc00000| Untracked 
| 248|0x0000000640000000, 0x0000000640000000, 0x0000000640400000|  0%| F|  |TAMS 0x0000000640000000, 0x0000000640000000| Untracked 
| 249|0x0000000640400000, 0x0000000640400000, 0x0000000640800000|  0%| F|  |TAMS 0x0000000640400000, 0x0000000640400000| Untracked 
| 250|0x0000000640800000, 0x0000000640800000, 0x0000000640c00000|  0%| F|  |TAMS 0x0000000640800000, 0x0000000640800000| Untracked 
| 251|0x0000000640c00000, 0x0000000640c00000, 0x0000000641000000|  0%| F|  |TAMS 0x0000000640c00000, 0x0000000640c00000| Untracked 
| 252|0x0000000641000000, 0x0000000641000000, 0x0000000641400000|  0%| F|  |TAMS 0x0000000641000000, 0x0000000641000000| Untracked 
| 253|0x0000000641400000, 0x0000000641400000, 0x0000000641800000|  0%| F|  |TAMS 0x0000000641400000, 0x0000000641400000| Untracked 
| 254|0x0000000641800000, 0x0000000641800000, 0x0000000641c00000|  0%| F|  |TAMS 0x0000000641800000, 0x0000000641800000| Untracked 
| 255|0x0000000641c00000, 0x0000000641c00000, 0x0000000642000000|  0%| F|  |TAMS 0x0000000641c00000, 0x0000000641c00000| Untracked 
| 256|0x0000000642000000, 0x0000000642000000, 0x0000000642400000|  0%| F|  |TAMS 0x0000000642000000, 0x0000000642000000| Untracked 
| 257|0x0000000642400000, 0x0000000642400000, 0x0000000642800000|  0%| F|  |TAMS 0x0000000642400000, 0x0000000642400000| Untracked 
| 258|0x0000000642800000, 0x0000000642800000, 0x0000000642c00000|  0%| F|  |TAMS 0x0000000642800000, 0x0000000642800000| Untracked 
| 259|0x0000000642c00000, 0x0000000642c00000, 0x0000000643000000|  0%| F|  |TAMS 0x0000000642c00000, 0x0000000642c00000| Untracked 
| 260|0x0000000643000000, 0x0000000643000000, 0x0000000643400000|  0%| F|  |TAMS 0x0000000643000000, 0x0000000643000000| Untracked 
| 261|0x0000000643400000, 0x0000000643400000, 0x0000000643800000|  0%| F|  |TAMS 0x0000000643400000, 0x0000000643400000| Untracked 
| 262|0x0000000643800000, 0x0000000643800000, 0x0000000643c00000|  0%| F|  |TAMS 0x0000000643800000, 0x0000000643800000| Untracked 
| 263|0x0000000643c00000, 0x0000000643c00000, 0x0000000644000000|  0%| F|  |TAMS 0x0000000643c00000, 0x0000000643c00000| Untracked 
| 264|0x0000000644000000, 0x0000000644000000, 0x0000000644400000|  0%| F|  |TAMS 0x0000000644000000, 0x0000000644000000| Untracked 
| 265|0x0000000644400000, 0x0000000644400000, 0x0000000644800000|  0%| F|  |TAMS 0x0000000644400000, 0x0000000644400000| Untracked 
| 266|0x0000000644800000, 0x0000000644800000, 0x0000000644c00000|  0%| F|  |TAMS 0x0000000644800000, 0x0000000644800000| Untracked 
| 267|0x0000000644c00000, 0x0000000644c00000, 0x0000000645000000|  0%| F|  |TAMS 0x0000000644c00000, 0x0000000644c00000| Untracked 
| 268|0x0000000645000000, 0x0000000645000000, 0x0000000645400000|  0%| F|  |TAMS 0x0000000645000000, 0x0000000645000000| Untracked 
| 269|0x0000000645400000, 0x0000000645400000, 0x0000000645800000|  0%| F|  |TAMS 0x0000000645400000, 0x0000000645400000| Untracked 
| 270|0x0000000645800000, 0x0000000645800000, 0x0000000645c00000|  0%| F|  |TAMS 0x0000000645800000, 0x0000000645800000| Untracked 
| 271|0x0000000645c00000, 0x0000000645c00000, 0x0000000646000000|  0%| F|  |TAMS 0x0000000645c00000, 0x0000000645c00000| Untracked 
| 272|0x0000000646000000, 0x0000000646000000, 0x0000000646400000|  0%| F|  |TAMS 0x0000000646000000, 0x0000000646000000| Untracked 
| 273|0x0000000646400000, 0x0000000646400000, 0x0000000646800000|  0%| F|  |TAMS 0x0000000646400000, 0x0000000646400000| Untracked 
| 274|0x0000000646800000, 0x0000000646800000, 0x0000000646c00000|  0%| F|  |TAMS 0x0000000646800000, 0x0000000646800000| Untracked 
| 275|0x0000000646c00000, 0x0000000646c00000, 0x0000000647000000|  0%| F|  |TAMS 0x0000000646c00000, 0x0000000646c00000| Untracked 
| 276|0x0000000647000000, 0x0000000647000000, 0x0000000647400000|  0%| F|  |TAMS 0x0000000647000000, 0x0000000647000000| Untracked 
| 277|0x0000000647400000, 0x0000000647400000, 0x0000000647800000|  0%| F|  |TAMS 0x0000000647400000, 0x0000000647400000| Untracked 
| 278|0x0000000647800000, 0x0000000647800000, 0x0000000647c00000|  0%| F|  |TAMS 0x0000000647800000, 0x0000000647800000| Untracked 
| 279|0x0000000647c00000, 0x0000000647c00000, 0x0000000648000000|  0%| F|  |TAMS 0x0000000647c00000, 0x0000000647c00000| Untracked 
| 280|0x0000000648000000, 0x0000000648000000, 0x0000000648400000|  0%| F|  |TAMS 0x0000000648000000, 0x0000000648000000| Untracked 
| 281|0x0000000648400000, 0x0000000648400000, 0x0000000648800000|  0%| F|  |TAMS 0x0000000648400000, 0x0000000648400000| Untracked 
| 282|0x0000000648800000, 0x0000000648800000, 0x0000000648c00000|  0%| F|  |TAMS 0x0000000648800000, 0x0000000648800000| Untracked 
| 283|0x0000000648c00000, 0x0000000648c00000, 0x0000000649000000|  0%| F|  |TAMS 0x0000000648c00000, 0x0000000648c00000| Untracked 
| 284|0x0000000649000000, 0x0000000649000000, 0x0000000649400000|  0%| F|  |TAMS 0x0000000649000000, 0x0000000649000000| Untracked 
| 285|0x0000000649400000, 0x0000000649400000, 0x0000000649800000|  0%| F|  |TAMS 0x0000000649400000, 0x0000000649400000| Untracked 
| 286|0x0000000649800000, 0x0000000649800000, 0x0000000649c00000|  0%| F|  |TAMS 0x0000000649800000, 0x0000000649800000| Untracked 
| 287|0x0000000649c00000, 0x0000000649c00000, 0x000000064a000000|  0%| F|  |TAMS 0x0000000649c00000, 0x0000000649c00000| Untracked 
| 288|0x000000064a000000, 0x000000064a000000, 0x000000064a400000|  0%| F|  |TAMS 0x000000064a000000, 0x000000064a000000| Untracked 
| 289|0x000000064a400000, 0x000000064a400000, 0x000000064a800000|  0%| F|  |TAMS 0x000000064a400000, 0x000000064a400000| Untracked 
| 290|0x000000064a800000, 0x000000064a800000, 0x000000064ac00000|  0%| F|  |TAMS 0x000000064a800000, 0x000000064a800000| Untracked 
| 291|0x000000064ac00000, 0x000000064ac00000, 0x000000064b000000|  0%| F|  |TAMS 0x000000064ac00000, 0x000000064ac00000| Untracked 
| 292|0x000000064b000000, 0x000000064b000000, 0x000000064b400000|  0%| F|  |TAMS 0x000000064b000000, 0x000000064b000000| Untracked 
| 293|0x000000064b400000, 0x000000064b400000, 0x000000064b800000|  0%| F|  |TAMS 0x000000064b400000, 0x000000064b400000| Untracked 
| 294|0x000000064b800000, 0x000000064b800000, 0x000000064bc00000|  0%| F|  |TAMS 0x000000064b800000, 0x000000064b800000| Untracked 
| 295|0x000000064bc00000, 0x000000064bc00000, 0x000000064c000000|  0%| F|  |TAMS 0x000000064bc00000, 0x000000064bc00000| Untracked 

Card table byte_map: [0x000001b1f59b0000,0x000001b1f69a0000] _byte_map_base: 0x000001b1f29a0000

Marking Bits (Prev, Next): (CMBitMap*) 0x000001b1f08d5830, (CMBitMap*) 0x000001b1f08d5870
 Prev Bits: [0x000001b1f7990000, 0x000001b1ff910000)
 Next Bits: [0x000001b18f000000, 0x000001b196f80000)

Polling page: 0x000001b1ee810000

Metaspace:

Usage:
  Non-class:      6.66 MB used.
      Class:    654.85 KB used.
       Both:      7.30 MB used.

Virtual space:
  Non-class space:        8.00 MB reserved,       6.75 MB ( 84%) committed,  1 nodes.
      Class space:        1.00 GB reserved,     768.00 KB ( <1%) committed,  1 nodes.
             Both:        1.01 GB reserved,       7.50 MB ( <1%) committed. 

Chunk freelists:
   Non-Class:  1020.00 KB
       Class:  3.25 MB
        Both:  4.24 MB

MaxMetaspaceSize: unlimited
CompressedClassSpaceSize: 1.00 GB
Initial GC threshold: 21.00 MB
Current GC threshold: 21.00 MB
CDS: off
MetaspaceReclaimPolicy: balanced
 - commit_granule_bytes: 65536.
 - commit_granule_words: 8192.
 - virtual_space_node_default_size: 1048576.
 - enlarge_chunks_in_place: 1.
 - new_chunks_are_fully_committed: 0.
 - uncommit_free_chunks: 1.
 - use_allocation_guard: 0.
 - handle_deallocations: 1.


Internal statistics:

num_allocs_failed_limit: 0.
num_arena_births: 12.
num_arena_deaths: 0.
num_vsnodes_births: 2.
num_vsnodes_deaths: 0.
num_space_committed: 120.
num_space_uncommitted: 0.
num_chunks_returned_to_freelist: 0.
num_chunks_taken_from_freelist: 29.
num_chunk_merges: 0.
num_chunk_splits: 12.
num_chunks_enlarged: 6.
num_purges: 0.
num_inconsistent_stats: 0.

CodeHeap 'non-profiled nmethods': size=119168Kb used=193Kb max_used=193Kb free=118974Kb
 bounds [0x000001b187ba0000, 0x000001b187e10000, 0x000001b18f000000]
CodeHeap 'profiled nmethods': size=119104Kb used=494Kb max_used=494Kb free=118609Kb
 bounds [0x000001b180750000, 0x000001b1809c0000, 0x000001b187ba0000]
CodeHeap 'non-nmethods': size=7488Kb used=2803Kb max_used=2833Kb free=4684Kb
 bounds [0x000001b180000000, 0x000001b1802d0000, 0x000001b180750000]
 total_blobs=783 nmethods=388 adapters=305
 compilation: enabled
              stopped_count=0, restarted_count=0
 full_count=0

Compilation events (20 events):
Event: 0.454 Thread 0x000001b19ac9d770 nmethod 374 0x000001b187bc1690 code [0x000001b187bc1840, 0x000001b187bc1f58]
Event: 0.454 Thread 0x000001b19b42e730  378   !   4       sun.nio.ch.IOUtil::read (133 bytes)
Event: 0.454 Thread 0x000001b19ac9d770  382       4       sun.nio.ch.Util::getTemporaryDirectBuffer (55 bytes)
Event: 0.455 Thread 0x000001b19ace0f50 nmethod 379 0x000001b187bc2690 code [0x000001b187bc2820, 0x000001b187bc2ab8]
Event: 0.455 Thread 0x000001b19ace0f50  383   !   4       sun.nio.ch.IOUtil::readIntoNativeBuffer (173 bytes)
Event: 0.456 Thread 0x000001b19ac9d770 nmethod 382 0x000001b187bc2c90 code [0x000001b187bc2e40, 0x000001b187bc3198]
Event: 0.457 Thread 0x000001b19ac9d770  381       4       java.lang.String::decodeASCII (64 bytes)
Event: 0.457 Thread 0x000001b19ace0f50 nmethod 383 0x000001b187bc3690 code [0x000001b187bc3860, 0x000001b187bc3b70]
Event: 0.457 Thread 0x000001b19ac9d770 nmethod 381 0x000001b187bc4090 code [0x000001b187bc4200, 0x000001b187bc4478]
Event: 0.460 Thread 0x000001b19a88b450 nmethod 369 0x000001b187bc4590 code [0x000001b187bc4860, 0x000001b187bc6840]
Event: 0.461 Thread 0x000001b19b42e730 nmethod 378 0x000001b187bc8710 code [0x000001b187bc8940, 0x000001b187bc99e0]
Event: 0.462 Thread 0x000001b19ac9d260 nmethod 368 0x000001b187bcad10 code [0x000001b187bcb020, 0x000001b187bcd2c0]
Event: 0.667 Thread 0x000001b19ace0f50  385   !   4       jdk.internal.misc.ScopedMemoryAccess::copyMemory (31 bytes)
Event: 0.668 Thread 0x000001b19a88b450  386       4       sun.nio.ch.IOUtil::acquireScope (11 bytes)
Event: 0.669 Thread 0x000001b19ac9d770  387       4       java.nio.Buffer$1::acquireScope (41 bytes)
Event: 0.669 Thread 0x000001b19b42e730  388   !   4       sun.nio.ch.IOUtil::releaseScope (31 bytes)
Event: 0.669 Thread 0x000001b19b42e730 nmethod 388 0x000001b187bcf490 code [0x000001b187bcf600, 0x000001b187bcf678]
Event: 0.669 Thread 0x000001b19ac9d770 nmethod 387 0x000001b187bcf790 code [0x000001b187bcf900, 0x000001b187bcf9b8]
Event: 0.669 Thread 0x000001b19a88b450 nmethod 386 0x000001b187bcfa90 code [0x000001b187bcfc00, 0x000001b187bcfc98]
Event: 0.669 Thread 0x000001b19ace0f50 nmethod 385 0x000001b187bcfd90 code [0x000001b187bcff20, 0x000001b187bd02d8]

GC Heap History (6 events):
Event: 0.361 GC heap before
{Heap before GC invocations=0 (full 0):
 garbage-first heap   total 524288K, used 151552K [0x0000000602000000, 0x0000000800000000)
  region size 4096K, 2 young (8192K), 0 survivors (0K)
 Metaspace       used 7475K, committed 7680K, reserved 1056768K
  class space    used 653K, committed 768K, reserved 1048576K
}
Event: 0.363 GC heap after
{Heap after GC invocations=1 (full 0):
 garbage-first heap   total 524288K, used 70894K [0x0000000602000000, 0x0000000800000000)
  region size 4096K, 1 young (4096K), 1 survivors (4096K)
 Metaspace       used 7475K, committed 7680K, reserved 1056768K
  class space    used 653K, committed 768K, reserved 1048576K
}
Event: 0.567 GC heap before
{Heap before GC invocations=1 (full 0):
 garbage-first heap   total 524288K, used 206062K [0x0000000602000000, 0x0000000800000000)
  region size 4096K, 2 young (8192K), 1 survivors (4096K)
 Metaspace       used 7477K, committed 7680K, reserved 1056768K
  class space    used 654K, committed 768K, reserved 1048576K
}
Event: 0.568 GC heap after
{Heap after GC invocations=2 (full 0):
 garbage-first heap   total 524288K, used 136230K [0x0000000602000000, 0x0000000800000000)
  region size 4096K, 1 young (4096K), 1 survivors (4096K)
 Metaspace       used 7477K, committed 7680K, reserved 1056768K
  class space    used 654K, committed 768K, reserved 1048576K
}
Event: 0.917 GC heap before
{Heap before GC invocations=2 (full 0):
 garbage-first heap   total 786432K, used 402470K [0x0000000602000000, 0x0000000800000000)
  region size 4096K, 2 young (8192K), 1 survivors (4096K)
 Metaspace       used 7478K, committed 7680K, reserved 1056768K
  class space    used 654K, committed 768K, reserved 1048576K
}
Event: 0.918 GC heap after
{Heap after GC invocations=3 (full 0):
 garbage-first heap   total 786432K, used 267353K [0x0000000602000000, 0x0000000800000000)
  region size 4096K, 1 young (4096K), 1 survivors (4096K)
 Metaspace       used 7478K, committed 7680K, reserved 1056768K
  class space    used 654K, committed 768K, reserved 1048576K
}

Deoptimization events (20 events):
Event: 0.164 Thread 0x000001b1f085f200 DEOPT PACKING pc=0x000001b1807a28d6 sp=0x0000007cde3fec20
Event: 0.164 Thread 0x000001b1f085f200 DEOPT UNPACKING pc=0x000001b180052b43 sp=0x0000007cde3fe0c0 mode 0
Event: 0.164 Thread 0x000001b1f085f200 DEOPT PACKING pc=0x000001b1807a2dbe sp=0x0000007cde3fec10
Event: 0.164 Thread 0x000001b1f085f200 DEOPT UNPACKING pc=0x000001b180052b43 sp=0x0000007cde3fe0b0 mode 0
Event: 0.164 Thread 0x000001b1f085f200 DEOPT PACKING pc=0x000001b1807a28d6 sp=0x0000007cde3fec20
Event: 0.164 Thread 0x000001b1f085f200 DEOPT UNPACKING pc=0x000001b180052b43 sp=0x0000007cde3fe0c0 mode 0
Event: 0.164 Thread 0x000001b1f085f200 DEOPT PACKING pc=0x000001b1807a2dbe sp=0x0000007cde3fec10
Event: 0.164 Thread 0x000001b1f085f200 DEOPT UNPACKING pc=0x000001b180052b43 sp=0x0000007cde3fe0b0 mode 0
Event: 0.164 Thread 0x000001b1f085f200 DEOPT PACKING pc=0x000001b1807a28d6 sp=0x0000007cde3fec20
Event: 0.164 Thread 0x000001b1f085f200 DEOPT UNPACKING pc=0x000001b180052b43 sp=0x0000007cde3fe0c0 mode 0
Event: 0.164 Thread 0x000001b1f085f200 DEOPT PACKING pc=0x000001b1807a2dbe sp=0x0000007cde3fec10
Event: 0.164 Thread 0x000001b1f085f200 DEOPT UNPACKING pc=0x000001b180052b43 sp=0x0000007cde3fe0b0 mode 0
Event: 0.164 Thread 0x000001b1f085f200 DEOPT PACKING pc=0x000001b1807a28d6 sp=0x0000007cde3fec20
Event: 0.164 Thread 0x000001b1f085f200 DEOPT UNPACKING pc=0x000001b180052b43 sp=0x0000007cde3fe0c0 mode 0
Event: 0.164 Thread 0x000001b1f085f200 DEOPT PACKING pc=0x000001b1807a2dbe sp=0x0000007cde3fec10
Event: 0.164 Thread 0x000001b1f085f200 DEOPT UNPACKING pc=0x000001b180052b43 sp=0x0000007cde3fe0b0 mode 0
Event: 0.164 Thread 0x000001b1f085f200 DEOPT PACKING pc=0x000001b1807a22ff sp=0x0000007cde3fefc0
Event: 0.164 Thread 0x000001b1f085f200 DEOPT UNPACKING pc=0x000001b180052b43 sp=0x0000007cde3fe480 mode 0
Event: 0.169 Thread 0x000001b1f085f200 DEOPT PACKING pc=0x000001b1807a22ff sp=0x0000007cde3fefc0
Event: 0.169 Thread 0x000001b1f085f200 DEOPT UNPACKING pc=0x000001b180052b43 sp=0x0000007cde3fe480 mode 0

Classes unloaded (0 events):
No events

Classes redefined (0 events):
No events

Internal exceptions (1 events):
Event: 0.105 Thread 0x000001b1f085f200 Exception <a 'java/lang/NoSuchMethodError'{0x0000000621d29220}: 'void java.lang.invoke.DirectMethodHandle$Holder.invokeVirtual(java.lang.Object, java.lang.Object)'> (0x0000000621d29220) 
thrown [e:\jenkins\tmp\workspace\build\src\src\hotspot\share\interpreter\linkResolver.cpp, line 766]

VM Operations (8 events):
Event: 0.115 Executing VM operation: HandshakeAllThreads
Event: 0.115 Executing VM operation: HandshakeAllThreads done
Event: 0.361 Executing VM operation: G1TryInitiateConcMark
Event: 0.363 Executing VM operation: G1TryInitiateConcMark done
Event: 0.567 Executing VM operation: G1TryInitiateConcMark
Event: 0.568 Executing VM operation: G1TryInitiateConcMark done
Event: 0.917 Executing VM operation: G1TryInitiateConcMark
Event: 0.918 Executing VM operation: G1TryInitiateConcMark done

Events (20 events):
Event: 0.149 loading class java/math/RoundingMode
Event: 0.149 loading class java/math/RoundingMode done
Event: 0.149 loading class java/util/regex/Pattern$Dollar
Event: 0.149 loading class java/util/regex/Pattern$Dollar done
Event: 0.149 loading class java/nio/charset/CoderResult
Event: 0.149 loading class java/nio/charset/CoderResult done
Event: 0.149 loading class java/nio/channels/spi/AbstractInterruptibleChannel$1
Event: 0.149 loading class sun/nio/ch/Interruptible
Event: 0.149 loading class sun/nio/ch/Interruptible done
Event: 0.149 loading class java/nio/channels/spi/AbstractInterruptibleChannel$1 done
Event: 0.179 Thread 0x000001b19accfbc0 Thread added: 0x000001b19accfbc0
Event: 0.179 Thread 0x000001b19acd0180 Thread added: 0x000001b19acd0180
Event: 0.437 Thread 0x000001b19ac9d260 Thread added: 0x000001b19ac9d260
Event: 0.437 Thread 0x000001b19ac9d770 Thread added: 0x000001b19ac9d770
Event: 0.450 Thread 0x000001b19b42e730 Thread added: 0x000001b19b42e730
Event: 0.450 Thread 0x000001b19ace0f50 Thread added: 0x000001b19ace0f50
Event: 0.450 loading class jdk/internal/misc/ScopedMemoryAccess$Scope
Event: 0.450 loading class jdk/internal/misc/ScopedMemoryAccess$Scope done
Event: 0.668 loading class jdk/internal/misc/ScopedMemoryAccess$Scope$Handle
Event: 0.668 loading class jdk/internal/misc/ScopedMemoryAccess$Scope$Handle done


Dynamic libraries:
0x00007ff674300000 - 0x00007ff67430e000 	C:\Users\ojtab\.p2\pool\plugins\org.eclipse.justj.openjdk.hotspot.jre.full.win32.x86_64_17.0.2.v20220201-1208\jre\bin\javaw.exe
0x00007ffb92260000 - 0x00007ffb92469000 	C:\WINDOWS\SYSTEM32\ntdll.dll
0x00007ffb91900000 - 0x00007ffb919bd000 	C:\WINDOWS\System32\KERNEL32.DLL
0x00007ffb8fbd0000 - 0x00007ffb8ff4b000 	C:\WINDOWS\System32\KERNELBASE.dll
0x00007ffb8ff50000 - 0x00007ffb90061000 	C:\WINDOWS\System32\ucrtbase.dll
0x00007ffb8cc30000 - 0x00007ffb8cc49000 	C:\Users\ojtab\.p2\pool\plugins\org.eclipse.justj.openjdk.hotspot.jre.full.win32.x86_64_17.0.2.v20220201-1208\jre\bin\VCRUNTIME140.dll
0x00007ffb8cc60000 - 0x00007ffb8cc78000 	C:\Users\ojtab\.p2\pool\plugins\org.eclipse.justj.openjdk.hotspot.jre.full.win32.x86_64_17.0.2.v20220201-1208\jre\bin\jli.dll
0x00007ffb91e10000 - 0x00007ffb91fbd000 	C:\WINDOWS\System32\USER32.dll
0x00007ffb8f920000 - 0x00007ffb8f946000 	C:\WINDOWS\System32\win32u.dll
0x00007ffb7e1e0000 - 0x00007ffb7e485000 	C:\WINDOWS\WinSxS\amd64_microsoft.windows.common-controls_6595b64144ccf1df_6.0.22000.120_none_9d947278b86cc467\COMCTL32.dll
0x00007ffb91620000 - 0x00007ffb91649000 	C:\WINDOWS\System32\GDI32.dll
0x00007ffb90ce0000 - 0x00007ffb90d83000 	C:\WINDOWS\System32\msvcrt.dll
0x00007ffb8fab0000 - 0x00007ffb8fbc8000 	C:\WINDOWS\System32\gdi32full.dll
0x00007ffb8fa10000 - 0x00007ffb8faad000 	C:\WINDOWS\System32\msvcp_win.dll
0x00007ffb90ca0000 - 0x00007ffb90cd1000 	C:\WINDOWS\System32\IMM32.DLL
0x00007ffb8cbf0000 - 0x00007ffb8cbfc000 	C:\Users\ojtab\.p2\pool\plugins\org.eclipse.justj.openjdk.hotspot.jre.full.win32.x86_64_17.0.2.v20220201-1208\jre\bin\vcruntime140_1.dll
0x00007ffb7c380000 - 0x00007ffb7c411000 	C:\Users\ojtab\.p2\pool\plugins\org.eclipse.justj.openjdk.hotspot.jre.full.win32.x86_64_17.0.2.v20220201-1208\jre\bin\msvcp140.dll
0x00007ffaee8a0000 - 0x00007ffaef4e7000 	C:\Users\ojtab\.p2\pool\plugins\org.eclipse.justj.openjdk.hotspot.jre.full.win32.x86_64_17.0.2.v20220201-1208\jre\bin\server\jvm.dll
0x00007ffb91720000 - 0x00007ffb917ce000 	C:\WINDOWS\System32\ADVAPI32.dll
0x00007ffb90100000 - 0x00007ffb9019e000 	C:\WINDOWS\System32\sechost.dll
0x00007ffb901a0000 - 0x00007ffb902c0000 	C:\WINDOWS\System32\RPCRT4.dll
0x00007ffb920b0000 - 0x00007ffb920b8000 	C:\WINDOWS\System32\PSAPI.DLL
0x00007ffb61c40000 - 0x00007ffb61c49000 	C:\WINDOWS\SYSTEM32\WSOCK32.dll
0x00007ffb920c0000 - 0x00007ffb9212f000 	C:\WINDOWS\System32\WS2_32.dll
0x00007ffb889c0000 - 0x00007ffb889f3000 	C:\WINDOWS\SYSTEM32\WINMM.dll
0x00007ffb87700000 - 0x00007ffb8770a000 	C:\WINDOWS\SYSTEM32\VERSION.dll
0x00007ffb8e8a0000 - 0x00007ffb8e8b8000 	C:\WINDOWS\SYSTEM32\kernel.appcore.dll
0x00007ffb89ea0000 - 0x00007ffb89eaa000 	C:\Users\ojtab\.p2\pool\plugins\org.eclipse.justj.openjdk.hotspot.jre.full.win32.x86_64_17.0.2.v20220201-1208\jre\bin\jimage.dll
0x00007ffb82ee0000 - 0x00007ffb83101000 	C:\WINDOWS\SYSTEM32\DBGHELP.DLL
0x00007ffb78ef0000 - 0x00007ffb78f21000 	C:\WINDOWS\SYSTEM32\dbgcore.DLL
0x00007ffb8f730000 - 0x00007ffb8f7af000 	C:\WINDOWS\System32\bcryptPrimitives.dll
0x00007ffb83c40000 - 0x00007ffb83c65000 	C:\Users\ojtab\.p2\pool\plugins\org.eclipse.justj.openjdk.hotspot.jre.full.win32.x86_64_17.0.2.v20220201-1208\jre\bin\java.dll
0x00007ffb84950000 - 0x00007ffb84968000 	C:\Users\ojtab\.p2\pool\plugins\org.eclipse.justj.openjdk.hotspot.jre.full.win32.x86_64_17.0.2.v20220201-1208\jre\bin\zip.dll
0x00007ffb90320000 - 0x00007ffb90ad8000 	C:\WINDOWS\System32\SHELL32.dll
0x00007ffb8d830000 - 0x00007ffb8e095000 	C:\WINDOWS\SYSTEM32\windows.storage.dll
0x00007ffb912a0000 - 0x00007ffb91617000 	C:\WINDOWS\System32\combase.dll
0x00007ffb8d6c0000 - 0x00007ffb8d826000 	C:\WINDOWS\SYSTEM32\wintypes.dll
0x00007ffb92130000 - 0x00007ffb9221a000 	C:\WINDOWS\System32\SHCORE.dll
0x00007ffb91c50000 - 0x00007ffb91cad000 	C:\WINDOWS\System32\shlwapi.dll
0x00007ffb8f660000 - 0x00007ffb8f681000 	C:\WINDOWS\SYSTEM32\profapi.dll
0x00007ffb84050000 - 0x00007ffb84069000 	C:\Users\ojtab\.p2\pool\plugins\org.eclipse.justj.openjdk.hotspot.jre.full.win32.x86_64_17.0.2.v20220201-1208\jre\bin\net.dll
0x00007ffb88630000 - 0x00007ffb8873c000 	C:\WINDOWS\SYSTEM32\WINHTTP.dll
0x00007ffb8ed40000 - 0x00007ffb8eda7000 	C:\WINDOWS\system32\mswsock.dll
0x00007ffb83be0000 - 0x00007ffb83bf5000 	C:\Users\ojtab\.p2\pool\plugins\org.eclipse.justj.openjdk.hotspot.jre.full.win32.x86_64_17.0.2.v20220201-1208\jre\bin\nio.dll

dbghelp: loaded successfully - version: 4.0.5 - missing functions: none
symbol engine: initialized successfully - sym options: 0x614 - pdb path: .;C:\Users\ojtab\.p2\pool\plugins\org.eclipse.justj.openjdk.hotspot.jre.full.win32.x86_64_17.0.2.v20220201-1208\jre\bin;C:\WINDOWS\SYSTEM32;C:\WINDOWS\WinSxS\amd64_microsoft.windows.common-controls_6595b64144ccf1df_6.0.22000.120_none_9d947278b86cc467;C:\Users\ojtab\.p2\pool\plugins\org.eclipse.justj.openjdk.hotspot.jre.full.win32.x86_64_17.0.2.v20220201-1208\jre\bin\server

VM Arguments:
jvm_args: -Dfile.encoding=Cp1252 --module-path=C:\Users\ojtab\Desktop\CS_102\project2\bin -XX:+ShowCodeDetailsInExceptionMessages -Djdk.module.main=project2 
java_command: project2/project2.NYCStreetTrees
java_class_path (initial): <not set>
Launcher Type: SUN_STANDARD

[Global flags]
     intx CICompilerCount                          = 12                                        {product} {ergonomic}
     uint ConcGCThreads                            = 4                                         {product} {ergonomic}
     uint G1ConcRefinementThreads                  = 15                                        {product} {ergonomic}
   size_t G1HeapRegionSize                         = 4194304                                   {product} {ergonomic}
    uintx GCDrainStackTargetSize                   = 64                                        {product} {ergonomic}
   size_t InitialHeapSize                          = 536870912                                 {product} {ergonomic}
   size_t MarkStackSize                            = 4194304                                   {product} {ergonomic}
   size_t MaxHeapSize                              = 8556380160                                {product} {ergonomic}
   size_t MaxNewSize                               = 5133828096                                {product} {ergonomic}
   size_t MinHeapDeltaBytes                        = 4194304                                   {product} {ergonomic}
   size_t MinHeapSize                              = 8388608                                   {product} {ergonomic}
    uintx NonNMethodCodeHeapSize                   = 7602480                                {pd product} {ergonomic}
    uintx NonProfiledCodeHeapSize                  = 122027880                              {pd product} {ergonomic}
    uintx ProfiledCodeHeapSize                     = 122027880                              {pd product} {ergonomic}
    uintx ReservedCodeCacheSize                    = 251658240                              {pd product} {ergonomic}
     bool SegmentedCodeCache                       = true                                      {product} {ergonomic}
     bool ShowCodeDetailsInExceptionMessages       = true                                   {manageable} {command line}
   size_t SoftMaxHeapSize                          = 8556380160                             {manageable} {ergonomic}
     bool UseCompressedClassPointers               = true                           {product lp64_product} {ergonomic}
     bool UseCompressedOops                        = true                           {product lp64_product} {ergonomic}
     bool UseG1GC                                  = true                                      {product} {ergonomic}
     bool UseLargePagesIndividualAllocation        = false                                  {pd product} {ergonomic}

Logging:
Log output configuration:
 #0: stdout all=warning uptime,level,tags
 #1: stderr all=off uptime,level,tags

Environment Variables:
JAVA_HOME=C:\Program Files\OpenJDK\openjdk-11.0.15_10
PATH=C:/Users/ojtab/.p2/pool/plugins/org.eclipse.justj.openjdk.hotspot.jre.full.win32.x86_64_17.0.2.v20220201-1208/jre/bin/server;C:/Users/ojtab/.p2/pool/plugins/org.eclipse.justj.openjdk.hotspot.jre.full.win32.x86_64_17.0.2.v20220201-1208/jre/bin;C:\Python310\Scripts\;C:\Python310\;C:\Program Files (x86)\Common Files\Oracle\Java\javapath;C:\Windows\system32;C:\Windows;C:\Windows\System32\Wbem;C:\Windows\System32\WindowsPowerShell\v1.0\;C:\Windows\System32\OpenSSH\;C:\WINDOWS\system32;C:\WINDOWS;C:\WINDOWS\System32\Wbem;C:\WINDOWS\System32\WindowsPowerShell\v1.0\;C:\WINDOWS\System32\OpenSSH\;C:\Program Files (x86)\NVIDIA Corporation\PhysX\Common;C:\Program Files\NVIDIA Corporation\NVIDIA NvDLISR;C:\Program Files\nodejs\;C:\ProgramData\chocolatey\bin;C:\Program Files\OpenJDK\openjdk-11.0.15_10\bin;C:\Users\ojtab\AppData\Local\Microsoft\WindowsApps;C:\Users\ojtab\AppData\Local\Programs\Microsoft VS Code\bin;C:\Users\ojtab\AppData\Roaming\npm;C:\Users\ojtab\AppData\Local\GitHubDesktop\bin;C:\WINDOWS\System32;
USERNAME=ojtab
OS=Windows_NT
PROCESSOR_IDENTIFIER=Intel64 Family 6 Model 151 Stepping 2, GenuineIntel



---------------  S Y S T E M  ---------------

OS:
 Windows 11 , 64 bit Build 22000 (10.0.22000.708)
OS uptime: 6 days 6:13 hours

CPU: total 20 (initial active 20) (10 cores per cpu, 2 threads per core) family 6 model 151 stepping 2 microcode 0x13, cx8, cmov, fxsr, ht, mmx, 3dnowpref, sse, sse2, sse3, ssse3, sse4.1, sse4.2, popcnt, lzcnt, tsc, tscinvbit, avx, avx2, aes, erms, clmul, bmi1, bmi2, adx, sha, fma, vzeroupper, clflush, clflushopt, clwb

Memory: 4k page, system-wide physical 32627M (10482M free)
TotalPageFile size 76417M (AvailPageFile size 6M)
current process WorkingSet (physical memory assigned to process): 578M, peak: 578M
current process commit charge ("private bytes"): 1332M, peak: 1336M

vm_info: OpenJDK 64-Bit Server VM (17.0.2+8) for windows-amd64 JRE (17.0.2+8), built on Jan 20 2022 04:52:34 by "" with MS VC++ 16.7 (VS2019)

END.
